2010-04-19 14-54-27:SELECT [t0].[USER_ID], [t0].[USER_NO], [t0].[USER_NAME], [t0].[PASSWORD], [t0].[STATUS], [t0].[ROLE_ID], [t0].[LAST_LOGIN_IP], [t0].[LAST_LOGIN_DATE], [t0].[CREATE_DATE], [t0].[CREATE_USERID], [t0].[UPDATE_DATE], [t0].[UPDATE_USERID], [t0].[SKIN_ID], [t1].[ROLE_NAME] AS [roleName]
FROM [dbo].[SYS_USER_INFO] AS [t0]
INNER JOIN [dbo].[SYS_ROLE_INFO] AS [t1] ON [t0].[ROLE_ID] = [t1].[ROLE_ID]
WHERE (([t0].[USER_NO] = @p0) AND ([t0].[PASSWORD] = @p1)) OR (([t0].[USER_ID] = @p2) AND ([t0].[PASSWORD] = @p3))
2010-04-19 14-54-29:SELECT A.PARAM_ID,A.PARAM_NO,A.PARAM_NAME,A.PARAM_DESC,A.VALUE1,A.VALUE2,A.VALUE3 FROM SYS_PARAMETER A WHERE 1=1
2010-04-19 14-54-29:SELECT CAT_ID,CAT_DESC,CAT_RATE
                                  FROM PHONE_CAT
                                WHERE 1=1 
2010-04-19 14-54-29:SELECT A.ROOM_ID, A.ROOM_NO, A.ROOM_TYPE,C.CODE_DESC AS ROOM_TYPE_DESC, A.ROOM_RATES, A.STATUS, 
                             A.CREATE_DATE, A.CREATE_USERID, A.ROOM_PHONE, A.ROOM_NOTICE,A.UPDATE_DATE,A.UPDATE_USERID,
                             B.FLOOR_ID, B.FLOOR_NAME, B.STATUS AS FLOOR_STATUS
                             FROM BAS_ROOM_INFO AS A INNER JOIN
                             BAS_FLOOR_INFO AS B ON A.FLOOR_ID = B.FLOOR_ID
                            INNER JOIN SYS_LOOKUP_CODE AS C ON A.ROOM_TYPE=C.CODE_NO AND C.TABLE_NAME='BAS_ROOM_INFO'
                             AND C.COLUMN_NAME='ROOM_TYPE'  AND B.FLOOR_ID=1 ORDER BY ROOM_NO
2010-04-19 14-54-29:SELECT A.ROOM_ID, A.ROOM_NO, A.ROOM_TYPE,C.CODE_DESC AS ROOM_TYPE_DESC, A.ROOM_RATES, A.STATUS, 
                             A.CREATE_DATE, A.CREATE_USERID, A.ROOM_PHONE, A.ROOM_NOTICE,A.UPDATE_DATE,A.UPDATE_USERID,
                             B.FLOOR_ID, B.FLOOR_NAME, B.STATUS AS FLOOR_STATUS
                             FROM BAS_ROOM_INFO AS A INNER JOIN
                             BAS_FLOOR_INFO AS B ON A.FLOOR_ID = B.FLOOR_ID
                            INNER JOIN SYS_LOOKUP_CODE AS C ON A.ROOM_TYPE=C.CODE_NO AND C.TABLE_NAME='BAS_ROOM_INFO'
                             AND C.COLUMN_NAME='ROOM_TYPE'  AND B.FLOOR_ID=3 ORDER BY ROOM_NO
2010-04-19 14-54-29:SELECT A.ROOM_ID, A.ROOM_NO, A.ROOM_TYPE,C.CODE_DESC AS ROOM_TYPE_DESC, A.ROOM_RATES, A.STATUS, 
                             A.CREATE_DATE, A.CREATE_USERID, A.ROOM_PHONE, A.ROOM_NOTICE,A.UPDATE_DATE,A.UPDATE_USERID,
                             B.FLOOR_ID, B.FLOOR_NAME, B.STATUS AS FLOOR_STATUS
                             FROM BAS_ROOM_INFO AS A INNER JOIN
                             BAS_FLOOR_INFO AS B ON A.FLOOR_ID = B.FLOOR_ID
                            INNER JOIN SYS_LOOKUP_CODE AS C ON A.ROOM_TYPE=C.CODE_NO AND C.TABLE_NAME='BAS_ROOM_INFO'
                             AND C.COLUMN_NAME='ROOM_TYPE'  AND B.FLOOR_ID=4 ORDER BY ROOM_NO
2010-04-19 14-54-29:SELECT A.ROOM_ID, A.ROOM_NO, A.ROOM_TYPE,C.CODE_DESC AS ROOM_TYPE_DESC, A.ROOM_RATES, A.STATUS, 
                             A.CREATE_DATE, A.CREATE_USERID, A.ROOM_PHONE, A.ROOM_NOTICE,A.UPDATE_DATE,A.UPDATE_USERID,
                             B.FLOOR_ID, B.FLOOR_NAME, B.STATUS AS FLOOR_STATUS
                             FROM BAS_ROOM_INFO AS A INNER JOIN
                             BAS_FLOOR_INFO AS B ON A.FLOOR_ID = B.FLOOR_ID
                            INNER JOIN SYS_LOOKUP_CODE AS C ON A.ROOM_TYPE=C.CODE_NO AND C.TABLE_NAME='BAS_ROOM_INFO'
                             AND C.COLUMN_NAME='ROOM_TYPE'  AND B.FLOOR_ID=5 ORDER BY ROOM_NO
2010-04-19 14-54-29:SELECT A.ROOM_ID, A.ROOM_NO, A.ROOM_TYPE,C.CODE_DESC AS ROOM_TYPE_DESC, A.ROOM_RATES, A.STATUS, 
                             A.CREATE_DATE, A.CREATE_USERID, A.ROOM_PHONE, A.ROOM_NOTICE,A.UPDATE_DATE,A.UPDATE_USERID,
                             B.FLOOR_ID, B.FLOOR_NAME, B.STATUS AS FLOOR_STATUS
                             FROM BAS_ROOM_INFO AS A INNER JOIN
                             BAS_FLOOR_INFO AS B ON A.FLOOR_ID = B.FLOOR_ID
                            INNER JOIN SYS_LOOKUP_CODE AS C ON A.ROOM_TYPE=C.CODE_NO AND C.TABLE_NAME='BAS_ROOM_INFO'
                             AND C.COLUMN_NAME='ROOM_TYPE'  AND B.FLOOR_ID=6 ORDER BY ROOM_NO
2010-04-19 14-54-29:SELECT A.ROOM_ID, A.ROOM_NO, A.ROOM_TYPE,C.CODE_DESC AS ROOM_TYPE_DESC, A.ROOM_RATES, A.STATUS, 
                             A.CREATE_DATE, A.CREATE_USERID, A.ROOM_PHONE, A.ROOM_NOTICE,A.UPDATE_DATE,A.UPDATE_USERID,
                             B.FLOOR_ID, B.FLOOR_NAME, B.STATUS AS FLOOR_STATUS
                             FROM BAS_ROOM_INFO AS A INNER JOIN
                             BAS_FLOOR_INFO AS B ON A.FLOOR_ID = B.FLOOR_ID
                            INNER JOIN SYS_LOOKUP_CODE AS C ON A.ROOM_TYPE=C.CODE_NO AND C.TABLE_NAME='BAS_ROOM_INFO'
                             AND C.COLUMN_NAME='ROOM_TYPE'  AND B.FLOOR_ID=7 ORDER BY ROOM_NO
2010-04-19 14-54-29:SELECT A.ROOM_ID, A.ROOM_NO, A.ROOM_TYPE,C.CODE_DESC AS ROOM_TYPE_DESC, A.ROOM_RATES, A.STATUS, 
                             A.CREATE_DATE, A.CREATE_USERID, A.ROOM_PHONE, A.ROOM_NOTICE,A.UPDATE_DATE,A.UPDATE_USERID,
                             B.FLOOR_ID, B.FLOOR_NAME, B.STATUS AS FLOOR_STATUS
                             FROM BAS_ROOM_INFO AS A INNER JOIN
                             BAS_FLOOR_INFO AS B ON A.FLOOR_ID = B.FLOOR_ID
                            INNER JOIN SYS_LOOKUP_CODE AS C ON A.ROOM_TYPE=C.CODE_NO AND C.TABLE_NAME='BAS_ROOM_INFO'
                             AND C.COLUMN_NAME='ROOM_TYPE'  AND B.FLOOR_ID=8 ORDER BY ROOM_NO
2010-04-19 14-54-29:SELECT A.ROOM_ID, A.ROOM_NO, A.ROOM_TYPE,C.CODE_DESC AS ROOM_TYPE_DESC, A.ROOM_RATES, A.STATUS, 
                             A.CREATE_DATE, A.CREATE_USERID, A.ROOM_PHONE, A.ROOM_NOTICE,A.UPDATE_DATE,A.UPDATE_USERID,
                             B.FLOOR_ID, B.FLOOR_NAME, B.STATUS AS FLOOR_STATUS
                             FROM BAS_ROOM_INFO AS A INNER JOIN
                             BAS_FLOOR_INFO AS B ON A.FLOOR_ID = B.FLOOR_ID
                            INNER JOIN SYS_LOOKUP_CODE AS C ON A.ROOM_TYPE=C.CODE_NO AND C.TABLE_NAME='BAS_ROOM_INFO'
                             AND C.COLUMN_NAME='ROOM_TYPE'  ORDER BY ROOM_NO
2010-04-19 14-54-31:SELECT A.CODE_ID,A.CODE_NO,A.TABLE_NAME,A.COLUMN_NAME,A.CODE_DESC FROM SYS_LOOKUP_CODE A WHERE 1=1 AND A.TABLE_NAME='CUSTOMER_STAY_INFO' AND A.COLUMN_NAME='PAY_TYPE'
2010-04-19 14-54-32:SELECT A.STAY_ID,A.STAY_NO, A.ROOM_ID, A.MAIN_ROOM_ID, A.ROOM_STAY_TYPE,
                      A.START_DATE, A.END_DATE,A.HOURS, A.DEPOSIT, A.ROOM_RATES AS CURRENT_RATE,A.PAID_MONEY, A.PAY_TYPE, A.STATUS, A.TOTAL_MONEY, 
                      A.NOTICE, A.CREATE_DATE, A.CREATE_USERID,F.USER_NAME AS CREATE_USER_NAME,G.USER_NAME AS UPDATE_USER_NAME, A.UPDATE_DATE, 
                      A.UPDATE_USERID, B.CUSTOMER_ID, B.ID_CARD, B.NAME, B.SEX, B.NATION, 
                      B.BIRTHDAY, B.ADDRESS, B.COMPANY, B.PHONE, B.PICTURE, B.TYPE, E.STAY_TYPE,E.HIS_STATUS,E.HIS_ID,
                        E.START_TIME,E.END_TIME,
                      C.ROOM_NO, C.ROOM_TYPE, C.ROOM_RATES AS DEFAULT_RATE, C.ROOM_NOTICE,
                      C.ROOM_PHONE, C.STATUS AS ROOM_STATUS, C.FLOOR_ID,D.FLOOR_NAME
                     FROM CUSTOMER_STAY_INFO AS A INNER JOIN
                      CUSTOMER_STAY_HIS E ON A.STAY_ID =E.STAY_ID AND E.HIS_STATUS='O' INNER JOIN
                      CUSTOMER_INFO AS B ON E.CUSTOMER_ID = B.CUSTOMER_ID  INNER JOIN
                      BAS_ROOM_INFO AS C ON A.ROOM_ID = C.ROOM_ID INNER JOIN
                       SYS_USER_INFO AS F ON A.CREATE_USERID = F.USER_ID INNER JOIN
                    SYS_USER_INFO AS G ON A.UPDATE_USERID = G.USER_ID INNER JOIN
                      BAS_FLOOR_INFO AS D ON C.FLOOR_ID = D.FLOOR_ID WHERE 1=1 AND A.UPDATE_DATE BETWEEN '2010-04-19 00:00:00' AND '2010-04-19 23:00:00' AND A.STATUS='O'
2010-04-19 14-54-33:SELECT A.PRINT_ID, A.PRINT_NAME, A.PRINT_NO,A.START_X,A.START_Y,A.TABLE_ALIGN, 
                              A.LAND_SCAPE,B.PRINT_DETAIL_ID, 
                              B.CONTENT_DESC, B.FONT_SIZE, B.FONT_COLOR, 
                              B.FONT_BOLD, B.FONT_UNDER_LINE, B.ALIGN, B.SITE_X, B.SITE_Y, B.BIND_VALUE, B.VALUE_TYPE,
                              B.CREATE_DATE, B.CREATE_USERID
                        FROM PRINT_HEADER AS A INNER JOIN
                              PRINT_DETAIL AS B ON A.PRINT_ID = B.PRINT_ID AND A.PRINT_NO='FormInComeRpt'
2010-04-19 14-54-39:SELECT A.PRINT_ID, A.PRINT_NAME, A.PRINT_NO,A.START_X,A.START_Y,A.TABLE_ALIGN, 
                              A.LAND_SCAPE,B.PRINT_DETAIL_ID, 
                              B.CONTENT_DESC, B.FONT_SIZE, B.FONT_COLOR, 
                              B.FONT_BOLD, B.FONT_UNDER_LINE, B.ALIGN, B.SITE_X, B.SITE_Y, B.BIND_VALUE, B.VALUE_TYPE,
                              B.CREATE_DATE, B.CREATE_USERID
                        FROM PRINT_HEADER AS A INNER JOIN
                              PRINT_DETAIL AS B ON A.PRINT_ID = B.PRINT_ID AND A.PRINT_NO='FormInComeRpt'
2010-04-19 14-58-23:SELECT [t0].[USER_ID], [t0].[USER_NO], [t0].[USER_NAME], [t0].[PASSWORD], [t0].[STATUS], [t0].[ROLE_ID], [t0].[LAST_LOGIN_IP], [t0].[LAST_LOGIN_DATE], [t0].[CREATE_DATE], [t0].[CREATE_USERID], [t0].[UPDATE_DATE], [t0].[UPDATE_USERID], [t0].[SKIN_ID], [t1].[ROLE_NAME] AS [roleName]
FROM [dbo].[SYS_USER_INFO] AS [t0]
INNER JOIN [dbo].[SYS_ROLE_INFO] AS [t1] ON [t0].[ROLE_ID] = [t1].[ROLE_ID]
WHERE (([t0].[USER_NO] = @p0) AND ([t0].[PASSWORD] = @p1)) OR (([t0].[USER_ID] = @p2) AND ([t0].[PASSWORD] = @p3))
2010-04-19 14-58-25:SELECT A.PARAM_ID,A.PARAM_NO,A.PARAM_NAME,A.PARAM_DESC,A.VALUE1,A.VALUE2,A.VALUE3 FROM SYS_PARAMETER A WHERE 1=1
2010-04-19 14-58-25:SELECT CAT_ID,CAT_DESC,CAT_RATE
                                  FROM PHONE_CAT
                                WHERE 1=1 
2010-04-19 14-58-25:SELECT A.ROOM_ID, A.ROOM_NO, A.ROOM_TYPE,C.CODE_DESC AS ROOM_TYPE_DESC, A.ROOM_RATES, A.STATUS, 
                             A.CREATE_DATE, A.CREATE_USERID, A.ROOM_PHONE, A.ROOM_NOTICE,A.UPDATE_DATE,A.UPDATE_USERID,
                             B.FLOOR_ID, B.FLOOR_NAME, B.STATUS AS FLOOR_STATUS
                             FROM BAS_ROOM_INFO AS A INNER JOIN
                             BAS_FLOOR_INFO AS B ON A.FLOOR_ID = B.FLOOR_ID
                            INNER JOIN SYS_LOOKUP_CODE AS C ON A.ROOM_TYPE=C.CODE_NO AND C.TABLE_NAME='BAS_ROOM_INFO'
                             AND C.COLUMN_NAME='ROOM_TYPE'  AND B.FLOOR_ID=1 ORDER BY ROOM_NO
2010-04-19 14-58-25:SELECT A.ROOM_ID, A.ROOM_NO, A.ROOM_TYPE,C.CODE_DESC AS ROOM_TYPE_DESC, A.ROOM_RATES, A.STATUS, 
                             A.CREATE_DATE, A.CREATE_USERID, A.ROOM_PHONE, A.ROOM_NOTICE,A.UPDATE_DATE,A.UPDATE_USERID,
                             B.FLOOR_ID, B.FLOOR_NAME, B.STATUS AS FLOOR_STATUS
                             FROM BAS_ROOM_INFO AS A INNER JOIN
                             BAS_FLOOR_INFO AS B ON A.FLOOR_ID = B.FLOOR_ID
                            INNER JOIN SYS_LOOKUP_CODE AS C ON A.ROOM_TYPE=C.CODE_NO AND C.TABLE_NAME='BAS_ROOM_INFO'
                             AND C.COLUMN_NAME='ROOM_TYPE'  AND B.FLOOR_ID=3 ORDER BY ROOM_NO
2010-04-19 14-58-25:SELECT A.ROOM_ID, A.ROOM_NO, A.ROOM_TYPE,C.CODE_DESC AS ROOM_TYPE_DESC, A.ROOM_RATES, A.STATUS, 
                             A.CREATE_DATE, A.CREATE_USERID, A.ROOM_PHONE, A.ROOM_NOTICE,A.UPDATE_DATE,A.UPDATE_USERID,
                             B.FLOOR_ID, B.FLOOR_NAME, B.STATUS AS FLOOR_STATUS
                             FROM BAS_ROOM_INFO AS A INNER JOIN
                             BAS_FLOOR_INFO AS B ON A.FLOOR_ID = B.FLOOR_ID
                            INNER JOIN SYS_LOOKUP_CODE AS C ON A.ROOM_TYPE=C.CODE_NO AND C.TABLE_NAME='BAS_ROOM_INFO'
                             AND C.COLUMN_NAME='ROOM_TYPE'  AND B.FLOOR_ID=4 ORDER BY ROOM_NO
2010-04-19 14-58-25:SELECT A.ROOM_ID, A.ROOM_NO, A.ROOM_TYPE,C.CODE_DESC AS ROOM_TYPE_DESC, A.ROOM_RATES, A.STATUS, 
                             A.CREATE_DATE, A.CREATE_USERID, A.ROOM_PHONE, A.ROOM_NOTICE,A.UPDATE_DATE,A.UPDATE_USERID,
                             B.FLOOR_ID, B.FLOOR_NAME, B.STATUS AS FLOOR_STATUS
                             FROM BAS_ROOM_INFO AS A INNER JOIN
                             BAS_FLOOR_INFO AS B ON A.FLOOR_ID = B.FLOOR_ID
                            INNER JOIN SYS_LOOKUP_CODE AS C ON A.ROOM_TYPE=C.CODE_NO AND C.TABLE_NAME='BAS_ROOM_INFO'
                             AND C.COLUMN_NAME='ROOM_TYPE'  AND B.FLOOR_ID=5 ORDER BY ROOM_NO
2010-04-19 14-58-25:SELECT A.ROOM_ID, A.ROOM_NO, A.ROOM_TYPE,C.CODE_DESC AS ROOM_TYPE_DESC, A.ROOM_RATES, A.STATUS, 
                             A.CREATE_DATE, A.CREATE_USERID, A.ROOM_PHONE, A.ROOM_NOTICE,A.UPDATE_DATE,A.UPDATE_USERID,
                             B.FLOOR_ID, B.FLOOR_NAME, B.STATUS AS FLOOR_STATUS
                             FROM BAS_ROOM_INFO AS A INNER JOIN
                             BAS_FLOOR_INFO AS B ON A.FLOOR_ID = B.FLOOR_ID
                            INNER JOIN SYS_LOOKUP_CODE AS C ON A.ROOM_TYPE=C.CODE_NO AND C.TABLE_NAME='BAS_ROOM_INFO'
                             AND C.COLUMN_NAME='ROOM_TYPE'  AND B.FLOOR_ID=6 ORDER BY ROOM_NO
2010-04-19 14-58-25:SELECT A.ROOM_ID, A.ROOM_NO, A.ROOM_TYPE,C.CODE_DESC AS ROOM_TYPE_DESC, A.ROOM_RATES, A.STATUS, 
                             A.CREATE_DATE, A.CREATE_USERID, A.ROOM_PHONE, A.ROOM_NOTICE,A.UPDATE_DATE,A.UPDATE_USERID,
                             B.FLOOR_ID, B.FLOOR_NAME, B.STATUS AS FLOOR_STATUS
                             FROM BAS_ROOM_INFO AS A INNER JOIN
                             BAS_FLOOR_INFO AS B ON A.FLOOR_ID = B.FLOOR_ID
                            INNER JOIN SYS_LOOKUP_CODE AS C ON A.ROOM_TYPE=C.CODE_NO AND C.TABLE_NAME='BAS_ROOM_INFO'
                             AND C.COLUMN_NAME='ROOM_TYPE'  AND B.FLOOR_ID=7 ORDER BY ROOM_NO
2010-04-19 14-58-25:SELECT A.ROOM_ID, A.ROOM_NO, A.ROOM_TYPE,C.CODE_DESC AS ROOM_TYPE_DESC, A.ROOM_RATES, A.STATUS, 
                             A.CREATE_DATE, A.CREATE_USERID, A.ROOM_PHONE, A.ROOM_NOTICE,A.UPDATE_DATE,A.UPDATE_USERID,
                             B.FLOOR_ID, B.FLOOR_NAME, B.STATUS AS FLOOR_STATUS
                             FROM BAS_ROOM_INFO AS A INNER JOIN
                             BAS_FLOOR_INFO AS B ON A.FLOOR_ID = B.FLOOR_ID
                            INNER JOIN SYS_LOOKUP_CODE AS C ON A.ROOM_TYPE=C.CODE_NO AND C.TABLE_NAME='BAS_ROOM_INFO'
                             AND C.COLUMN_NAME='ROOM_TYPE'  AND B.FLOOR_ID=8 ORDER BY ROOM_NO
2010-04-19 14-58-25:SELECT A.ROOM_ID, A.ROOM_NO, A.ROOM_TYPE,C.CODE_DESC AS ROOM_TYPE_DESC, A.ROOM_RATES, A.STATUS, 
                             A.CREATE_DATE, A.CREATE_USERID, A.ROOM_PHONE, A.ROOM_NOTICE,A.UPDATE_DATE,A.UPDATE_USERID,
                             B.FLOOR_ID, B.FLOOR_NAME, B.STATUS AS FLOOR_STATUS
                             FROM BAS_ROOM_INFO AS A INNER JOIN
                             BAS_FLOOR_INFO AS B ON A.FLOOR_ID = B.FLOOR_ID
                            INNER JOIN SYS_LOOKUP_CODE AS C ON A.ROOM_TYPE=C.CODE_NO AND C.TABLE_NAME='BAS_ROOM_INFO'
                             AND C.COLUMN_NAME='ROOM_TYPE'  ORDER BY ROOM_NO
2010-04-19 14-58-27:SELECT A.CODE_ID,A.CODE_NO,A.TABLE_NAME,A.COLUMN_NAME,A.CODE_DESC FROM SYS_LOOKUP_CODE A WHERE 1=1 AND A.TABLE_NAME='CUSTOMER_STAY_INFO' AND A.COLUMN_NAME='PAY_TYPE'
2010-04-19 14-58-28:SELECT A.STAY_ID,A.STAY_NO, A.ROOM_ID, A.MAIN_ROOM_ID, A.ROOM_STAY_TYPE,
                      A.START_DATE, A.END_DATE,A.HOURS, A.DEPOSIT, A.ROOM_RATES AS CURRENT_RATE,A.PAID_MONEY, A.PAY_TYPE, A.STATUS, A.TOTAL_MONEY, 
                      A.NOTICE, A.CREATE_DATE, A.CREATE_USERID,F.USER_NAME AS CREATE_USER_NAME,G.USER_NAME AS UPDATE_USER_NAME, A.UPDATE_DATE, 
                      A.UPDATE_USERID, B.CUSTOMER_ID, B.ID_CARD, B.NAME, B.SEX, B.NATION, 
                      B.BIRTHDAY, B.ADDRESS, B.COMPANY, B.PHONE, B.PICTURE, B.TYPE, E.STAY_TYPE,E.HIS_STATUS,E.HIS_ID,
                        E.START_TIME,E.END_TIME,
                      C.ROOM_NO, C.ROOM_TYPE, C.ROOM_RATES AS DEFAULT_RATE, C.ROOM_NOTICE,
                      C.ROOM_PHONE, C.STATUS AS ROOM_STATUS, C.FLOOR_ID,D.FLOOR_NAME
                     FROM CUSTOMER_STAY_INFO AS A INNER JOIN
                      CUSTOMER_STAY_HIS E ON A.STAY_ID =E.STAY_ID AND E.HIS_STATUS='O' INNER JOIN
                      CUSTOMER_INFO AS B ON E.CUSTOMER_ID = B.CUSTOMER_ID  INNER JOIN
                      BAS_ROOM_INFO AS C ON A.ROOM_ID = C.ROOM_ID INNER JOIN
                       SYS_USER_INFO AS F ON A.CREATE_USERID = F.USER_ID INNER JOIN
                    SYS_USER_INFO AS G ON A.UPDATE_USERID = G.USER_ID INNER JOIN
                      BAS_FLOOR_INFO AS D ON C.FLOOR_ID = D.FLOOR_ID WHERE 1=1 AND A.UPDATE_DATE BETWEEN '2010-04-19 00:00:00' AND '2010-04-19 23:00:00' AND A.STATUS='O'
2010-04-19 14-58-29:SELECT A.PRINT_ID, A.PRINT_NAME, A.PRINT_NO,A.START_X,A.START_Y,A.TABLE_ALIGN, 
                              A.LAND_SCAPE,B.PRINT_DETAIL_ID, 
                              B.CONTENT_DESC, B.FONT_SIZE, B.FONT_COLOR, 
                              B.FONT_BOLD, B.FONT_UNDER_LINE, B.ALIGN, B.SITE_X, B.SITE_Y, B.BIND_VALUE, B.VALUE_TYPE,
                              B.CREATE_DATE, B.CREATE_USERID
                        FROM PRINT_HEADER AS A INNER JOIN
                              PRINT_DETAIL AS B ON A.PRINT_ID = B.PRINT_ID AND A.PRINT_NO='FormInComeRpt'
2010-04-19 14-58-36:SELECT CONVERT(varchar(100), GETDATE(), 20)
2010-04-19 14-58-36:SELECT CAT_ID,CAT_DESC,CAT_RATE
                                  FROM PHONE_CAT
                                WHERE 1=1 
2010-04-19 14-58-36:SELECT A.STAY_ID,A.STAY_NO, A.ROOM_ID, A.MAIN_ROOM_ID, A.ROOM_STAY_TYPE,
                      A.START_DATE, A.END_DATE,A.HOURS, A.DEPOSIT, A.ROOM_RATES AS CURRENT_RATE,A.PAID_MONEY, A.PAY_TYPE,A.TOTAL_MONEY, A.STATUS, 
                      A.NOTICE, A.CREATE_DATE, A.CREATE_USERID,F.USER_NAME AS CREATE_USER_NAME,G.USER_NAME AS UPDATE_USER_NAME, A.UPDATE_DATE, 
                      A.UPDATE_USERID, B.CUSTOMER_ID, B.ID_CARD, B.NAME, B.SEX, B.NATION, 
                      B.BIRTHDAY, B.ADDRESS, B.COMPANY, B.PHONE, B.PICTURE, B.TYPE, E.STAY_TYPE,E.HIS_STATUS,E.HIS_ID,
                        E.START_TIME,E.END_TIME,
                      C.ROOM_NO, C.ROOM_TYPE, C.ROOM_RATES AS DEFAULT_RATE, C.ROOM_NOTICE,
                      C.ROOM_PHONE, C.STATUS AS ROOM_STATUS, C.FLOOR_ID,D.FLOOR_NAME
                     FROM CUSTOMER_STAY_INFO AS A INNER JOIN
                      CUSTOMER_STAY_HIS E ON A.STAY_ID =E.STAY_ID AND E.STAY_TYPE='M' AND E.HIS_STATUS='O' INNER JOIN
                      CUSTOMER_INFO AS B ON E.CUSTOMER_ID = B.CUSTOMER_ID  INNER JOIN
                      BAS_ROOM_INFO AS C ON A.ROOM_ID = C.ROOM_ID INNER JOIN
                       SYS_USER_INFO AS F ON A.CREATE_USERID = F.USER_ID INNER JOIN
                    SYS_USER_INFO AS G ON A.UPDATE_USERID = G.USER_ID INNER JOIN
                      BAS_FLOOR_INFO AS D ON C.FLOOR_ID = D.FLOOR_ID WHERE 1=1 AND A.ROOM_ID=25 AND A.STATUS='O'
2010-04-19 14-58-36:SELECT CONSUME_ID,A.STAY_ID, A.GOODS_ID, A.CREATE_DATE, A.CREATE_USERID, A.UPDATE_DATE, 
                              A.UPDATE_USERID, A.UNIT_PRICE, A.NUMBER, A.TOTAL,
                              B.GOODS_NAME, B.GOODS_UNIT, B.PRICE , B.TYPE, B.STATUS, 
                              D.ROOM_NO,E.USER_NAME
                        FROM CONSUME_DETAIL AS A INNER JOIN
                              CUSTOMER_STAY_INFO AS C ON A.STAY_ID = C.STAY_ID INNER JOIN
                              BAS_GOODS_INFO AS B ON A.GOODS_ID = B.GOODS_ID
                              INNER JOIN
                              BAS_ROOM_INFO AS D ON C.ROOM_ID = D.ROOM_ID
                              INNER JOIN
                              SYS_USER_INFO AS E ON A.CREATE_USERID = E.USER_ID WHERE 1=1 AND A.STAY_ID=456 ORDER BY A.CREATE_DATE
2010-04-19 14-58-38:SELECT A.PRINT_ID, A.PRINT_NAME, A.PRINT_NO,A.START_X,A.START_Y,A.TABLE_ALIGN, 
                              A.LAND_SCAPE,B.PRINT_DETAIL_ID, 
                              B.CONTENT_DESC, B.FONT_SIZE, B.FONT_COLOR, 
                              B.FONT_BOLD, B.FONT_UNDER_LINE, B.ALIGN, B.SITE_X, B.SITE_Y, B.BIND_VALUE, B.VALUE_TYPE,
                              B.CREATE_DATE, B.CREATE_USERID
                        FROM PRINT_HEADER AS A INNER JOIN
                              PRINT_DETAIL AS B ON A.PRINT_ID = B.PRINT_ID AND A.PRINT_NO='FormPayMoney'
2010-04-19 15-03-08:SELECT [t0].[USER_ID], [t0].[USER_NO], [t0].[USER_NAME], [t0].[PASSWORD], [t0].[STATUS], [t0].[ROLE_ID], [t0].[LAST_LOGIN_IP], [t0].[LAST_LOGIN_DATE], [t0].[CREATE_DATE], [t0].[CREATE_USERID], [t0].[UPDATE_DATE], [t0].[UPDATE_USERID], [t0].[SKIN_ID], [t1].[ROLE_NAME] AS [roleName]
FROM [dbo].[SYS_USER_INFO] AS [t0]
INNER JOIN [dbo].[SYS_ROLE_INFO] AS [t1] ON [t0].[ROLE_ID] = [t1].[ROLE_ID]
WHERE (([t0].[USER_NO] = @p0) AND ([t0].[PASSWORD] = @p1)) OR (([t0].[USER_ID] = @p2) AND ([t0].[PASSWORD] = @p3))
2010-04-19 15-03-09:SELECT A.PARAM_ID,A.PARAM_NO,A.PARAM_NAME,A.PARAM_DESC,A.VALUE1,A.VALUE2,A.VALUE3 FROM SYS_PARAMETER A WHERE 1=1
2010-04-19 15-03-09:SELECT CAT_ID,CAT_DESC,CAT_RATE
                                  FROM PHONE_CAT
                                WHERE 1=1 
2010-04-19 15-03-09:SELECT A.ROOM_ID, A.ROOM_NO, A.ROOM_TYPE,C.CODE_DESC AS ROOM_TYPE_DESC, A.ROOM_RATES, A.STATUS, 
                             A.CREATE_DATE, A.CREATE_USERID, A.ROOM_PHONE, A.ROOM_NOTICE,A.UPDATE_DATE,A.UPDATE_USERID,
                             B.FLOOR_ID, B.FLOOR_NAME, B.STATUS AS FLOOR_STATUS
                             FROM BAS_ROOM_INFO AS A INNER JOIN
                             BAS_FLOOR_INFO AS B ON A.FLOOR_ID = B.FLOOR_ID
                            INNER JOIN SYS_LOOKUP_CODE AS C ON A.ROOM_TYPE=C.CODE_NO AND C.TABLE_NAME='BAS_ROOM_INFO'
                             AND C.COLUMN_NAME='ROOM_TYPE'  AND B.FLOOR_ID=1 ORDER BY ROOM_NO
2010-04-19 15-03-09:SELECT A.ROOM_ID, A.ROOM_NO, A.ROOM_TYPE,C.CODE_DESC AS ROOM_TYPE_DESC, A.ROOM_RATES, A.STATUS, 
                             A.CREATE_DATE, A.CREATE_USERID, A.ROOM_PHONE, A.ROOM_NOTICE,A.UPDATE_DATE,A.UPDATE_USERID,
                             B.FLOOR_ID, B.FLOOR_NAME, B.STATUS AS FLOOR_STATUS
                             FROM BAS_ROOM_INFO AS A INNER JOIN
                             BAS_FLOOR_INFO AS B ON A.FLOOR_ID = B.FLOOR_ID
                            INNER JOIN SYS_LOOKUP_CODE AS C ON A.ROOM_TYPE=C.CODE_NO AND C.TABLE_NAME='BAS_ROOM_INFO'
                             AND C.COLUMN_NAME='ROOM_TYPE'  AND B.FLOOR_ID=3 ORDER BY ROOM_NO
2010-04-19 15-03-09:SELECT A.ROOM_ID, A.ROOM_NO, A.ROOM_TYPE,C.CODE_DESC AS ROOM_TYPE_DESC, A.ROOM_RATES, A.STATUS, 
                             A.CREATE_DATE, A.CREATE_USERID, A.ROOM_PHONE, A.ROOM_NOTICE,A.UPDATE_DATE,A.UPDATE_USERID,
                             B.FLOOR_ID, B.FLOOR_NAME, B.STATUS AS FLOOR_STATUS
                             FROM BAS_ROOM_INFO AS A INNER JOIN
                             BAS_FLOOR_INFO AS B ON A.FLOOR_ID = B.FLOOR_ID
                            INNER JOIN SYS_LOOKUP_CODE AS C ON A.ROOM_TYPE=C.CODE_NO AND C.TABLE_NAME='BAS_ROOM_INFO'
                             AND C.COLUMN_NAME='ROOM_TYPE'  AND B.FLOOR_ID=4 ORDER BY ROOM_NO
2010-04-19 15-03-09:SELECT A.ROOM_ID, A.ROOM_NO, A.ROOM_TYPE,C.CODE_DESC AS ROOM_TYPE_DESC, A.ROOM_RATES, A.STATUS, 
                             A.CREATE_DATE, A.CREATE_USERID, A.ROOM_PHONE, A.ROOM_NOTICE,A.UPDATE_DATE,A.UPDATE_USERID,
                             B.FLOOR_ID, B.FLOOR_NAME, B.STATUS AS FLOOR_STATUS
                             FROM BAS_ROOM_INFO AS A INNER JOIN
                             BAS_FLOOR_INFO AS B ON A.FLOOR_ID = B.FLOOR_ID
                            INNER JOIN SYS_LOOKUP_CODE AS C ON A.ROOM_TYPE=C.CODE_NO AND C.TABLE_NAME='BAS_ROOM_INFO'
                             AND C.COLUMN_NAME='ROOM_TYPE'  AND B.FLOOR_ID=5 ORDER BY ROOM_NO
2010-04-19 15-03-09:SELECT A.ROOM_ID, A.ROOM_NO, A.ROOM_TYPE,C.CODE_DESC AS ROOM_TYPE_DESC, A.ROOM_RATES, A.STATUS, 
                             A.CREATE_DATE, A.CREATE_USERID, A.ROOM_PHONE, A.ROOM_NOTICE,A.UPDATE_DATE,A.UPDATE_USERID,
                             B.FLOOR_ID, B.FLOOR_NAME, B.STATUS AS FLOOR_STATUS
                             FROM BAS_ROOM_INFO AS A INNER JOIN
                             BAS_FLOOR_INFO AS B ON A.FLOOR_ID = B.FLOOR_ID
                            INNER JOIN SYS_LOOKUP_CODE AS C ON A.ROOM_TYPE=C.CODE_NO AND C.TABLE_NAME='BAS_ROOM_INFO'
                             AND C.COLUMN_NAME='ROOM_TYPE'  AND B.FLOOR_ID=6 ORDER BY ROOM_NO
2010-04-19 15-03-09:SELECT A.ROOM_ID, A.ROOM_NO, A.ROOM_TYPE,C.CODE_DESC AS ROOM_TYPE_DESC, A.ROOM_RATES, A.STATUS, 
                             A.CREATE_DATE, A.CREATE_USERID, A.ROOM_PHONE, A.ROOM_NOTICE,A.UPDATE_DATE,A.UPDATE_USERID,
                             B.FLOOR_ID, B.FLOOR_NAME, B.STATUS AS FLOOR_STATUS
                             FROM BAS_ROOM_INFO AS A INNER JOIN
                             BAS_FLOOR_INFO AS B ON A.FLOOR_ID = B.FLOOR_ID
                            INNER JOIN SYS_LOOKUP_CODE AS C ON A.ROOM_TYPE=C.CODE_NO AND C.TABLE_NAME='BAS_ROOM_INFO'
                             AND C.COLUMN_NAME='ROOM_TYPE'  AND B.FLOOR_ID=7 ORDER BY ROOM_NO
2010-04-19 15-03-09:SELECT A.ROOM_ID, A.ROOM_NO, A.ROOM_TYPE,C.CODE_DESC AS ROOM_TYPE_DESC, A.ROOM_RATES, A.STATUS, 
                             A.CREATE_DATE, A.CREATE_USERID, A.ROOM_PHONE, A.ROOM_NOTICE,A.UPDATE_DATE,A.UPDATE_USERID,
                             B.FLOOR_ID, B.FLOOR_NAME, B.STATUS AS FLOOR_STATUS
                             FROM BAS_ROOM_INFO AS A INNER JOIN
                             BAS_FLOOR_INFO AS B ON A.FLOOR_ID = B.FLOOR_ID
                            INNER JOIN SYS_LOOKUP_CODE AS C ON A.ROOM_TYPE=C.CODE_NO AND C.TABLE_NAME='BAS_ROOM_INFO'
                             AND C.COLUMN_NAME='ROOM_TYPE'  AND B.FLOOR_ID=8 ORDER BY ROOM_NO
2010-04-19 15-03-10:SELECT A.ROOM_ID, A.ROOM_NO, A.ROOM_TYPE,C.CODE_DESC AS ROOM_TYPE_DESC, A.ROOM_RATES, A.STATUS, 
                             A.CREATE_DATE, A.CREATE_USERID, A.ROOM_PHONE, A.ROOM_NOTICE,A.UPDATE_DATE,A.UPDATE_USERID,
                             B.FLOOR_ID, B.FLOOR_NAME, B.STATUS AS FLOOR_STATUS
                             FROM BAS_ROOM_INFO AS A INNER JOIN
                             BAS_FLOOR_INFO AS B ON A.FLOOR_ID = B.FLOOR_ID
                            INNER JOIN SYS_LOOKUP_CODE AS C ON A.ROOM_TYPE=C.CODE_NO AND C.TABLE_NAME='BAS_ROOM_INFO'
                             AND C.COLUMN_NAME='ROOM_TYPE'  ORDER BY ROOM_NO
2010-04-19 15-03-11:SELECT A.CODE_ID,A.CODE_NO,A.TABLE_NAME,A.COLUMN_NAME,A.CODE_DESC FROM SYS_LOOKUP_CODE A WHERE 1=1 AND A.TABLE_NAME='CUSTOMER_STAY_INFO' AND A.COLUMN_NAME='PAY_TYPE'
2010-04-19 15-03-12:SELECT A.STAY_ID,A.STAY_NO, A.ROOM_ID, A.MAIN_ROOM_ID, A.ROOM_STAY_TYPE,
                      A.START_DATE, A.END_DATE,A.HOURS, A.DEPOSIT, A.ROOM_RATES AS CURRENT_RATE,A.PAID_MONEY, A.PAY_TYPE, A.STATUS, A.TOTAL_MONEY, 
                      A.NOTICE, A.CREATE_DATE, A.CREATE_USERID,F.USER_NAME AS CREATE_USER_NAME,G.USER_NAME AS UPDATE_USER_NAME, A.UPDATE_DATE, 
                      A.UPDATE_USERID, B.CUSTOMER_ID, B.ID_CARD, B.NAME, B.SEX, B.NATION, 
                      B.BIRTHDAY, B.ADDRESS, B.COMPANY, B.PHONE, B.PICTURE, B.TYPE, E.STAY_TYPE,E.HIS_STATUS,E.HIS_ID,
                        E.START_TIME,E.END_TIME,
                      C.ROOM_NO, C.ROOM_TYPE, C.ROOM_RATES AS DEFAULT_RATE, C.ROOM_NOTICE,
                      C.ROOM_PHONE, C.STATUS AS ROOM_STATUS, C.FLOOR_ID,D.FLOOR_NAME
                     FROM CUSTOMER_STAY_INFO AS A INNER JOIN
                      CUSTOMER_STAY_HIS E ON A.STAY_ID =E.STAY_ID AND E.HIS_STATUS='O' INNER JOIN
                      CUSTOMER_INFO AS B ON E.CUSTOMER_ID = B.CUSTOMER_ID  INNER JOIN
                      BAS_ROOM_INFO AS C ON A.ROOM_ID = C.ROOM_ID INNER JOIN
                       SYS_USER_INFO AS F ON A.CREATE_USERID = F.USER_ID INNER JOIN
                    SYS_USER_INFO AS G ON A.UPDATE_USERID = G.USER_ID INNER JOIN
                      BAS_FLOOR_INFO AS D ON C.FLOOR_ID = D.FLOOR_ID WHERE 1=1 AND A.UPDATE_DATE BETWEEN '2010-04-19 00:00:00' AND '2010-04-19 23:00:00' AND A.STATUS='O'
2010-04-19 15-03-14:SELECT CONVERT(varchar(100), GETDATE(), 20)
2010-04-19 15-03-14:SELECT CAT_ID,CAT_DESC,CAT_RATE
                                  FROM PHONE_CAT
                                WHERE 1=1 
2010-04-19 15-03-14:SELECT A.STAY_ID,A.STAY_NO, A.ROOM_ID, A.MAIN_ROOM_ID, A.ROOM_STAY_TYPE,
                      A.START_DATE, A.END_DATE,A.HOURS, A.DEPOSIT, A.ROOM_RATES AS CURRENT_RATE,A.PAID_MONEY, A.PAY_TYPE,A.TOTAL_MONEY, A.STATUS, 
                      A.NOTICE, A.CREATE_DATE, A.CREATE_USERID,F.USER_NAME AS CREATE_USER_NAME,G.USER_NAME AS UPDATE_USER_NAME, A.UPDATE_DATE, 
                      A.UPDATE_USERID, B.CUSTOMER_ID, B.ID_CARD, B.NAME, B.SEX, B.NATION, 
                      B.BIRTHDAY, B.ADDRESS, B.COMPANY, B.PHONE, B.PICTURE, B.TYPE, E.STAY_TYPE,E.HIS_STATUS,E.HIS_ID,
                        E.START_TIME,E.END_TIME,
                      C.ROOM_NO, C.ROOM_TYPE, C.ROOM_RATES AS DEFAULT_RATE, C.ROOM_NOTICE,
                      C.ROOM_PHONE, C.STATUS AS ROOM_STATUS, C.FLOOR_ID,D.FLOOR_NAME
                     FROM CUSTOMER_STAY_INFO AS A INNER JOIN
                      CUSTOMER_STAY_HIS E ON A.STAY_ID =E.STAY_ID AND E.STAY_TYPE='M' AND E.HIS_STATUS='O' INNER JOIN
                      CUSTOMER_INFO AS B ON E.CUSTOMER_ID = B.CUSTOMER_ID  INNER JOIN
                      BAS_ROOM_INFO AS C ON A.ROOM_ID = C.ROOM_ID INNER JOIN
                       SYS_USER_INFO AS F ON A.CREATE_USERID = F.USER_ID INNER JOIN
                    SYS_USER_INFO AS G ON A.UPDATE_USERID = G.USER_ID INNER JOIN
                      BAS_FLOOR_INFO AS D ON C.FLOOR_ID = D.FLOOR_ID WHERE 1=1 AND A.ROOM_ID=25 AND A.STATUS='O'
2010-04-19 15-03-14:SELECT CONSUME_ID,A.STAY_ID, A.GOODS_ID, A.CREATE_DATE, A.CREATE_USERID, A.UPDATE_DATE, 
                              A.UPDATE_USERID, A.UNIT_PRICE, A.NUMBER, A.TOTAL,
                              B.GOODS_NAME, B.GOODS_UNIT, B.PRICE , B.TYPE, B.STATUS, 
                              D.ROOM_NO,E.USER_NAME
                        FROM CONSUME_DETAIL AS A INNER JOIN
                              CUSTOMER_STAY_INFO AS C ON A.STAY_ID = C.STAY_ID INNER JOIN
                              BAS_GOODS_INFO AS B ON A.GOODS_ID = B.GOODS_ID
                              INNER JOIN
                              BAS_ROOM_INFO AS D ON C.ROOM_ID = D.ROOM_ID
                              INNER JOIN
                              SYS_USER_INFO AS E ON A.CREATE_USERID = E.USER_ID WHERE 1=1 AND A.STAY_ID=456 ORDER BY A.CREATE_DATE
2010-04-19 15-03-15:SELECT A.PRINT_ID, A.PRINT_NAME, A.PRINT_NO,A.START_X,A.START_Y,A.TABLE_ALIGN, 
                              A.LAND_SCAPE,B.PRINT_DETAIL_ID, 
                              B.CONTENT_DESC, B.FONT_SIZE, B.FONT_COLOR, 
                              B.FONT_BOLD, B.FONT_UNDER_LINE, B.ALIGN, B.SITE_X, B.SITE_Y, B.BIND_VALUE, B.VALUE_TYPE,
                              B.CREATE_DATE, B.CREATE_USERID
                        FROM PRINT_HEADER AS A INNER JOIN
                              PRINT_DETAIL AS B ON A.PRINT_ID = B.PRINT_ID AND A.PRINT_NO='FormPayMoney'
2010-04-19 15-16-19:SELECT [t0].[USER_ID], [t0].[USER_NO], [t0].[USER_NAME], [t0].[PASSWORD], [t0].[STATUS], [t0].[ROLE_ID], [t0].[LAST_LOGIN_IP], [t0].[LAST_LOGIN_DATE], [t0].[CREATE_DATE], [t0].[CREATE_USERID], [t0].[UPDATE_DATE], [t0].[UPDATE_USERID], [t0].[SKIN_ID], [t1].[ROLE_NAME] AS [roleName]
FROM [dbo].[SYS_USER_INFO] AS [t0]
INNER JOIN [dbo].[SYS_ROLE_INFO] AS [t1] ON [t0].[ROLE_ID] = [t1].[ROLE_ID]
WHERE (([t0].[USER_NO] = @p0) AND ([t0].[PASSWORD] = @p1)) OR (([t0].[USER_ID] = @p2) AND ([t0].[PASSWORD] = @p3))
2010-04-19 15-16-20:SELECT A.PARAM_ID,A.PARAM_NO,A.PARAM_NAME,A.PARAM_DESC,A.VALUE1,A.VALUE2,A.VALUE3 FROM SYS_PARAMETER A WHERE 1=1
2010-04-19 15-16-20:SELECT CAT_ID,CAT_DESC,CAT_RATE
                                  FROM PHONE_CAT
                                WHERE 1=1 
2010-04-19 15-16-21:SELECT A.ROOM_ID, A.ROOM_NO, A.ROOM_TYPE,C.CODE_DESC AS ROOM_TYPE_DESC, A.ROOM_RATES, A.STATUS, 
                             A.CREATE_DATE, A.CREATE_USERID, A.ROOM_PHONE, A.ROOM_NOTICE,A.UPDATE_DATE,A.UPDATE_USERID,
                             B.FLOOR_ID, B.FLOOR_NAME, B.STATUS AS FLOOR_STATUS
                             FROM BAS_ROOM_INFO AS A INNER JOIN
                             BAS_FLOOR_INFO AS B ON A.FLOOR_ID = B.FLOOR_ID
                            INNER JOIN SYS_LOOKUP_CODE AS C ON A.ROOM_TYPE=C.CODE_NO AND C.TABLE_NAME='BAS_ROOM_INFO'
                             AND C.COLUMN_NAME='ROOM_TYPE'  AND B.FLOOR_ID=1 ORDER BY ROOM_NO
2010-04-19 15-16-21:SELECT A.ROOM_ID, A.ROOM_NO, A.ROOM_TYPE,C.CODE_DESC AS ROOM_TYPE_DESC, A.ROOM_RATES, A.STATUS, 
                             A.CREATE_DATE, A.CREATE_USERID, A.ROOM_PHONE, A.ROOM_NOTICE,A.UPDATE_DATE,A.UPDATE_USERID,
                             B.FLOOR_ID, B.FLOOR_NAME, B.STATUS AS FLOOR_STATUS
                             FROM BAS_ROOM_INFO AS A INNER JOIN
                             BAS_FLOOR_INFO AS B ON A.FLOOR_ID = B.FLOOR_ID
                            INNER JOIN SYS_LOOKUP_CODE AS C ON A.ROOM_TYPE=C.CODE_NO AND C.TABLE_NAME='BAS_ROOM_INFO'
                             AND C.COLUMN_NAME='ROOM_TYPE'  AND B.FLOOR_ID=3 ORDER BY ROOM_NO
2010-04-19 15-16-21:SELECT A.ROOM_ID, A.ROOM_NO, A.ROOM_TYPE,C.CODE_DESC AS ROOM_TYPE_DESC, A.ROOM_RATES, A.STATUS, 
                             A.CREATE_DATE, A.CREATE_USERID, A.ROOM_PHONE, A.ROOM_NOTICE,A.UPDATE_DATE,A.UPDATE_USERID,
                             B.FLOOR_ID, B.FLOOR_NAME, B.STATUS AS FLOOR_STATUS
                             FROM BAS_ROOM_INFO AS A INNER JOIN
                             BAS_FLOOR_INFO AS B ON A.FLOOR_ID = B.FLOOR_ID
                            INNER JOIN SYS_LOOKUP_CODE AS C ON A.ROOM_TYPE=C.CODE_NO AND C.TABLE_NAME='BAS_ROOM_INFO'
                             AND C.COLUMN_NAME='ROOM_TYPE'  AND B.FLOOR_ID=4 ORDER BY ROOM_NO
2010-04-19 15-16-21:SELECT A.ROOM_ID, A.ROOM_NO, A.ROOM_TYPE,C.CODE_DESC AS ROOM_TYPE_DESC, A.ROOM_RATES, A.STATUS, 
                             A.CREATE_DATE, A.CREATE_USERID, A.ROOM_PHONE, A.ROOM_NOTICE,A.UPDATE_DATE,A.UPDATE_USERID,
                             B.FLOOR_ID, B.FLOOR_NAME, B.STATUS AS FLOOR_STATUS
                             FROM BAS_ROOM_INFO AS A INNER JOIN
                             BAS_FLOOR_INFO AS B ON A.FLOOR_ID = B.FLOOR_ID
                            INNER JOIN SYS_LOOKUP_CODE AS C ON A.ROOM_TYPE=C.CODE_NO AND C.TABLE_NAME='BAS_ROOM_INFO'
                             AND C.COLUMN_NAME='ROOM_TYPE'  AND B.FLOOR_ID=5 ORDER BY ROOM_NO
2010-04-19 15-16-21:SELECT A.ROOM_ID, A.ROOM_NO, A.ROOM_TYPE,C.CODE_DESC AS ROOM_TYPE_DESC, A.ROOM_RATES, A.STATUS, 
                             A.CREATE_DATE, A.CREATE_USERID, A.ROOM_PHONE, A.ROOM_NOTICE,A.UPDATE_DATE,A.UPDATE_USERID,
                             B.FLOOR_ID, B.FLOOR_NAME, B.STATUS AS FLOOR_STATUS
                             FROM BAS_ROOM_INFO AS A INNER JOIN
                             BAS_FLOOR_INFO AS B ON A.FLOOR_ID = B.FLOOR_ID
                            INNER JOIN SYS_LOOKUP_CODE AS C ON A.ROOM_TYPE=C.CODE_NO AND C.TABLE_NAME='BAS_ROOM_INFO'
                             AND C.COLUMN_NAME='ROOM_TYPE'  AND B.FLOOR_ID=6 ORDER BY ROOM_NO
2010-04-19 15-16-21:SELECT A.ROOM_ID, A.ROOM_NO, A.ROOM_TYPE,C.CODE_DESC AS ROOM_TYPE_DESC, A.ROOM_RATES, A.STATUS, 
                             A.CREATE_DATE, A.CREATE_USERID, A.ROOM_PHONE, A.ROOM_NOTICE,A.UPDATE_DATE,A.UPDATE_USERID,
                             B.FLOOR_ID, B.FLOOR_NAME, B.STATUS AS FLOOR_STATUS
                             FROM BAS_ROOM_INFO AS A INNER JOIN
                             BAS_FLOOR_INFO AS B ON A.FLOOR_ID = B.FLOOR_ID
                            INNER JOIN SYS_LOOKUP_CODE AS C ON A.ROOM_TYPE=C.CODE_NO AND C.TABLE_NAME='BAS_ROOM_INFO'
                             AND C.COLUMN_NAME='ROOM_TYPE'  AND B.FLOOR_ID=7 ORDER BY ROOM_NO
2010-04-19 15-16-21:SELECT A.ROOM_ID, A.ROOM_NO, A.ROOM_TYPE,C.CODE_DESC AS ROOM_TYPE_DESC, A.ROOM_RATES, A.STATUS, 
                             A.CREATE_DATE, A.CREATE_USERID, A.ROOM_PHONE, A.ROOM_NOTICE,A.UPDATE_DATE,A.UPDATE_USERID,
                             B.FLOOR_ID, B.FLOOR_NAME, B.STATUS AS FLOOR_STATUS
                             FROM BAS_ROOM_INFO AS A INNER JOIN
                             BAS_FLOOR_INFO AS B ON A.FLOOR_ID = B.FLOOR_ID
                            INNER JOIN SYS_LOOKUP_CODE AS C ON A.ROOM_TYPE=C.CODE_NO AND C.TABLE_NAME='BAS_ROOM_INFO'
                             AND C.COLUMN_NAME='ROOM_TYPE'  AND B.FLOOR_ID=8 ORDER BY ROOM_NO
2010-04-19 15-16-21:SELECT A.ROOM_ID, A.ROOM_NO, A.ROOM_TYPE,C.CODE_DESC AS ROOM_TYPE_DESC, A.ROOM_RATES, A.STATUS, 
                             A.CREATE_DATE, A.CREATE_USERID, A.ROOM_PHONE, A.ROOM_NOTICE,A.UPDATE_DATE,A.UPDATE_USERID,
                             B.FLOOR_ID, B.FLOOR_NAME, B.STATUS AS FLOOR_STATUS
                             FROM BAS_ROOM_INFO AS A INNER JOIN
                             BAS_FLOOR_INFO AS B ON A.FLOOR_ID = B.FLOOR_ID
                            INNER JOIN SYS_LOOKUP_CODE AS C ON A.ROOM_TYPE=C.CODE_NO AND C.TABLE_NAME='BAS_ROOM_INFO'
                             AND C.COLUMN_NAME='ROOM_TYPE'  ORDER BY ROOM_NO
2010-04-19 15-16-23:SELECT A.CODE_ID,A.CODE_NO,A.TABLE_NAME,A.COLUMN_NAME,A.CODE_DESC FROM SYS_LOOKUP_CODE A WHERE 1=1 AND A.TABLE_NAME='CUSTOMER_STAY_INFO' AND A.COLUMN_NAME='PAY_TYPE'
2010-04-19 15-16-24:SELECT A.STAY_ID,A.STAY_NO, A.ROOM_ID, A.MAIN_ROOM_ID, A.ROOM_STAY_TYPE,
                      A.START_DATE, A.END_DATE,A.HOURS, A.DEPOSIT, A.ROOM_RATES AS CURRENT_RATE,A.PAID_MONEY, A.PAY_TYPE, A.STATUS, A.TOTAL_MONEY, 
                      A.NOTICE, A.CREATE_DATE, A.CREATE_USERID,F.USER_NAME AS CREATE_USER_NAME,G.USER_NAME AS UPDATE_USER_NAME, A.UPDATE_DATE, 
                      A.UPDATE_USERID, B.CUSTOMER_ID, B.ID_CARD, B.NAME, B.SEX, B.NATION, 
                      B.BIRTHDAY, B.ADDRESS, B.COMPANY, B.PHONE, B.PICTURE, B.TYPE, E.STAY_TYPE,E.HIS_STATUS,E.HIS_ID,
                        E.START_TIME,E.END_TIME,
                      C.ROOM_NO, C.ROOM_TYPE, C.ROOM_RATES AS DEFAULT_RATE, C.ROOM_NOTICE,
                      C.ROOM_PHONE, C.STATUS AS ROOM_STATUS, C.FLOOR_ID,D.FLOOR_NAME
                     FROM CUSTOMER_STAY_INFO AS A INNER JOIN
                      CUSTOMER_STAY_HIS E ON A.STAY_ID =E.STAY_ID AND E.HIS_STATUS='O' INNER JOIN
                      CUSTOMER_INFO AS B ON E.CUSTOMER_ID = B.CUSTOMER_ID  INNER JOIN
                      BAS_ROOM_INFO AS C ON A.ROOM_ID = C.ROOM_ID INNER JOIN
                       SYS_USER_INFO AS F ON A.CREATE_USERID = F.USER_ID INNER JOIN
                    SYS_USER_INFO AS G ON A.UPDATE_USERID = G.USER_ID INNER JOIN
                      BAS_FLOOR_INFO AS D ON C.FLOOR_ID = D.FLOOR_ID WHERE 1=1 AND A.UPDATE_DATE BETWEEN '2010-04-19 00:00:00' AND '2010-04-19 23:00:00' AND A.STATUS='O'
2010-04-19 15-16-25:SELECT CONVERT(varchar(100), GETDATE(), 20)
2010-04-19 15-16-25:SELECT CAT_ID,CAT_DESC,CAT_RATE
                                  FROM PHONE_CAT
                                WHERE 1=1 
2010-04-19 15-16-25:SELECT A.STAY_ID,A.STAY_NO, A.ROOM_ID, A.MAIN_ROOM_ID, A.ROOM_STAY_TYPE,
                      A.START_DATE, A.END_DATE,A.HOURS, A.DEPOSIT, A.ROOM_RATES AS CURRENT_RATE,A.PAID_MONEY, A.PAY_TYPE,A.TOTAL_MONEY, A.STATUS, 
                      A.NOTICE, A.CREATE_DATE, A.CREATE_USERID,F.USER_NAME AS CREATE_USER_NAME,G.USER_NAME AS UPDATE_USER_NAME, A.UPDATE_DATE, 
                      A.UPDATE_USERID, B.CUSTOMER_ID, B.ID_CARD, B.NAME, B.SEX, B.NATION, 
                      B.BIRTHDAY, B.ADDRESS, B.COMPANY, B.PHONE, B.PICTURE, B.TYPE, E.STAY_TYPE,E.HIS_STATUS,E.HIS_ID,
                        E.START_TIME,E.END_TIME,
                      C.ROOM_NO, C.ROOM_TYPE, C.ROOM_RATES AS DEFAULT_RATE, C.ROOM_NOTICE,
                      C.ROOM_PHONE, C.STATUS AS ROOM_STATUS, C.FLOOR_ID,D.FLOOR_NAME
                     FROM CUSTOMER_STAY_INFO AS A INNER JOIN
                      CUSTOMER_STAY_HIS E ON A.STAY_ID =E.STAY_ID AND E.STAY_TYPE='M' AND E.HIS_STATUS='O' INNER JOIN
                      CUSTOMER_INFO AS B ON E.CUSTOMER_ID = B.CUSTOMER_ID  INNER JOIN
                      BAS_ROOM_INFO AS C ON A.ROOM_ID = C.ROOM_ID INNER JOIN
                       SYS_USER_INFO AS F ON A.CREATE_USERID = F.USER_ID INNER JOIN
                    SYS_USER_INFO AS G ON A.UPDATE_USERID = G.USER_ID INNER JOIN
                      BAS_FLOOR_INFO AS D ON C.FLOOR_ID = D.FLOOR_ID WHERE 1=1 AND A.ROOM_ID=25 AND A.STATUS='O'
2010-04-19 15-16-25:SELECT CONSUME_ID,A.STAY_ID, A.GOODS_ID, A.CREATE_DATE, A.CREATE_USERID, A.UPDATE_DATE, 
                              A.UPDATE_USERID, A.UNIT_PRICE, A.NUMBER, A.TOTAL,
                              B.GOODS_NAME, B.GOODS_UNIT, B.PRICE , B.TYPE, B.STATUS, 
                              D.ROOM_NO,E.USER_NAME
                        FROM CONSUME_DETAIL AS A INNER JOIN
                              CUSTOMER_STAY_INFO AS C ON A.STAY_ID = C.STAY_ID INNER JOIN
                              BAS_GOODS_INFO AS B ON A.GOODS_ID = B.GOODS_ID
                              INNER JOIN
                              BAS_ROOM_INFO AS D ON C.ROOM_ID = D.ROOM_ID
                              INNER JOIN
                              SYS_USER_INFO AS E ON A.CREATE_USERID = E.USER_ID WHERE 1=1 AND A.STAY_ID=456 ORDER BY A.CREATE_DATE
2010-04-19 15-47-17:SELECT [t0].[USER_ID], [t0].[USER_NO], [t0].[USER_NAME], [t0].[PASSWORD], [t0].[STATUS], [t0].[ROLE_ID], [t0].[LAST_LOGIN_IP], [t0].[LAST_LOGIN_DATE], [t0].[CREATE_DATE], [t0].[CREATE_USERID], [t0].[UPDATE_DATE], [t0].[UPDATE_USERID], [t0].[SKIN_ID], [t1].[ROLE_NAME] AS [roleName]
FROM [dbo].[SYS_USER_INFO] AS [t0]
INNER JOIN [dbo].[SYS_ROLE_INFO] AS [t1] ON [t0].[ROLE_ID] = [t1].[ROLE_ID]
WHERE (([t0].[USER_NO] = @p0) AND ([t0].[PASSWORD] = @p1)) OR (([t0].[USER_ID] = @p2) AND ([t0].[PASSWORD] = @p3))
2010-04-19 15-47-18:SELECT A.PARAM_ID,A.PARAM_NO,A.PARAM_NAME,A.PARAM_DESC,A.VALUE1,A.VALUE2,A.VALUE3 FROM SYS_PARAMETER A WHERE 1=1
2010-04-19 15-47-18:SELECT CAT_ID,CAT_DESC,CAT_RATE
                                  FROM PHONE_CAT
                                WHERE 1=1 
2010-04-19 15-47-18:SELECT A.ROOM_ID, A.ROOM_NO, A.ROOM_TYPE,C.CODE_DESC AS ROOM_TYPE_DESC, A.ROOM_RATES, A.STATUS, 
                             A.CREATE_DATE, A.CREATE_USERID, A.ROOM_PHONE, A.ROOM_NOTICE,A.UPDATE_DATE,A.UPDATE_USERID,
                             B.FLOOR_ID, B.FLOOR_NAME, B.STATUS AS FLOOR_STATUS
                             FROM BAS_ROOM_INFO AS A INNER JOIN
                             BAS_FLOOR_INFO AS B ON A.FLOOR_ID = B.FLOOR_ID
                            INNER JOIN SYS_LOOKUP_CODE AS C ON A.ROOM_TYPE=C.CODE_NO AND C.TABLE_NAME='BAS_ROOM_INFO'
                             AND C.COLUMN_NAME='ROOM_TYPE'  AND B.FLOOR_ID=1 ORDER BY ROOM_NO
2010-04-19 15-47-18:SELECT A.ROOM_ID, A.ROOM_NO, A.ROOM_TYPE,C.CODE_DESC AS ROOM_TYPE_DESC, A.ROOM_RATES, A.STATUS, 
                             A.CREATE_DATE, A.CREATE_USERID, A.ROOM_PHONE, A.ROOM_NOTICE,A.UPDATE_DATE,A.UPDATE_USERID,
                             B.FLOOR_ID, B.FLOOR_NAME, B.STATUS AS FLOOR_STATUS
                             FROM BAS_ROOM_INFO AS A INNER JOIN
                             BAS_FLOOR_INFO AS B ON A.FLOOR_ID = B.FLOOR_ID
                            INNER JOIN SYS_LOOKUP_CODE AS C ON A.ROOM_TYPE=C.CODE_NO AND C.TABLE_NAME='BAS_ROOM_INFO'
                             AND C.COLUMN_NAME='ROOM_TYPE'  AND B.FLOOR_ID=3 ORDER BY ROOM_NO
2010-04-19 15-47-18:SELECT A.ROOM_ID, A.ROOM_NO, A.ROOM_TYPE,C.CODE_DESC AS ROOM_TYPE_DESC, A.ROOM_RATES, A.STATUS, 
                             A.CREATE_DATE, A.CREATE_USERID, A.ROOM_PHONE, A.ROOM_NOTICE,A.UPDATE_DATE,A.UPDATE_USERID,
                             B.FLOOR_ID, B.FLOOR_NAME, B.STATUS AS FLOOR_STATUS
                             FROM BAS_ROOM_INFO AS A INNER JOIN
                             BAS_FLOOR_INFO AS B ON A.FLOOR_ID = B.FLOOR_ID
                            INNER JOIN SYS_LOOKUP_CODE AS C ON A.ROOM_TYPE=C.CODE_NO AND C.TABLE_NAME='BAS_ROOM_INFO'
                             AND C.COLUMN_NAME='ROOM_TYPE'  AND B.FLOOR_ID=4 ORDER BY ROOM_NO
2010-04-19 15-47-18:SELECT A.ROOM_ID, A.ROOM_NO, A.ROOM_TYPE,C.CODE_DESC AS ROOM_TYPE_DESC, A.ROOM_RATES, A.STATUS, 
                             A.CREATE_DATE, A.CREATE_USERID, A.ROOM_PHONE, A.ROOM_NOTICE,A.UPDATE_DATE,A.UPDATE_USERID,
                             B.FLOOR_ID, B.FLOOR_NAME, B.STATUS AS FLOOR_STATUS
                             FROM BAS_ROOM_INFO AS A INNER JOIN
                             BAS_FLOOR_INFO AS B ON A.FLOOR_ID = B.FLOOR_ID
                            INNER JOIN SYS_LOOKUP_CODE AS C ON A.ROOM_TYPE=C.CODE_NO AND C.TABLE_NAME='BAS_ROOM_INFO'
                             AND C.COLUMN_NAME='ROOM_TYPE'  AND B.FLOOR_ID=5 ORDER BY ROOM_NO
2010-04-19 15-47-18:SELECT A.ROOM_ID, A.ROOM_NO, A.ROOM_TYPE,C.CODE_DESC AS ROOM_TYPE_DESC, A.ROOM_RATES, A.STATUS, 
                             A.CREATE_DATE, A.CREATE_USERID, A.ROOM_PHONE, A.ROOM_NOTICE,A.UPDATE_DATE,A.UPDATE_USERID,
                             B.FLOOR_ID, B.FLOOR_NAME, B.STATUS AS FLOOR_STATUS
                             FROM BAS_ROOM_INFO AS A INNER JOIN
                             BAS_FLOOR_INFO AS B ON A.FLOOR_ID = B.FLOOR_ID
                            INNER JOIN SYS_LOOKUP_CODE AS C ON A.ROOM_TYPE=C.CODE_NO AND C.TABLE_NAME='BAS_ROOM_INFO'
                             AND C.COLUMN_NAME='ROOM_TYPE'  AND B.FLOOR_ID=6 ORDER BY ROOM_NO
2010-04-19 15-47-18:SELECT A.ROOM_ID, A.ROOM_NO, A.ROOM_TYPE,C.CODE_DESC AS ROOM_TYPE_DESC, A.ROOM_RATES, A.STATUS, 
                             A.CREATE_DATE, A.CREATE_USERID, A.ROOM_PHONE, A.ROOM_NOTICE,A.UPDATE_DATE,A.UPDATE_USERID,
                             B.FLOOR_ID, B.FLOOR_NAME, B.STATUS AS FLOOR_STATUS
                             FROM BAS_ROOM_INFO AS A INNER JOIN
                             BAS_FLOOR_INFO AS B ON A.FLOOR_ID = B.FLOOR_ID
                            INNER JOIN SYS_LOOKUP_CODE AS C ON A.ROOM_TYPE=C.CODE_NO AND C.TABLE_NAME='BAS_ROOM_INFO'
                             AND C.COLUMN_NAME='ROOM_TYPE'  AND B.FLOOR_ID=7 ORDER BY ROOM_NO
2010-04-19 15-47-18:SELECT A.ROOM_ID, A.ROOM_NO, A.ROOM_TYPE,C.CODE_DESC AS ROOM_TYPE_DESC, A.ROOM_RATES, A.STATUS, 
                             A.CREATE_DATE, A.CREATE_USERID, A.ROOM_PHONE, A.ROOM_NOTICE,A.UPDATE_DATE,A.UPDATE_USERID,
                             B.FLOOR_ID, B.FLOOR_NAME, B.STATUS AS FLOOR_STATUS
                             FROM BAS_ROOM_INFO AS A INNER JOIN
                             BAS_FLOOR_INFO AS B ON A.FLOOR_ID = B.FLOOR_ID
                            INNER JOIN SYS_LOOKUP_CODE AS C ON A.ROOM_TYPE=C.CODE_NO AND C.TABLE_NAME='BAS_ROOM_INFO'
                             AND C.COLUMN_NAME='ROOM_TYPE'  AND B.FLOOR_ID=8 ORDER BY ROOM_NO
2010-04-19 15-47-18:SELECT A.ROOM_ID, A.ROOM_NO, A.ROOM_TYPE,C.CODE_DESC AS ROOM_TYPE_DESC, A.ROOM_RATES, A.STATUS, 
                             A.CREATE_DATE, A.CREATE_USERID, A.ROOM_PHONE, A.ROOM_NOTICE,A.UPDATE_DATE,A.UPDATE_USERID,
                             B.FLOOR_ID, B.FLOOR_NAME, B.STATUS AS FLOOR_STATUS
                             FROM BAS_ROOM_INFO AS A INNER JOIN
                             BAS_FLOOR_INFO AS B ON A.FLOOR_ID = B.FLOOR_ID
                            INNER JOIN SYS_LOOKUP_CODE AS C ON A.ROOM_TYPE=C.CODE_NO AND C.TABLE_NAME='BAS_ROOM_INFO'
                             AND C.COLUMN_NAME='ROOM_TYPE'  ORDER BY ROOM_NO
2010-04-19 15-47-20:SELECT A.CODE_ID,A.CODE_NO,A.TABLE_NAME,A.COLUMN_NAME,A.CODE_DESC FROM SYS_LOOKUP_CODE A WHERE 1=1 AND A.TABLE_NAME='CUSTOMER_STAY_INFO' AND A.COLUMN_NAME='PAY_TYPE'
2010-04-19 15-47-20:SELECT A.STAY_ID,A.STAY_NO, A.ROOM_ID, A.MAIN_ROOM_ID, A.ROOM_STAY_TYPE,
                      A.START_DATE, A.END_DATE,A.HOURS, A.DEPOSIT, A.ROOM_RATES AS CURRENT_RATE,A.PAID_MONEY, A.PAY_TYPE, A.STATUS, A.TOTAL_MONEY, 
                      A.NOTICE, A.CREATE_DATE, A.CREATE_USERID,F.USER_NAME AS CREATE_USER_NAME,G.USER_NAME AS UPDATE_USER_NAME, A.UPDATE_DATE, 
                      A.UPDATE_USERID, B.CUSTOMER_ID, B.ID_CARD, B.NAME, B.SEX, B.NATION, 
                      B.BIRTHDAY, B.ADDRESS, B.COMPANY, B.PHONE, B.PICTURE, B.TYPE, E.STAY_TYPE,E.HIS_STATUS,E.HIS_ID,
                        E.START_TIME,E.END_TIME,
                      C.ROOM_NO, C.ROOM_TYPE, C.ROOM_RATES AS DEFAULT_RATE, C.ROOM_NOTICE,
                      C.ROOM_PHONE, C.STATUS AS ROOM_STATUS, C.FLOOR_ID,D.FLOOR_NAME
                     FROM CUSTOMER_STAY_INFO AS A INNER JOIN
                      CUSTOMER_STAY_HIS E ON A.STAY_ID =E.STAY_ID AND E.HIS_STATUS='O' INNER JOIN
                      CUSTOMER_INFO AS B ON E.CUSTOMER_ID = B.CUSTOMER_ID  INNER JOIN
                      BAS_ROOM_INFO AS C ON A.ROOM_ID = C.ROOM_ID INNER JOIN
                       SYS_USER_INFO AS F ON A.CREATE_USERID = F.USER_ID INNER JOIN
                    SYS_USER_INFO AS G ON A.UPDATE_USERID = G.USER_ID INNER JOIN
                      BAS_FLOOR_INFO AS D ON C.FLOOR_ID = D.FLOOR_ID WHERE 1=1 AND A.UPDATE_DATE BETWEEN '2010-04-19 00:00:00' AND '2010-04-19 23:00:00' AND A.STATUS='O'
2010-04-19 15-47-22:SELECT CONVERT(varchar(100), GETDATE(), 20)
2010-04-19 15-47-22:SELECT CAT_ID,CAT_DESC,CAT_RATE
                                  FROM PHONE_CAT
                                WHERE 1=1 
2010-04-19 15-47-22:SELECT A.STAY_ID,A.STAY_NO, A.ROOM_ID, A.MAIN_ROOM_ID, A.ROOM_STAY_TYPE,
                      A.START_DATE, A.END_DATE,A.HOURS, A.DEPOSIT, A.ROOM_RATES AS CURRENT_RATE,A.PAID_MONEY, A.PAY_TYPE,A.TOTAL_MONEY, A.STATUS, 
                      A.NOTICE, A.CREATE_DATE, A.CREATE_USERID,F.USER_NAME AS CREATE_USER_NAME,G.USER_NAME AS UPDATE_USER_NAME, A.UPDATE_DATE, 
                      A.UPDATE_USERID, B.CUSTOMER_ID, B.ID_CARD, B.NAME, B.SEX, B.NATION, 
                      B.BIRTHDAY, B.ADDRESS, B.COMPANY, B.PHONE, B.PICTURE, B.TYPE, E.STAY_TYPE,E.HIS_STATUS,E.HIS_ID,
                        E.START_TIME,E.END_TIME,
                      C.ROOM_NO, C.ROOM_TYPE, C.ROOM_RATES AS DEFAULT_RATE, C.ROOM_NOTICE,
                      C.ROOM_PHONE, C.STATUS AS ROOM_STATUS, C.FLOOR_ID,D.FLOOR_NAME
                     FROM CUSTOMER_STAY_INFO AS A INNER JOIN
                      CUSTOMER_STAY_HIS E ON A.STAY_ID =E.STAY_ID AND E.STAY_TYPE='M' AND E.HIS_STATUS='O' INNER JOIN
                      CUSTOMER_INFO AS B ON E.CUSTOMER_ID = B.CUSTOMER_ID  INNER JOIN
                      BAS_ROOM_INFO AS C ON A.ROOM_ID = C.ROOM_ID INNER JOIN
                       SYS_USER_INFO AS F ON A.CREATE_USERID = F.USER_ID INNER JOIN
                    SYS_USER_INFO AS G ON A.UPDATE_USERID = G.USER_ID INNER JOIN
                      BAS_FLOOR_INFO AS D ON C.FLOOR_ID = D.FLOOR_ID WHERE 1=1 AND A.ROOM_ID=25 AND A.STATUS='O'
2010-04-19 15-47-22:SELECT CONSUME_ID,A.STAY_ID, A.GOODS_ID, A.CREATE_DATE, A.CREATE_USERID, A.UPDATE_DATE, 
                              A.UPDATE_USERID, A.UNIT_PRICE, A.NUMBER, A.TOTAL,
                              B.GOODS_NAME, B.GOODS_UNIT, B.PRICE , B.TYPE, B.STATUS, 
                              D.ROOM_NO,E.USER_NAME
                        FROM CONSUME_DETAIL AS A INNER JOIN
                              CUSTOMER_STAY_INFO AS C ON A.STAY_ID = C.STAY_ID INNER JOIN
                              BAS_GOODS_INFO AS B ON A.GOODS_ID = B.GOODS_ID
                              INNER JOIN
                              BAS_ROOM_INFO AS D ON C.ROOM_ID = D.ROOM_ID
                              INNER JOIN
                              SYS_USER_INFO AS E ON A.CREATE_USERID = E.USER_ID WHERE 1=1 AND A.STAY_ID=456 ORDER BY A.CREATE_DATE
2010-04-19 15-47-23:SELECT A.PRINT_ID, A.PRINT_NAME, A.PRINT_NO,A.START_X,A.START_Y,A.TABLE_ALIGN, 
                              A.LAND_SCAPE,B.PRINT_DETAIL_ID, 
                              B.CONTENT_DESC, B.FONT_SIZE, B.FONT_COLOR, 
                              B.FONT_BOLD, B.FONT_UNDER_LINE, B.ALIGN, B.SITE_X, B.SITE_Y, B.BIND_VALUE, B.VALUE_TYPE,
                              B.CREATE_DATE, B.CREATE_USERID
                        FROM PRINT_HEADER AS A INNER JOIN
                              PRINT_DETAIL AS B ON A.PRINT_ID = B.PRINT_ID AND A.PRINT_NO='FormPayMoney'
2010-04-19 15-48-51:SELECT [t0].[USER_ID], [t0].[USER_NO], [t0].[USER_NAME], [t0].[PASSWORD], [t0].[STATUS], [t0].[ROLE_ID], [t0].[LAST_LOGIN_IP], [t0].[LAST_LOGIN_DATE], [t0].[CREATE_DATE], [t0].[CREATE_USERID], [t0].[UPDATE_DATE], [t0].[UPDATE_USERID], [t0].[SKIN_ID], [t1].[ROLE_NAME] AS [roleName]
FROM [dbo].[SYS_USER_INFO] AS [t0]
INNER JOIN [dbo].[SYS_ROLE_INFO] AS [t1] ON [t0].[ROLE_ID] = [t1].[ROLE_ID]
WHERE (([t0].[USER_NO] = @p0) AND ([t0].[PASSWORD] = @p1)) OR (([t0].[USER_ID] = @p2) AND ([t0].[PASSWORD] = @p3))
2010-04-19 15-48-52:SELECT A.PARAM_ID,A.PARAM_NO,A.PARAM_NAME,A.PARAM_DESC,A.VALUE1,A.VALUE2,A.VALUE3 FROM SYS_PARAMETER A WHERE 1=1
2010-04-19 15-48-52:SELECT CAT_ID,CAT_DESC,CAT_RATE
                                  FROM PHONE_CAT
                                WHERE 1=1 
2010-04-19 15-48-52:SELECT A.ROOM_ID, A.ROOM_NO, A.ROOM_TYPE,C.CODE_DESC AS ROOM_TYPE_DESC, A.ROOM_RATES, A.STATUS, 
                             A.CREATE_DATE, A.CREATE_USERID, A.ROOM_PHONE, A.ROOM_NOTICE,A.UPDATE_DATE,A.UPDATE_USERID,
                             B.FLOOR_ID, B.FLOOR_NAME, B.STATUS AS FLOOR_STATUS
                             FROM BAS_ROOM_INFO AS A INNER JOIN
                             BAS_FLOOR_INFO AS B ON A.FLOOR_ID = B.FLOOR_ID
                            INNER JOIN SYS_LOOKUP_CODE AS C ON A.ROOM_TYPE=C.CODE_NO AND C.TABLE_NAME='BAS_ROOM_INFO'
                             AND C.COLUMN_NAME='ROOM_TYPE'  AND B.FLOOR_ID=1 ORDER BY ROOM_NO
2010-04-19 15-48-52:SELECT A.ROOM_ID, A.ROOM_NO, A.ROOM_TYPE,C.CODE_DESC AS ROOM_TYPE_DESC, A.ROOM_RATES, A.STATUS, 
                             A.CREATE_DATE, A.CREATE_USERID, A.ROOM_PHONE, A.ROOM_NOTICE,A.UPDATE_DATE,A.UPDATE_USERID,
                             B.FLOOR_ID, B.FLOOR_NAME, B.STATUS AS FLOOR_STATUS
                             FROM BAS_ROOM_INFO AS A INNER JOIN
                             BAS_FLOOR_INFO AS B ON A.FLOOR_ID = B.FLOOR_ID
                            INNER JOIN SYS_LOOKUP_CODE AS C ON A.ROOM_TYPE=C.CODE_NO AND C.TABLE_NAME='BAS_ROOM_INFO'
                             AND C.COLUMN_NAME='ROOM_TYPE'  AND B.FLOOR_ID=3 ORDER BY ROOM_NO
2010-04-19 15-48-52:SELECT A.ROOM_ID, A.ROOM_NO, A.ROOM_TYPE,C.CODE_DESC AS ROOM_TYPE_DESC, A.ROOM_RATES, A.STATUS, 
                             A.CREATE_DATE, A.CREATE_USERID, A.ROOM_PHONE, A.ROOM_NOTICE,A.UPDATE_DATE,A.UPDATE_USERID,
                             B.FLOOR_ID, B.FLOOR_NAME, B.STATUS AS FLOOR_STATUS
                             FROM BAS_ROOM_INFO AS A INNER JOIN
                             BAS_FLOOR_INFO AS B ON A.FLOOR_ID = B.FLOOR_ID
                            INNER JOIN SYS_LOOKUP_CODE AS C ON A.ROOM_TYPE=C.CODE_NO AND C.TABLE_NAME='BAS_ROOM_INFO'
                             AND C.COLUMN_NAME='ROOM_TYPE'  AND B.FLOOR_ID=4 ORDER BY ROOM_NO
2010-04-19 15-48-52:SELECT A.ROOM_ID, A.ROOM_NO, A.ROOM_TYPE,C.CODE_DESC AS ROOM_TYPE_DESC, A.ROOM_RATES, A.STATUS, 
                             A.CREATE_DATE, A.CREATE_USERID, A.ROOM_PHONE, A.ROOM_NOTICE,A.UPDATE_DATE,A.UPDATE_USERID,
                             B.FLOOR_ID, B.FLOOR_NAME, B.STATUS AS FLOOR_STATUS
                             FROM BAS_ROOM_INFO AS A INNER JOIN
                             BAS_FLOOR_INFO AS B ON A.FLOOR_ID = B.FLOOR_ID
                            INNER JOIN SYS_LOOKUP_CODE AS C ON A.ROOM_TYPE=C.CODE_NO AND C.TABLE_NAME='BAS_ROOM_INFO'
                             AND C.COLUMN_NAME='ROOM_TYPE'  AND B.FLOOR_ID=5 ORDER BY ROOM_NO
2010-04-19 15-48-52:SELECT A.ROOM_ID, A.ROOM_NO, A.ROOM_TYPE,C.CODE_DESC AS ROOM_TYPE_DESC, A.ROOM_RATES, A.STATUS, 
                             A.CREATE_DATE, A.CREATE_USERID, A.ROOM_PHONE, A.ROOM_NOTICE,A.UPDATE_DATE,A.UPDATE_USERID,
                             B.FLOOR_ID, B.FLOOR_NAME, B.STATUS AS FLOOR_STATUS
                             FROM BAS_ROOM_INFO AS A INNER JOIN
                             BAS_FLOOR_INFO AS B ON A.FLOOR_ID = B.FLOOR_ID
                            INNER JOIN SYS_LOOKUP_CODE AS C ON A.ROOM_TYPE=C.CODE_NO AND C.TABLE_NAME='BAS_ROOM_INFO'
                             AND C.COLUMN_NAME='ROOM_TYPE'  AND B.FLOOR_ID=6 ORDER BY ROOM_NO
2010-04-19 15-48-52:SELECT A.ROOM_ID, A.ROOM_NO, A.ROOM_TYPE,C.CODE_DESC AS ROOM_TYPE_DESC, A.ROOM_RATES, A.STATUS, 
                             A.CREATE_DATE, A.CREATE_USERID, A.ROOM_PHONE, A.ROOM_NOTICE,A.UPDATE_DATE,A.UPDATE_USERID,
                             B.FLOOR_ID, B.FLOOR_NAME, B.STATUS AS FLOOR_STATUS
                             FROM BAS_ROOM_INFO AS A INNER JOIN
                             BAS_FLOOR_INFO AS B ON A.FLOOR_ID = B.FLOOR_ID
                            INNER JOIN SYS_LOOKUP_CODE AS C ON A.ROOM_TYPE=C.CODE_NO AND C.TABLE_NAME='BAS_ROOM_INFO'
                             AND C.COLUMN_NAME='ROOM_TYPE'  AND B.FLOOR_ID=7 ORDER BY ROOM_NO
2010-04-19 15-48-52:SELECT A.ROOM_ID, A.ROOM_NO, A.ROOM_TYPE,C.CODE_DESC AS ROOM_TYPE_DESC, A.ROOM_RATES, A.STATUS, 
                             A.CREATE_DATE, A.CREATE_USERID, A.ROOM_PHONE, A.ROOM_NOTICE,A.UPDATE_DATE,A.UPDATE_USERID,
                             B.FLOOR_ID, B.FLOOR_NAME, B.STATUS AS FLOOR_STATUS
                             FROM BAS_ROOM_INFO AS A INNER JOIN
                             BAS_FLOOR_INFO AS B ON A.FLOOR_ID = B.FLOOR_ID
                            INNER JOIN SYS_LOOKUP_CODE AS C ON A.ROOM_TYPE=C.CODE_NO AND C.TABLE_NAME='BAS_ROOM_INFO'
                             AND C.COLUMN_NAME='ROOM_TYPE'  AND B.FLOOR_ID=8 ORDER BY ROOM_NO
2010-04-19 15-48-52:SELECT A.ROOM_ID, A.ROOM_NO, A.ROOM_TYPE,C.CODE_DESC AS ROOM_TYPE_DESC, A.ROOM_RATES, A.STATUS, 
                             A.CREATE_DATE, A.CREATE_USERID, A.ROOM_PHONE, A.ROOM_NOTICE,A.UPDATE_DATE,A.UPDATE_USERID,
                             B.FLOOR_ID, B.FLOOR_NAME, B.STATUS AS FLOOR_STATUS
                             FROM BAS_ROOM_INFO AS A INNER JOIN
                             BAS_FLOOR_INFO AS B ON A.FLOOR_ID = B.FLOOR_ID
                            INNER JOIN SYS_LOOKUP_CODE AS C ON A.ROOM_TYPE=C.CODE_NO AND C.TABLE_NAME='BAS_ROOM_INFO'
                             AND C.COLUMN_NAME='ROOM_TYPE'  ORDER BY ROOM_NO
2010-04-19 15-48-55:SELECT A.CODE_ID,A.CODE_NO,A.TABLE_NAME,A.COLUMN_NAME,A.CODE_DESC FROM SYS_LOOKUP_CODE A WHERE 1=1 AND A.TABLE_NAME='CUSTOMER_STAY_INFO' AND A.COLUMN_NAME='PAY_TYPE'
2010-04-19 15-48-55:SELECT A.STAY_ID,A.STAY_NO, A.ROOM_ID, A.MAIN_ROOM_ID, A.ROOM_STAY_TYPE,
                      A.START_DATE, A.END_DATE,A.HOURS, A.DEPOSIT, A.ROOM_RATES AS CURRENT_RATE,A.PAID_MONEY, A.PAY_TYPE, A.STATUS, A.TOTAL_MONEY, 
                      A.NOTICE, A.CREATE_DATE, A.CREATE_USERID,F.USER_NAME AS CREATE_USER_NAME,G.USER_NAME AS UPDATE_USER_NAME, A.UPDATE_DATE, 
                      A.UPDATE_USERID, B.CUSTOMER_ID, B.ID_CARD, B.NAME, B.SEX, B.NATION, 
                      B.BIRTHDAY, B.ADDRESS, B.COMPANY, B.PHONE, B.PICTURE, B.TYPE, E.STAY_TYPE,E.HIS_STATUS,E.HIS_ID,
                        E.START_TIME,E.END_TIME,
                      C.ROOM_NO, C.ROOM_TYPE, C.ROOM_RATES AS DEFAULT_RATE, C.ROOM_NOTICE,
                      C.ROOM_PHONE, C.STATUS AS ROOM_STATUS, C.FLOOR_ID,D.FLOOR_NAME
                     FROM CUSTOMER_STAY_INFO AS A INNER JOIN
                      CUSTOMER_STAY_HIS E ON A.STAY_ID =E.STAY_ID AND E.HIS_STATUS='O' INNER JOIN
                      CUSTOMER_INFO AS B ON E.CUSTOMER_ID = B.CUSTOMER_ID  INNER JOIN
                      BAS_ROOM_INFO AS C ON A.ROOM_ID = C.ROOM_ID INNER JOIN
                       SYS_USER_INFO AS F ON A.CREATE_USERID = F.USER_ID INNER JOIN
                    SYS_USER_INFO AS G ON A.UPDATE_USERID = G.USER_ID INNER JOIN
                      BAS_FLOOR_INFO AS D ON C.FLOOR_ID = D.FLOOR_ID WHERE 1=1 AND A.UPDATE_DATE BETWEEN '2010-04-19 00:00:00' AND '2010-04-19 23:00:00' AND A.STATUS='O'
2010-04-19 15-48-59:SELECT CONVERT(varchar(100), GETDATE(), 20)
2010-04-19 15-48-59:SELECT CAT_ID,CAT_DESC,CAT_RATE
                                  FROM PHONE_CAT
                                WHERE 1=1 
2010-04-19 15-48-59:SELECT A.STAY_ID,A.STAY_NO, A.ROOM_ID, A.MAIN_ROOM_ID, A.ROOM_STAY_TYPE,
                      A.START_DATE, A.END_DATE,A.HOURS, A.DEPOSIT, A.ROOM_RATES AS CURRENT_RATE,A.PAID_MONEY, A.PAY_TYPE,A.TOTAL_MONEY, A.STATUS, 
                      A.NOTICE, A.CREATE_DATE, A.CREATE_USERID,F.USER_NAME AS CREATE_USER_NAME,G.USER_NAME AS UPDATE_USER_NAME, A.UPDATE_DATE, 
                      A.UPDATE_USERID, B.CUSTOMER_ID, B.ID_CARD, B.NAME, B.SEX, B.NATION, 
                      B.BIRTHDAY, B.ADDRESS, B.COMPANY, B.PHONE, B.PICTURE, B.TYPE, E.STAY_TYPE,E.HIS_STATUS,E.HIS_ID,
                        E.START_TIME,E.END_TIME,
                      C.ROOM_NO, C.ROOM_TYPE, C.ROOM_RATES AS DEFAULT_RATE, C.ROOM_NOTICE,
                      C.ROOM_PHONE, C.STATUS AS ROOM_STATUS, C.FLOOR_ID,D.FLOOR_NAME
                     FROM CUSTOMER_STAY_INFO AS A INNER JOIN
                      CUSTOMER_STAY_HIS E ON A.STAY_ID =E.STAY_ID AND E.STAY_TYPE='M' AND E.HIS_STATUS='O' INNER JOIN
                      CUSTOMER_INFO AS B ON E.CUSTOMER_ID = B.CUSTOMER_ID  INNER JOIN
                      BAS_ROOM_INFO AS C ON A.ROOM_ID = C.ROOM_ID INNER JOIN
                       SYS_USER_INFO AS F ON A.CREATE_USERID = F.USER_ID INNER JOIN
                    SYS_USER_INFO AS G ON A.UPDATE_USERID = G.USER_ID INNER JOIN
                      BAS_FLOOR_INFO AS D ON C.FLOOR_ID = D.FLOOR_ID WHERE 1=1 AND A.ROOM_ID=25 AND A.STATUS='O'
2010-04-19 15-48-59:SELECT CONSUME_ID,A.STAY_ID, A.GOODS_ID, A.CREATE_DATE, A.CREATE_USERID, A.UPDATE_DATE, 
                              A.UPDATE_USERID, A.UNIT_PRICE, A.NUMBER, A.TOTAL,
                              B.GOODS_NAME, B.GOODS_UNIT, B.PRICE , B.TYPE, B.STATUS, 
                              D.ROOM_NO,E.USER_NAME
                        FROM CONSUME_DETAIL AS A INNER JOIN
                              CUSTOMER_STAY_INFO AS C ON A.STAY_ID = C.STAY_ID INNER JOIN
                              BAS_GOODS_INFO AS B ON A.GOODS_ID = B.GOODS_ID
                              INNER JOIN
                              BAS_ROOM_INFO AS D ON C.ROOM_ID = D.ROOM_ID
                              INNER JOIN
                              SYS_USER_INFO AS E ON A.CREATE_USERID = E.USER_ID WHERE 1=1 AND A.STAY_ID=456 ORDER BY A.CREATE_DATE
2010-04-19 15-49-00:SELECT A.PRINT_ID, A.PRINT_NAME, A.PRINT_NO,A.START_X,A.START_Y,A.TABLE_ALIGN, 
                              A.LAND_SCAPE,B.PRINT_DETAIL_ID, 
                              B.CONTENT_DESC, B.FONT_SIZE, B.FONT_COLOR, 
                              B.FONT_BOLD, B.FONT_UNDER_LINE, B.ALIGN, B.SITE_X, B.SITE_Y, B.BIND_VALUE, B.VALUE_TYPE,
                              B.CREATE_DATE, B.CREATE_USERID
                        FROM PRINT_HEADER AS A INNER JOIN
                              PRINT_DETAIL AS B ON A.PRINT_ID = B.PRINT_ID AND A.PRINT_NO='FormPayMoney'
2010-04-19 15-49-21:SELECT A.ROOM_ID, A.ROOM_NO, A.ROOM_TYPE,C.CODE_DESC AS ROOM_TYPE_DESC, A.ROOM_RATES, A.STATUS, 
                             A.CREATE_DATE, A.CREATE_USERID, A.ROOM_PHONE, A.ROOM_NOTICE,A.UPDATE_DATE,A.UPDATE_USERID,
                             B.FLOOR_ID, B.FLOOR_NAME, B.STATUS AS FLOOR_STATUS
                             FROM BAS_ROOM_INFO AS A INNER JOIN
                             BAS_FLOOR_INFO AS B ON A.FLOOR_ID = B.FLOOR_ID
                            INNER JOIN SYS_LOOKUP_CODE AS C ON A.ROOM_TYPE=C.CODE_NO AND C.TABLE_NAME='BAS_ROOM_INFO'
                             AND C.COLUMN_NAME='ROOM_TYPE'  AND B.FLOOR_ID=4 ORDER BY ROOM_NO
2010-04-19 15-49-21:SELECT A.ROOM_ID, A.ROOM_NO, A.ROOM_TYPE,C.CODE_DESC AS ROOM_TYPE_DESC, A.ROOM_RATES, A.STATUS, 
                             A.CREATE_DATE, A.CREATE_USERID, A.ROOM_PHONE, A.ROOM_NOTICE,A.UPDATE_DATE,A.UPDATE_USERID,
                             B.FLOOR_ID, B.FLOOR_NAME, B.STATUS AS FLOOR_STATUS
                             FROM BAS_ROOM_INFO AS A INNER JOIN
                             BAS_FLOOR_INFO AS B ON A.FLOOR_ID = B.FLOOR_ID
                            INNER JOIN SYS_LOOKUP_CODE AS C ON A.ROOM_TYPE=C.CODE_NO AND C.TABLE_NAME='BAS_ROOM_INFO'
                             AND C.COLUMN_NAME='ROOM_TYPE'  ORDER BY ROOM_NO
2010-04-19 15-49-22:SELECT A.STAY_ID,A.STAY_NO, A.ROOM_ID, A.MAIN_ROOM_ID, A.ROOM_STAY_TYPE,
                      A.START_DATE, A.END_DATE,A.HOURS, A.DEPOSIT, A.ROOM_RATES AS CURRENT_RATE,A.PAID_MONEY, A.PAY_TYPE,A.TOTAL_MONEY, A.STATUS, 
                      A.NOTICE, A.CREATE_DATE, A.CREATE_USERID,F.USER_NAME AS CREATE_USER_NAME,G.USER_NAME AS UPDATE_USER_NAME, A.UPDATE_DATE, 
                      A.UPDATE_USERID, B.CUSTOMER_ID, B.ID_CARD, B.NAME, B.SEX, B.NATION, 
                      B.BIRTHDAY, B.ADDRESS, B.COMPANY, B.PHONE, B.PICTURE, B.TYPE, E.STAY_TYPE,E.HIS_STATUS,E.HIS_ID,
                        E.START_TIME,E.END_TIME,
                      C.ROOM_NO, C.ROOM_TYPE, C.ROOM_RATES AS DEFAULT_RATE, C.ROOM_NOTICE,
                      C.ROOM_PHONE, C.STATUS AS ROOM_STATUS, C.FLOOR_ID,D.FLOOR_NAME
                     FROM CUSTOMER_STAY_INFO AS A INNER JOIN
                      CUSTOMER_STAY_HIS E ON A.STAY_ID =E.STAY_ID AND E.STAY_TYPE='M' AND E.HIS_STATUS='E' INNER JOIN
                      CUSTOMER_INFO AS B ON E.CUSTOMER_ID = B.CUSTOMER_ID  INNER JOIN
                      BAS_ROOM_INFO AS C ON A.ROOM_ID = C.ROOM_ID INNER JOIN
                       SYS_USER_INFO AS F ON A.CREATE_USERID = F.USER_ID INNER JOIN
                    SYS_USER_INFO AS G ON A.UPDATE_USERID = G.USER_ID INNER JOIN
                      BAS_FLOOR_INFO AS D ON C.FLOOR_ID = D.FLOOR_ID WHERE 1=1 AND A.ROOM_ID=22 AND A.STATUS='I'
2010-04-19 15-49-22:SELECT CONSUME_ID,A.STAY_ID, A.GOODS_ID, A.CREATE_DATE, A.CREATE_USERID, A.UPDATE_DATE, 
                              A.UPDATE_USERID, A.UNIT_PRICE, A.NUMBER, A.TOTAL,
                              B.GOODS_NAME, B.GOODS_UNIT, B.PRICE , B.TYPE, B.STATUS, 
                              D.ROOM_NO,E.USER_NAME
                        FROM CONSUME_DETAIL AS A INNER JOIN
                              CUSTOMER_STAY_INFO AS C ON A.STAY_ID = C.STAY_ID INNER JOIN
                              BAS_GOODS_INFO AS B ON A.GOODS_ID = B.GOODS_ID
                              INNER JOIN
                              BAS_ROOM_INFO AS D ON C.ROOM_ID = D.ROOM_ID
                              INNER JOIN
                              SYS_USER_INFO AS E ON A.CREATE_USERID = E.USER_ID WHERE 1=1 AND A.STAY_ID=442 ORDER BY A.CREATE_DATE
2010-04-19 15-49-22:SELECT CONVERT(varchar(100), GETDATE(), 20)
2010-04-19 15-49-22:SELECT CONVERT(varchar(100), GETDATE(), 20)
2010-04-19 15-49-23:SELECT CONVERT(varchar(100), GETDATE(), 20)
2010-04-19 15-49-23:SELECT CAT_ID,CAT_DESC,CAT_RATE
                                  FROM PHONE_CAT
                                WHERE 1=1 
2010-04-19 15-49-23:SELECT A.ROOM_ID, A.ROOM_NO, A.ROOM_TYPE,C.CODE_DESC AS ROOM_TYPE_DESC, A.ROOM_RATES, A.STATUS, 
                             A.CREATE_DATE, A.CREATE_USERID, A.ROOM_PHONE, A.ROOM_NOTICE,A.UPDATE_DATE,A.UPDATE_USERID,
                             B.FLOOR_ID, B.FLOOR_NAME, B.STATUS AS FLOOR_STATUS
                             FROM BAS_ROOM_INFO AS A INNER JOIN
                             BAS_FLOOR_INFO AS B ON A.FLOOR_ID = B.FLOOR_ID
                            INNER JOIN SYS_LOOKUP_CODE AS C ON A.ROOM_TYPE=C.CODE_NO AND C.TABLE_NAME='BAS_ROOM_INFO'
                             AND C.COLUMN_NAME='ROOM_TYPE'  AND A.STATUS IN ('I','T') ORDER BY ROOM_NO
2010-04-19 15-49-23:SELECT A.CODE_ID,A.CODE_NO,A.TABLE_NAME,A.COLUMN_NAME,A.CODE_DESC FROM SYS_LOOKUP_CODE A WHERE 1=1 AND A.TABLE_NAME='CUSTOMER_STAY_INFO' AND A.COLUMN_NAME='PAY_TYPE'
2010-04-19 15-49-23:SELECT A.STAY_ID,A.STAY_NO, A.ROOM_ID, A.MAIN_ROOM_ID, A.ROOM_STAY_TYPE,
                      A.START_DATE, A.END_DATE,A.HOURS, A.DEPOSIT, A.ROOM_RATES AS CURRENT_RATE,A.PAID_MONEY, A.PAY_TYPE,A.TOTAL_MONEY, A.STATUS, 
                      A.NOTICE, A.CREATE_DATE, A.CREATE_USERID,F.USER_NAME AS CREATE_USER_NAME,G.USER_NAME AS UPDATE_USER_NAME, A.UPDATE_DATE, 
                      A.UPDATE_USERID, B.CUSTOMER_ID, B.ID_CARD, B.NAME, B.SEX, B.NATION, 
                      B.BIRTHDAY, B.ADDRESS, B.COMPANY, B.PHONE, B.PICTURE, B.TYPE, E.STAY_TYPE,E.HIS_STATUS,E.HIS_ID,
                        E.START_TIME,E.END_TIME,
                      C.ROOM_NO, C.ROOM_TYPE, C.ROOM_RATES AS DEFAULT_RATE, C.ROOM_NOTICE,
                      C.ROOM_PHONE, C.STATUS AS ROOM_STATUS, C.FLOOR_ID,D.FLOOR_NAME
                     FROM CUSTOMER_STAY_INFO AS A INNER JOIN
                      CUSTOMER_STAY_HIS E ON A.STAY_ID =E.STAY_ID AND E.STAY_TYPE='M' AND E.HIS_STATUS='E' INNER JOIN
                      CUSTOMER_INFO AS B ON E.CUSTOMER_ID = B.CUSTOMER_ID  INNER JOIN
                      BAS_ROOM_INFO AS C ON A.ROOM_ID = C.ROOM_ID INNER JOIN
                       SYS_USER_INFO AS F ON A.CREATE_USERID = F.USER_ID INNER JOIN
                    SYS_USER_INFO AS G ON A.UPDATE_USERID = G.USER_ID INNER JOIN
                      BAS_FLOOR_INFO AS D ON C.FLOOR_ID = D.FLOOR_ID WHERE 1=1 AND A.ROOM_ID=22 AND A.STATUS='I'
2010-04-19 15-49-23:SELECT CONSUME_ID,A.STAY_ID, A.GOODS_ID, A.CREATE_DATE, A.CREATE_USERID, A.UPDATE_DATE, 
                              A.UPDATE_USERID, A.UNIT_PRICE, A.NUMBER, A.TOTAL,
                              B.GOODS_NAME, B.GOODS_UNIT, B.PRICE , B.TYPE, B.STATUS, 
                              D.ROOM_NO,E.USER_NAME
                        FROM CONSUME_DETAIL AS A INNER JOIN
                              CUSTOMER_STAY_INFO AS C ON A.STAY_ID = C.STAY_ID INNER JOIN
                              BAS_GOODS_INFO AS B ON A.GOODS_ID = B.GOODS_ID
                              INNER JOIN
                              BAS_ROOM_INFO AS D ON C.ROOM_ID = D.ROOM_ID
                              INNER JOIN
                              SYS_USER_INFO AS E ON A.CREATE_USERID = E.USER_ID WHERE 1=1 AND A.STAY_ID=442 ORDER BY A.CREATE_DATE
2010-04-19 15-49-23:SELECT CONVERT(varchar(100), GETDATE(), 20)
2010-04-19 15-49-23:SELECT A.STAY_ID,A.STAY_NO, A.ROOM_ID, A.MAIN_ROOM_ID, A.ROOM_STAY_TYPE,
                      A.START_DATE, A.END_DATE,A.HOURS, A.DEPOSIT, A.ROOM_RATES AS CURRENT_RATE,A.PAID_MONEY, A.PAY_TYPE,A.TOTAL_MONEY, A.STATUS, 
                      A.NOTICE, A.CREATE_DATE, A.CREATE_USERID,F.USER_NAME AS CREATE_USER_NAME,G.USER_NAME AS UPDATE_USER_NAME, A.UPDATE_DATE, 
                      A.UPDATE_USERID, B.CUSTOMER_ID, B.ID_CARD, B.NAME, B.SEX, B.NATION, 
                      B.BIRTHDAY, B.ADDRESS, B.COMPANY, B.PHONE, B.PICTURE, B.TYPE, E.STAY_TYPE,E.HIS_STATUS,E.HIS_ID,
                        E.START_TIME,E.END_TIME,
                      C.ROOM_NO, C.ROOM_TYPE, C.ROOM_RATES AS DEFAULT_RATE, C.ROOM_NOTICE,
                      C.ROOM_PHONE, C.STATUS AS ROOM_STATUS, C.FLOOR_ID,D.FLOOR_NAME
                     FROM CUSTOMER_STAY_INFO AS A INNER JOIN
                      CUSTOMER_STAY_HIS E ON A.STAY_ID =E.STAY_ID INNER JOIN
                      CUSTOMER_INFO AS B ON E.CUSTOMER_ID = B.CUSTOMER_ID  INNER JOIN
                      BAS_ROOM_INFO AS C ON A.ROOM_ID = C.ROOM_ID INNER JOIN
                       SYS_USER_INFO AS F ON A.CREATE_USERID = F.USER_ID INNER JOIN
                    SYS_USER_INFO AS G ON A.UPDATE_USERID = G.USER_ID INNER JOIN
                      BAS_FLOOR_INFO AS D ON C.FLOOR_ID = D.FLOOR_ID WHERE 1=1 AND A.ROOM_ID=32 AND A.STATUS='I'
2010-04-19 15-49-23:SELECT A.ROOM_ID,D.MAIN_ROOM_ID, A.ROOM_NO, A.ROOM_TYPE,C.CODE_DESC AS ROOM_TYPE_DESC, A.ROOM_RATES, A.STATUS, 
                             A.CREATE_DATE, A.CREATE_USERID, A.ROOM_PHONE,A.ROOM_NOTICE, A.UPDATE_DATE,A.UPDATE_USERID,
                             B.FLOOR_ID, B.FLOOR_NAME, B.STATUS AS FLOOR_STATUS
                             FROM BAS_ROOM_INFO AS A INNER JOIN
                              CUSTOMER_STAY_INFO AS D ON A.ROOM_ID=D.ROOM_ID  INNER JOIN
                             BAS_FLOOR_INFO AS B ON A.FLOOR_ID = B.FLOOR_ID
                            INNER JOIN SYS_LOOKUP_CODE AS C ON A.ROOM_TYPE=C.CODE_NO AND C.TABLE_NAME='BAS_ROOM_INFO'
                             AND C.COLUMN_NAME='ROOM_TYPE'  AND D.MAIN_ROOM_ID=52 AND D.STATUS='I'
2010-04-19 15-49-23:SELECT A.STAY_ID,A.STAY_NO, A.ROOM_ID, A.MAIN_ROOM_ID, A.ROOM_STAY_TYPE,
                      A.START_DATE, A.END_DATE,A.HOURS, A.DEPOSIT, A.ROOM_RATES AS CURRENT_RATE,A.PAID_MONEY, A.PAY_TYPE,A.TOTAL_MONEY, A.STATUS, 
                      A.NOTICE, A.CREATE_DATE, A.CREATE_USERID,F.USER_NAME AS CREATE_USER_NAME,G.USER_NAME AS UPDATE_USER_NAME, A.UPDATE_DATE, 
                      A.UPDATE_USERID, B.CUSTOMER_ID, B.ID_CARD, B.NAME, B.SEX, B.NATION, 
                      B.BIRTHDAY, B.ADDRESS, B.COMPANY, B.PHONE, B.PICTURE, B.TYPE, E.STAY_TYPE,E.HIS_STATUS,E.HIS_ID,
                        E.START_TIME,E.END_TIME,
                      C.ROOM_NO, C.ROOM_TYPE, C.ROOM_RATES AS DEFAULT_RATE, C.ROOM_NOTICE,
                      C.ROOM_PHONE, C.STATUS AS ROOM_STATUS, C.FLOOR_ID,D.FLOOR_NAME
                     FROM CUSTOMER_STAY_INFO AS A INNER JOIN
                      CUSTOMER_STAY_HIS E ON A.STAY_ID =E.STAY_ID INNER JOIN
                      CUSTOMER_INFO AS B ON E.CUSTOMER_ID = B.CUSTOMER_ID  INNER JOIN
                      BAS_ROOM_INFO AS C ON A.ROOM_ID = C.ROOM_ID INNER JOIN
                       SYS_USER_INFO AS F ON A.CREATE_USERID = F.USER_ID INNER JOIN
                    SYS_USER_INFO AS G ON A.UPDATE_USERID = G.USER_ID INNER JOIN
                      BAS_FLOOR_INFO AS D ON C.FLOOR_ID = D.FLOOR_ID WHERE 1=1 AND A.ROOM_ID=51 AND A.STATUS='I'
2010-04-19 15-49-23:SELECT A.ROOM_ID,D.MAIN_ROOM_ID, A.ROOM_NO, A.ROOM_TYPE,C.CODE_DESC AS ROOM_TYPE_DESC, A.ROOM_RATES, A.STATUS, 
                             A.CREATE_DATE, A.CREATE_USERID, A.ROOM_PHONE,A.ROOM_NOTICE, A.UPDATE_DATE,A.UPDATE_USERID,
                             B.FLOOR_ID, B.FLOOR_NAME, B.STATUS AS FLOOR_STATUS
                             FROM BAS_ROOM_INFO AS A INNER JOIN
                              CUSTOMER_STAY_INFO AS D ON A.ROOM_ID=D.ROOM_ID  INNER JOIN
                             BAS_FLOOR_INFO AS B ON A.FLOOR_ID = B.FLOOR_ID
                            INNER JOIN SYS_LOOKUP_CODE AS C ON A.ROOM_TYPE=C.CODE_NO AND C.TABLE_NAME='BAS_ROOM_INFO'
                             AND C.COLUMN_NAME='ROOM_TYPE'  AND D.MAIN_ROOM_ID=56 AND D.STATUS='I'
2010-04-19 15-49-25:SELECT A.PRINT_ID, A.PRINT_NAME, A.PRINT_NO,A.START_X,A.START_Y,A.TABLE_ALIGN, 
                              A.LAND_SCAPE,B.PRINT_DETAIL_ID, 
                              B.CONTENT_DESC, B.FONT_SIZE, B.FONT_COLOR, 
                              B.FONT_BOLD, B.FONT_UNDER_LINE, B.ALIGN, B.SITE_X, B.SITE_Y, B.BIND_VALUE, B.VALUE_TYPE,
                              B.CREATE_DATE, B.CREATE_USERID
                        FROM PRINT_HEADER AS A INNER JOIN
                              PRINT_DETAIL AS B ON A.PRINT_ID = B.PRINT_ID AND A.PRINT_NO='FormPayMoney'
2010-04-19 15-49-45:SELECT A.CODE_ID,A.CODE_NO,A.TABLE_NAME,A.COLUMN_NAME,A.CODE_DESC FROM SYS_LOOKUP_CODE A WHERE 1=1 AND A.TABLE_NAME='CUSTOMER_STAY_INFO' AND A.COLUMN_NAME='PAY_TYPE'
2010-04-19 15-49-46:SELECT A.STAY_ID,A.STAY_NO, A.ROOM_ID, A.MAIN_ROOM_ID, A.ROOM_STAY_TYPE,
                      A.START_DATE, A.END_DATE,A.HOURS, A.DEPOSIT, A.ROOM_RATES AS CURRENT_RATE,A.PAID_MONEY, A.PAY_TYPE, A.STATUS, A.TOTAL_MONEY, 
                      A.NOTICE, A.CREATE_DATE, A.CREATE_USERID,F.USER_NAME AS CREATE_USER_NAME,G.USER_NAME AS UPDATE_USER_NAME, A.UPDATE_DATE, 
                      A.UPDATE_USERID, B.CUSTOMER_ID, B.ID_CARD, B.NAME, B.SEX, B.NATION, 
                      B.BIRTHDAY, B.ADDRESS, B.COMPANY, B.PHONE, B.PICTURE, B.TYPE, E.STAY_TYPE,E.HIS_STATUS,E.HIS_ID,
                        E.START_TIME,E.END_TIME,
                      C.ROOM_NO, C.ROOM_TYPE, C.ROOM_RATES AS DEFAULT_RATE, C.ROOM_NOTICE,
                      C.ROOM_PHONE, C.STATUS AS ROOM_STATUS, C.FLOOR_ID,D.FLOOR_NAME
                     FROM CUSTOMER_STAY_INFO AS A INNER JOIN
                      CUSTOMER_STAY_HIS E ON A.STAY_ID =E.STAY_ID AND E.HIS_STATUS='O' INNER JOIN
                      CUSTOMER_INFO AS B ON E.CUSTOMER_ID = B.CUSTOMER_ID  INNER JOIN
                      BAS_ROOM_INFO AS C ON A.ROOM_ID = C.ROOM_ID INNER JOIN
                       SYS_USER_INFO AS F ON A.CREATE_USERID = F.USER_ID INNER JOIN
                    SYS_USER_INFO AS G ON A.UPDATE_USERID = G.USER_ID INNER JOIN
                      BAS_FLOOR_INFO AS D ON C.FLOOR_ID = D.FLOOR_ID WHERE 1=1 AND A.UPDATE_DATE BETWEEN '2010-04-19 00:00:00' AND '2010-04-19 23:00:00' AND A.STATUS='O'
2010-04-19 15-49-54:SELECT CONVERT(varchar(100), GETDATE(), 20)
2010-04-19 15-49-54:SELECT CAT_ID,CAT_DESC,CAT_RATE
                                  FROM PHONE_CAT
                                WHERE 1=1 
2010-04-19 15-49-54:SELECT A.STAY_ID,A.STAY_NO, A.ROOM_ID, A.MAIN_ROOM_ID, A.ROOM_STAY_TYPE,
                      A.START_DATE, A.END_DATE,A.HOURS, A.DEPOSIT, A.ROOM_RATES AS CURRENT_RATE,A.PAID_MONEY, A.PAY_TYPE,A.TOTAL_MONEY, A.STATUS, 
                      A.NOTICE, A.CREATE_DATE, A.CREATE_USERID,F.USER_NAME AS CREATE_USER_NAME,G.USER_NAME AS UPDATE_USER_NAME, A.UPDATE_DATE, 
                      A.UPDATE_USERID, B.CUSTOMER_ID, B.ID_CARD, B.NAME, B.SEX, B.NATION, 
                      B.BIRTHDAY, B.ADDRESS, B.COMPANY, B.PHONE, B.PICTURE, B.TYPE, E.STAY_TYPE,E.HIS_STATUS,E.HIS_ID,
                        E.START_TIME,E.END_TIME,
                      C.ROOM_NO, C.ROOM_TYPE, C.ROOM_RATES AS DEFAULT_RATE, C.ROOM_NOTICE,
                      C.ROOM_PHONE, C.STATUS AS ROOM_STATUS, C.FLOOR_ID,D.FLOOR_NAME
                     FROM CUSTOMER_STAY_INFO AS A INNER JOIN
                      CUSTOMER_STAY_HIS E ON A.STAY_ID =E.STAY_ID AND E.STAY_TYPE='M' AND E.HIS_STATUS='O' INNER JOIN
                      CUSTOMER_INFO AS B ON E.CUSTOMER_ID = B.CUSTOMER_ID  INNER JOIN
                      BAS_ROOM_INFO AS C ON A.ROOM_ID = C.ROOM_ID INNER JOIN
                       SYS_USER_INFO AS F ON A.CREATE_USERID = F.USER_ID INNER JOIN
                    SYS_USER_INFO AS G ON A.UPDATE_USERID = G.USER_ID INNER JOIN
                      BAS_FLOOR_INFO AS D ON C.FLOOR_ID = D.FLOOR_ID WHERE 1=1 AND A.ROOM_ID=25 AND A.STATUS='O'
2010-04-19 15-49-54:SELECT CONSUME_ID,A.STAY_ID, A.GOODS_ID, A.CREATE_DATE, A.CREATE_USERID, A.UPDATE_DATE, 
                              A.UPDATE_USERID, A.UNIT_PRICE, A.NUMBER, A.TOTAL,
                              B.GOODS_NAME, B.GOODS_UNIT, B.PRICE , B.TYPE, B.STATUS, 
                              D.ROOM_NO,E.USER_NAME
                        FROM CONSUME_DETAIL AS A INNER JOIN
                              CUSTOMER_STAY_INFO AS C ON A.STAY_ID = C.STAY_ID INNER JOIN
                              BAS_GOODS_INFO AS B ON A.GOODS_ID = B.GOODS_ID
                              INNER JOIN
                              BAS_ROOM_INFO AS D ON C.ROOM_ID = D.ROOM_ID
                              INNER JOIN
                              SYS_USER_INFO AS E ON A.CREATE_USERID = E.USER_ID WHERE 1=1 AND A.STAY_ID=456 ORDER BY A.CREATE_DATE
2010-04-19 15-49-57:SELECT A.PRINT_ID, A.PRINT_NAME, A.PRINT_NO,A.START_X,A.START_Y,A.TABLE_ALIGN, 
                              A.LAND_SCAPE,B.PRINT_DETAIL_ID, 
                              B.CONTENT_DESC, B.FONT_SIZE, B.FONT_COLOR, 
                              B.FONT_BOLD, B.FONT_UNDER_LINE, B.ALIGN, B.SITE_X, B.SITE_Y, B.BIND_VALUE, B.VALUE_TYPE,
                              B.CREATE_DATE, B.CREATE_USERID
                        FROM PRINT_HEADER AS A INNER JOIN
                              PRINT_DETAIL AS B ON A.PRINT_ID = B.PRINT_ID AND A.PRINT_NO='FormPayMoney'
