2010-04-16 08-44-18:SELECT [t0].[USER_ID], [t0].[USER_NO], [t0].[USER_NAME], [t0].[PASSWORD], [t0].[STATUS], [t0].[ROLE_ID], [t0].[LAST_LOGIN_IP], [t0].[LAST_LOGIN_DATE], [t0].[CREATE_DATE], [t0].[CREATE_USERID], [t0].[UPDATE_DATE], [t0].[UPDATE_USERID], [t0].[SKIN_ID], [t1].[ROLE_NAME] AS [roleName]
FROM [dbo].[SYS_USER_INFO] AS [t0]
INNER JOIN [dbo].[SYS_ROLE_INFO] AS [t1] ON [t0].[ROLE_ID] = [t1].[ROLE_ID]
WHERE (([t0].[USER_NO] = @p0) AND ([t0].[PASSWORD] = @p1)) OR (([t0].[USER_ID] = @p2) AND ([t0].[PASSWORD] = @p3))
2010-04-16 08-44-19:SELECT A.PARAM_ID,A.PARAM_NO,A.PARAM_NAME,A.PARAM_DESC,A.VALUE1,A.VALUE2,A.VALUE3 FROM SYS_PARAMETER A WHERE 1=1
2010-04-16 08-44-19:SELECT CAT_ID,CAT_DESC,CAT_RATE
                                  FROM PHONE_CAT
                                WHERE 1=1 
2010-04-16 08-44-19:SELECT A.ROOM_ID, A.ROOM_NO, A.ROOM_TYPE,C.CODE_DESC AS ROOM_TYPE_DESC, A.ROOM_RATES, A.STATUS, 
                             A.CREATE_DATE, A.CREATE_USERID, A.ROOM_PHONE, A.ROOM_NOTICE,A.UPDATE_DATE,A.UPDATE_USERID,
                             B.FLOOR_ID, B.FLOOR_NAME, B.STATUS AS FLOOR_STATUS
                             FROM BAS_ROOM_INFO AS A INNER JOIN
                             BAS_FLOOR_INFO AS B ON A.FLOOR_ID = B.FLOOR_ID
                            INNER JOIN SYS_LOOKUP_CODE AS C ON A.ROOM_TYPE=C.CODE_NO AND C.TABLE_NAME='BAS_ROOM_INFO'
                             AND C.COLUMN_NAME='ROOM_TYPE'  AND B.FLOOR_ID=1 ORDER BY ROOM_NO
2010-04-16 08-44-19:SELECT A.ROOM_ID, A.ROOM_NO, A.ROOM_TYPE,C.CODE_DESC AS ROOM_TYPE_DESC, A.ROOM_RATES, A.STATUS, 
                             A.CREATE_DATE, A.CREATE_USERID, A.ROOM_PHONE, A.ROOM_NOTICE,A.UPDATE_DATE,A.UPDATE_USERID,
                             B.FLOOR_ID, B.FLOOR_NAME, B.STATUS AS FLOOR_STATUS
                             FROM BAS_ROOM_INFO AS A INNER JOIN
                             BAS_FLOOR_INFO AS B ON A.FLOOR_ID = B.FLOOR_ID
                            INNER JOIN SYS_LOOKUP_CODE AS C ON A.ROOM_TYPE=C.CODE_NO AND C.TABLE_NAME='BAS_ROOM_INFO'
                             AND C.COLUMN_NAME='ROOM_TYPE'  AND B.FLOOR_ID=3 ORDER BY ROOM_NO
2010-04-16 08-44-19:SELECT A.ROOM_ID, A.ROOM_NO, A.ROOM_TYPE,C.CODE_DESC AS ROOM_TYPE_DESC, A.ROOM_RATES, A.STATUS, 
                             A.CREATE_DATE, A.CREATE_USERID, A.ROOM_PHONE, A.ROOM_NOTICE,A.UPDATE_DATE,A.UPDATE_USERID,
                             B.FLOOR_ID, B.FLOOR_NAME, B.STATUS AS FLOOR_STATUS
                             FROM BAS_ROOM_INFO AS A INNER JOIN
                             BAS_FLOOR_INFO AS B ON A.FLOOR_ID = B.FLOOR_ID
                            INNER JOIN SYS_LOOKUP_CODE AS C ON A.ROOM_TYPE=C.CODE_NO AND C.TABLE_NAME='BAS_ROOM_INFO'
                             AND C.COLUMN_NAME='ROOM_TYPE'  AND B.FLOOR_ID=4 ORDER BY ROOM_NO
2010-04-16 08-44-19:SELECT A.ROOM_ID, A.ROOM_NO, A.ROOM_TYPE,C.CODE_DESC AS ROOM_TYPE_DESC, A.ROOM_RATES, A.STATUS, 
                             A.CREATE_DATE, A.CREATE_USERID, A.ROOM_PHONE, A.ROOM_NOTICE,A.UPDATE_DATE,A.UPDATE_USERID,
                             B.FLOOR_ID, B.FLOOR_NAME, B.STATUS AS FLOOR_STATUS
                             FROM BAS_ROOM_INFO AS A INNER JOIN
                             BAS_FLOOR_INFO AS B ON A.FLOOR_ID = B.FLOOR_ID
                            INNER JOIN SYS_LOOKUP_CODE AS C ON A.ROOM_TYPE=C.CODE_NO AND C.TABLE_NAME='BAS_ROOM_INFO'
                             AND C.COLUMN_NAME='ROOM_TYPE'  AND B.FLOOR_ID=5 ORDER BY ROOM_NO
2010-04-16 08-44-19:SELECT A.ROOM_ID, A.ROOM_NO, A.ROOM_TYPE,C.CODE_DESC AS ROOM_TYPE_DESC, A.ROOM_RATES, A.STATUS, 
                             A.CREATE_DATE, A.CREATE_USERID, A.ROOM_PHONE, A.ROOM_NOTICE,A.UPDATE_DATE,A.UPDATE_USERID,
                             B.FLOOR_ID, B.FLOOR_NAME, B.STATUS AS FLOOR_STATUS
                             FROM BAS_ROOM_INFO AS A INNER JOIN
                             BAS_FLOOR_INFO AS B ON A.FLOOR_ID = B.FLOOR_ID
                            INNER JOIN SYS_LOOKUP_CODE AS C ON A.ROOM_TYPE=C.CODE_NO AND C.TABLE_NAME='BAS_ROOM_INFO'
                             AND C.COLUMN_NAME='ROOM_TYPE'  AND B.FLOOR_ID=6 ORDER BY ROOM_NO
2010-04-16 08-44-19:SELECT A.ROOM_ID, A.ROOM_NO, A.ROOM_TYPE,C.CODE_DESC AS ROOM_TYPE_DESC, A.ROOM_RATES, A.STATUS, 
                             A.CREATE_DATE, A.CREATE_USERID, A.ROOM_PHONE, A.ROOM_NOTICE,A.UPDATE_DATE,A.UPDATE_USERID,
                             B.FLOOR_ID, B.FLOOR_NAME, B.STATUS AS FLOOR_STATUS
                             FROM BAS_ROOM_INFO AS A INNER JOIN
                             BAS_FLOOR_INFO AS B ON A.FLOOR_ID = B.FLOOR_ID
                            INNER JOIN SYS_LOOKUP_CODE AS C ON A.ROOM_TYPE=C.CODE_NO AND C.TABLE_NAME='BAS_ROOM_INFO'
                             AND C.COLUMN_NAME='ROOM_TYPE'  AND B.FLOOR_ID=7 ORDER BY ROOM_NO
2010-04-16 08-44-19:SELECT A.ROOM_ID, A.ROOM_NO, A.ROOM_TYPE,C.CODE_DESC AS ROOM_TYPE_DESC, A.ROOM_RATES, A.STATUS, 
                             A.CREATE_DATE, A.CREATE_USERID, A.ROOM_PHONE, A.ROOM_NOTICE,A.UPDATE_DATE,A.UPDATE_USERID,
                             B.FLOOR_ID, B.FLOOR_NAME, B.STATUS AS FLOOR_STATUS
                             FROM BAS_ROOM_INFO AS A INNER JOIN
                             BAS_FLOOR_INFO AS B ON A.FLOOR_ID = B.FLOOR_ID
                            INNER JOIN SYS_LOOKUP_CODE AS C ON A.ROOM_TYPE=C.CODE_NO AND C.TABLE_NAME='BAS_ROOM_INFO'
                             AND C.COLUMN_NAME='ROOM_TYPE'  AND B.FLOOR_ID=8 ORDER BY ROOM_NO
2010-04-16 08-44-19:SELECT A.ROOM_ID, A.ROOM_NO, A.ROOM_TYPE,C.CODE_DESC AS ROOM_TYPE_DESC, A.ROOM_RATES, A.STATUS, 
                             A.CREATE_DATE, A.CREATE_USERID, A.ROOM_PHONE, A.ROOM_NOTICE,A.UPDATE_DATE,A.UPDATE_USERID,
                             B.FLOOR_ID, B.FLOOR_NAME, B.STATUS AS FLOOR_STATUS
                             FROM BAS_ROOM_INFO AS A INNER JOIN
                             BAS_FLOOR_INFO AS B ON A.FLOOR_ID = B.FLOOR_ID
                            INNER JOIN SYS_LOOKUP_CODE AS C ON A.ROOM_TYPE=C.CODE_NO AND C.TABLE_NAME='BAS_ROOM_INFO'
                             AND C.COLUMN_NAME='ROOM_TYPE'  ORDER BY ROOM_NO
2010-04-16 08-44-22:SELECT A.CODE_ID,A.CODE_NO,A.TABLE_NAME,A.COLUMN_NAME,A.CODE_DESC FROM SYS_LOOKUP_CODE A WHERE 1=1 AND A.TABLE_NAME='CUSTOMER_STAY_INFO' AND A.COLUMN_NAME='STATUS'
2010-04-16 08-44-22:SELECT A.CODE_ID,A.CODE_NO,A.TABLE_NAME,A.COLUMN_NAME,A.CODE_DESC FROM SYS_LOOKUP_CODE A WHERE 1=1 AND A.TABLE_NAME='CUSTOMER_STAY_INFO' AND A.COLUMN_NAME='PAY_TYPE'
2010-04-16 08-44-24:SELECT A.STAY_ID,A.STAY_NO, A.ROOM_ID, A.MAIN_ROOM_ID, A.ROOM_STAY_TYPE,
                      A.START_DATE, A.END_DATE,A.HOURS, A.DEPOSIT, A.ROOM_RATES AS CURRENT_RATE,A.PAID_MONEY, A.PAY_TYPE, A.STATUS, A.TOTAL_MONEY, 
                      A.NOTICE, A.CREATE_DATE, A.CREATE_USERID,F.USER_NAME AS CREATE_USER_NAME,G.USER_NAME AS UPDATE_USER_NAME, A.UPDATE_DATE, 
                      A.UPDATE_USERID, B.CUSTOMER_ID, B.ID_CARD, B.NAME, B.SEX, B.NATION, 
                      B.BIRTHDAY, B.ADDRESS, B.COMPANY, B.PHONE, B.PICTURE, B.TYPE, E.STAY_TYPE,E.HIS_STATUS,E.HIS_ID,
                      C.ROOM_NO, C.ROOM_TYPE, C.ROOM_RATES AS DEFAULT_RATE, C.ROOM_NOTICE,
                      C.ROOM_PHONE, C.STATUS AS ROOM_STATUS, C.FLOOR_ID,D.FLOOR_NAME
                     FROM CUSTOMER_STAY_INFO AS A LEFT JOIN
                      CUSTOMER_STAY_HIS E ON A.STAY_ID =E.STAY_ID AND E.HIS_STATUS='E' LEFT JOIN
                      CUSTOMER_INFO AS B ON E.CUSTOMER_ID = B.CUSTOMER_ID  INNER JOIN
                      BAS_ROOM_INFO AS C ON A.ROOM_ID = C.ROOM_ID INNER JOIN
                       SYS_USER_INFO AS F ON A.CREATE_USERID = F.USER_ID INNER JOIN
                    SYS_USER_INFO AS G ON A.UPDATE_USERID = G.USER_ID INNER JOIN
                      BAS_FLOOR_INFO AS D ON C.FLOOR_ID = D.FLOOR_ID WHERE 1=1
2010-04-16 08-44-24:SELECT CONVERT(varchar(100), GETDATE(), 20)
2010-04-16 08-44-26:SELECT A.STAY_ID,A.STAY_NO, A.ROOM_ID, A.MAIN_ROOM_ID, A.ROOM_STAY_TYPE,
                      A.START_DATE, A.END_DATE,A.HOURS, A.DEPOSIT, A.ROOM_RATES AS CURRENT_RATE,A.PAID_MONEY, A.PAY_TYPE, A.STATUS, A.TOTAL_MONEY, 
                      A.NOTICE, A.CREATE_DATE, A.CREATE_USERID,F.USER_NAME AS CREATE_USER_NAME,G.USER_NAME AS UPDATE_USER_NAME, A.UPDATE_DATE, 
                      A.UPDATE_USERID, B.CUSTOMER_ID, B.ID_CARD, B.NAME, B.SEX, B.NATION, 
                      B.BIRTHDAY, B.ADDRESS, B.COMPANY, B.PHONE, B.PICTURE, B.TYPE, E.STAY_TYPE,E.HIS_STATUS,E.HIS_ID,
                      C.ROOM_NO, C.ROOM_TYPE, C.ROOM_RATES AS DEFAULT_RATE, C.ROOM_NOTICE,
                      C.ROOM_PHONE, C.STATUS AS ROOM_STATUS, C.FLOOR_ID,D.FLOOR_NAME
                     FROM CUSTOMER_STAY_INFO AS A LEFT JOIN
                      CUSTOMER_STAY_HIS E ON A.STAY_ID =E.STAY_ID AND E.HIS_STATUS='E' LEFT JOIN
                      CUSTOMER_INFO AS B ON E.CUSTOMER_ID = B.CUSTOMER_ID  INNER JOIN
                      BAS_ROOM_INFO AS C ON A.ROOM_ID = C.ROOM_ID INNER JOIN
                       SYS_USER_INFO AS F ON A.CREATE_USERID = F.USER_ID INNER JOIN
                    SYS_USER_INFO AS G ON A.UPDATE_USERID = G.USER_ID INNER JOIN
                      BAS_FLOOR_INFO AS D ON C.FLOOR_ID = D.FLOOR_ID WHERE 1=1 AND A.UPDATE_DATE BETWEEN '2010-04-16 00:00:00' AND '2010-04-16 23:00:00'
2010-04-16 08-44-26:SELECT CONVERT(varchar(100), GETDATE(), 20)
2010-04-16 08-44-30:SELECT A.STAY_ID,A.STAY_NO, A.ROOM_ID, A.MAIN_ROOM_ID, A.ROOM_STAY_TYPE,
                      A.START_DATE, A.END_DATE,A.HOURS, A.DEPOSIT, A.ROOM_RATES AS CURRENT_RATE,A.PAID_MONEY, A.PAY_TYPE, A.STATUS, A.TOTAL_MONEY, 
                      A.NOTICE, A.CREATE_DATE, A.CREATE_USERID,F.USER_NAME AS CREATE_USER_NAME,G.USER_NAME AS UPDATE_USER_NAME, A.UPDATE_DATE, 
                      A.UPDATE_USERID, B.CUSTOMER_ID, B.ID_CARD, B.NAME, B.SEX, B.NATION, 
                      B.BIRTHDAY, B.ADDRESS, B.COMPANY, B.PHONE, B.PICTURE, B.TYPE, E.STAY_TYPE,E.HIS_STATUS,E.HIS_ID,
                      C.ROOM_NO, C.ROOM_TYPE, C.ROOM_RATES AS DEFAULT_RATE, C.ROOM_NOTICE,
                      C.ROOM_PHONE, C.STATUS AS ROOM_STATUS, C.FLOOR_ID,D.FLOOR_NAME
                     FROM CUSTOMER_STAY_INFO AS A LEFT JOIN
                      CUSTOMER_STAY_HIS E ON A.STAY_ID =E.STAY_ID AND E.HIS_STATUS='E' LEFT JOIN
                      CUSTOMER_INFO AS B ON E.CUSTOMER_ID = B.CUSTOMER_ID  INNER JOIN
                      BAS_ROOM_INFO AS C ON A.ROOM_ID = C.ROOM_ID INNER JOIN
                       SYS_USER_INFO AS F ON A.CREATE_USERID = F.USER_ID INNER JOIN
                    SYS_USER_INFO AS G ON A.UPDATE_USERID = G.USER_ID INNER JOIN
                      BAS_FLOOR_INFO AS D ON C.FLOOR_ID = D.FLOOR_ID WHERE 1=1 AND A.UPDATE_DATE BETWEEN '2010-04-15 00:00:00' AND '2010-04-16 23:00:00'
2010-04-16 08-44-30:SELECT CONVERT(varchar(100), GETDATE(), 20)
