2010-04-30 09-17-19:SELECT [t0].[USER_ID], [t0].[USER_NO], [t0].[USER_NAME], [t0].[PASSWORD], [t0].[STATUS], [t0].[ROLE_ID], [t0].[LAST_LOGIN_IP], [t0].[LAST_LOGIN_DATE], [t0].[CREATE_DATE], [t0].[CREATE_USERID], [t0].[UPDATE_DATE], [t0].[UPDATE_USERID], [t0].[SKIN_ID], [t1].[ROLE_NAME] AS [roleName]
FROM [dbo].[SYS_USER_INFO] AS [t0]
INNER JOIN [dbo].[SYS_ROLE_INFO] AS [t1] ON [t0].[ROLE_ID] = [t1].[ROLE_ID]
WHERE (([t0].[USER_NO] = @p0) AND ([t0].[PASSWORD] = @p1)) OR (([t0].[USER_ID] = @p2) AND ([t0].[PASSWORD] = @p3))
2010-04-30 09-17-21:SELECT A.PARAM_ID,A.PARAM_NO,A.PARAM_NAME,A.PARAM_DESC,A.VALUE1,A.VALUE2,A.VALUE3 FROM SYS_PARAMETER A WHERE 1=1
2010-04-30 09-17-21:SELECT CAT_ID,CAT_DESC,CAT_RATE
                                  FROM PHONE_CAT
                                WHERE 1=1 
2010-04-30 09-17-21:SELECT A.ROOM_ID, A.ROOM_NO, A.ROOM_TYPE,C.CODE_DESC AS ROOM_TYPE_DESC, A.ROOM_RATES, A.STATUS, 
                             A.CREATE_DATE, A.CREATE_USERID, A.ROOM_PHONE, A.ROOM_NOTICE,A.UPDATE_DATE,A.UPDATE_USERID,
                             B.FLOOR_ID, B.FLOOR_NAME, B.STATUS AS FLOOR_STATUS
                             FROM BAS_ROOM_INFO AS A INNER JOIN
                             BAS_FLOOR_INFO AS B ON A.FLOOR_ID = B.FLOOR_ID
                            INNER JOIN SYS_LOOKUP_CODE AS C ON A.ROOM_TYPE=C.CODE_NO AND C.TABLE_NAME='BAS_ROOM_INFO'
                             AND C.COLUMN_NAME='ROOM_TYPE'  AND B.FLOOR_ID=1 ORDER BY ROOM_NO
2010-04-30 09-17-21:SELECT A.ROOM_ID, A.ROOM_NO, A.ROOM_TYPE,C.CODE_DESC AS ROOM_TYPE_DESC, A.ROOM_RATES, A.STATUS, 
                             A.CREATE_DATE, A.CREATE_USERID, A.ROOM_PHONE, A.ROOM_NOTICE,A.UPDATE_DATE,A.UPDATE_USERID,
                             B.FLOOR_ID, B.FLOOR_NAME, B.STATUS AS FLOOR_STATUS
                             FROM BAS_ROOM_INFO AS A INNER JOIN
                             BAS_FLOOR_INFO AS B ON A.FLOOR_ID = B.FLOOR_ID
                            INNER JOIN SYS_LOOKUP_CODE AS C ON A.ROOM_TYPE=C.CODE_NO AND C.TABLE_NAME='BAS_ROOM_INFO'
                             AND C.COLUMN_NAME='ROOM_TYPE'  AND B.FLOOR_ID=3 ORDER BY ROOM_NO
2010-04-30 09-17-21:SELECT A.ROOM_ID, A.ROOM_NO, A.ROOM_TYPE,C.CODE_DESC AS ROOM_TYPE_DESC, A.ROOM_RATES, A.STATUS, 
                             A.CREATE_DATE, A.CREATE_USERID, A.ROOM_PHONE, A.ROOM_NOTICE,A.UPDATE_DATE,A.UPDATE_USERID,
                             B.FLOOR_ID, B.FLOOR_NAME, B.STATUS AS FLOOR_STATUS
                             FROM BAS_ROOM_INFO AS A INNER JOIN
                             BAS_FLOOR_INFO AS B ON A.FLOOR_ID = B.FLOOR_ID
                            INNER JOIN SYS_LOOKUP_CODE AS C ON A.ROOM_TYPE=C.CODE_NO AND C.TABLE_NAME='BAS_ROOM_INFO'
                             AND C.COLUMN_NAME='ROOM_TYPE'  AND B.FLOOR_ID=4 ORDER BY ROOM_NO
2010-04-30 09-17-21:SELECT A.ROOM_ID, A.ROOM_NO, A.ROOM_TYPE,C.CODE_DESC AS ROOM_TYPE_DESC, A.ROOM_RATES, A.STATUS, 
                             A.CREATE_DATE, A.CREATE_USERID, A.ROOM_PHONE, A.ROOM_NOTICE,A.UPDATE_DATE,A.UPDATE_USERID,
                             B.FLOOR_ID, B.FLOOR_NAME, B.STATUS AS FLOOR_STATUS
                             FROM BAS_ROOM_INFO AS A INNER JOIN
                             BAS_FLOOR_INFO AS B ON A.FLOOR_ID = B.FLOOR_ID
                            INNER JOIN SYS_LOOKUP_CODE AS C ON A.ROOM_TYPE=C.CODE_NO AND C.TABLE_NAME='BAS_ROOM_INFO'
                             AND C.COLUMN_NAME='ROOM_TYPE'  AND B.FLOOR_ID=5 ORDER BY ROOM_NO
2010-04-30 09-17-21:SELECT A.ROOM_ID, A.ROOM_NO, A.ROOM_TYPE,C.CODE_DESC AS ROOM_TYPE_DESC, A.ROOM_RATES, A.STATUS, 
                             A.CREATE_DATE, A.CREATE_USERID, A.ROOM_PHONE, A.ROOM_NOTICE,A.UPDATE_DATE,A.UPDATE_USERID,
                             B.FLOOR_ID, B.FLOOR_NAME, B.STATUS AS FLOOR_STATUS
                             FROM BAS_ROOM_INFO AS A INNER JOIN
                             BAS_FLOOR_INFO AS B ON A.FLOOR_ID = B.FLOOR_ID
                            INNER JOIN SYS_LOOKUP_CODE AS C ON A.ROOM_TYPE=C.CODE_NO AND C.TABLE_NAME='BAS_ROOM_INFO'
                             AND C.COLUMN_NAME='ROOM_TYPE'  AND B.FLOOR_ID=6 ORDER BY ROOM_NO
2010-04-30 09-17-21:SELECT A.ROOM_ID, A.ROOM_NO, A.ROOM_TYPE,C.CODE_DESC AS ROOM_TYPE_DESC, A.ROOM_RATES, A.STATUS, 
                             A.CREATE_DATE, A.CREATE_USERID, A.ROOM_PHONE, A.ROOM_NOTICE,A.UPDATE_DATE,A.UPDATE_USERID,
                             B.FLOOR_ID, B.FLOOR_NAME, B.STATUS AS FLOOR_STATUS
                             FROM BAS_ROOM_INFO AS A INNER JOIN
                             BAS_FLOOR_INFO AS B ON A.FLOOR_ID = B.FLOOR_ID
                            INNER JOIN SYS_LOOKUP_CODE AS C ON A.ROOM_TYPE=C.CODE_NO AND C.TABLE_NAME='BAS_ROOM_INFO'
                             AND C.COLUMN_NAME='ROOM_TYPE'  AND B.FLOOR_ID=7 ORDER BY ROOM_NO
2010-04-30 09-17-21:SELECT A.ROOM_ID, A.ROOM_NO, A.ROOM_TYPE,C.CODE_DESC AS ROOM_TYPE_DESC, A.ROOM_RATES, A.STATUS, 
                             A.CREATE_DATE, A.CREATE_USERID, A.ROOM_PHONE, A.ROOM_NOTICE,A.UPDATE_DATE,A.UPDATE_USERID,
                             B.FLOOR_ID, B.FLOOR_NAME, B.STATUS AS FLOOR_STATUS
                             FROM BAS_ROOM_INFO AS A INNER JOIN
                             BAS_FLOOR_INFO AS B ON A.FLOOR_ID = B.FLOOR_ID
                            INNER JOIN SYS_LOOKUP_CODE AS C ON A.ROOM_TYPE=C.CODE_NO AND C.TABLE_NAME='BAS_ROOM_INFO'
                             AND C.COLUMN_NAME='ROOM_TYPE'  AND B.FLOOR_ID=8 ORDER BY ROOM_NO
2010-04-30 09-17-21:SELECT A.ROOM_ID, A.ROOM_NO, A.ROOM_TYPE,C.CODE_DESC AS ROOM_TYPE_DESC, A.ROOM_RATES, A.STATUS, 
                             A.CREATE_DATE, A.CREATE_USERID, A.ROOM_PHONE, A.ROOM_NOTICE,A.UPDATE_DATE,A.UPDATE_USERID,
                             B.FLOOR_ID, B.FLOOR_NAME, B.STATUS AS FLOOR_STATUS
                             FROM BAS_ROOM_INFO AS A INNER JOIN
                             BAS_FLOOR_INFO AS B ON A.FLOOR_ID = B.FLOOR_ID
                            INNER JOIN SYS_LOOKUP_CODE AS C ON A.ROOM_TYPE=C.CODE_NO AND C.TABLE_NAME='BAS_ROOM_INFO'
                             AND C.COLUMN_NAME='ROOM_TYPE'  ORDER BY ROOM_NO
2010-04-30 09-17-21:SELECT CONVERT(varchar(100), GETDATE(), 20)
2010-04-30 09-17-21:SELECT A.ID,A.STAY_RATE,A.DAYS FROM STAY_RATE A WHERE 1=1  AND A.DAYS='2010-04-30 00:00:00'
2010-04-30 09-17-22:SELECT A.CODE_ID,A.CODE_NO,A.TABLE_NAME,A.COLUMN_NAME,A.CODE_DESC FROM SYS_LOOKUP_CODE A WHERE 1=1 AND A.TABLE_NAME='BAS_GOODS_INFO' AND A.COLUMN_NAME='STATUS'
2010-04-30 09-17-22:SELECT GOODS_ID, GOODS_NAME, GOODS_UNIT, PRICE, TYPE, STATUS
                            FROM BAS_GOODS_INFO WHERE 1=1 
2010-04-30 09-17-23:SELECT CONVERT(varchar(100), GETDATE(), 20)
2010-04-30 09-17-23:SELECT A.ID,A.STAY_RATE,A.DAYS FROM STAY_RATE A WHERE 1=1  AND A.DAYS='2010-04-30 00:00:00'
2010-04-30 09-17-23:UPDATE STAY_RATE SET STAY_RATE=46 WHERE ID=-1
2010-04-30 09-17-24:SELECT [t0].[USER_ID], [t0].[USER_NO], [t0].[USER_NAME], [t0].[PASSWORD], [t0].[STATUS], [t0].[ROLE_ID], [t0].[LAST_LOGIN_IP], [t0].[LAST_LOGIN_DATE], [t0].[CREATE_DATE], [t0].[CREATE_USERID], [t0].[UPDATE_DATE], [t0].[UPDATE_USERID], [t0].[SKIN_ID], [t1].[ROLE_NAME] AS [roleName], [t1].[ROLE_ID] AS [roleId]
FROM [dbo].[SYS_USER_INFO] AS [t0]
INNER JOIN [dbo].[SYS_ROLE_INFO] AS [t1] ON [t0].[ROLE_ID] = [t1].[ROLE_ID]
2010-04-30 09-17-25:SELECT A.CODE_ID,A.CODE_NO,A.TABLE_NAME,A.COLUMN_NAME,A.CODE_DESC FROM SYS_LOOKUP_CODE A WHERE 1=1 AND A.TABLE_NAME='BAS_GOODS_INFO' AND A.COLUMN_NAME='STATUS'
2010-04-30 09-17-25:SELECT GOODS_ID, GOODS_NAME, GOODS_UNIT, PRICE, TYPE, STATUS
                            FROM BAS_GOODS_INFO WHERE 1=1 
2010-04-30 09-17-25:SELECT CONVERT(varchar(100), GETDATE(), 20)
2010-04-30 09-17-25:SELECT A.ID,A.STAY_RATE,A.DAYS FROM STAY_RATE A WHERE 1=1  AND A.DAYS='2010-04-30 00:00:00'
2010-04-30 09-17-25:UPDATE STAY_RATE SET STAY_RATE=46 WHERE ID=-1
2010-04-30 09-17-25:SELECT A.PARAM_ID,A.PARAM_NO,A.PARAM_NAME,A.PARAM_DESC,A.VALUE1,A.VALUE2,A.VALUE3 FROM SYS_PARAMETER A WHERE 1=1
2010-04-30 09-17-27:SELECT CONVERT(varchar(100), GETDATE(), 20)
2010-04-30 09-17-27:SELECT A.ID,A.STAY_RATE,A.DAYS FROM STAY_RATE A WHERE 1=1  AND A.DAYS='2010-04-30 00:00:00'
2010-04-30 09-17-27:UPDATE STAY_RATE SET STAY_RATE=46 WHERE ID=-1
2010-04-30 09-17-28:SELECT CONVERT(varchar(100), GETDATE(), 20)
2010-04-30 09-17-28:SELECT A.ID,A.STAY_RATE,A.DAYS FROM STAY_RATE A WHERE 1=1  AND A.DAYS='2010-04-30 00:00:00'
2010-04-30 09-17-28:UPDATE STAY_RATE SET STAY_RATE=46 WHERE ID=-1
2010-04-30 09-17-30:SELECT CONVERT(varchar(100), GETDATE(), 20)
2010-04-30 09-17-30:SELECT A.ID,A.STAY_RATE,A.DAYS FROM STAY_RATE A WHERE 1=1  AND A.DAYS='2010-04-30 00:00:00'
2010-04-30 09-17-30:UPDATE STAY_RATE SET STAY_RATE=46 WHERE ID=-1
2010-04-30 09-17-32:SELECT CONVERT(varchar(100), GETDATE(), 20)
2010-04-30 09-17-32:SELECT A.ID,A.STAY_RATE,A.DAYS FROM STAY_RATE A WHERE 1=1  AND A.DAYS='2010-04-30 00:00:00'
2010-04-30 09-17-32:UPDATE STAY_RATE SET STAY_RATE=46 WHERE ID=-1
2010-04-30 09-17-34:SELECT CONVERT(varchar(100), GETDATE(), 20)
2010-04-30 09-17-34:SELECT A.ID,A.STAY_RATE,A.DAYS FROM STAY_RATE A WHERE 1=1  AND A.DAYS='2010-04-30 00:00:00'
2010-04-30 09-17-34:UPDATE STAY_RATE SET STAY_RATE=46 WHERE ID=-1
2010-04-30 09-17-34:SELECT A.PARAM_ID,A.PARAM_NO,A.PARAM_NAME,A.PARAM_DESC,A.VALUE1,A.VALUE2,A.VALUE3 FROM SYS_PARAMETER A WHERE 1=1
2010-04-30 09-17-34:SELECT A.ROOM_ID, A.ROOM_NO, A.ROOM_TYPE,C.CODE_DESC AS ROOM_TYPE_DESC, A.ROOM_RATES, A.STATUS, 
                             A.CREATE_DATE, A.CREATE_USERID, A.ROOM_PHONE, A.ROOM_NOTICE,A.UPDATE_DATE,A.UPDATE_USERID,
                             B.FLOOR_ID, B.FLOOR_NAME, B.STATUS AS FLOOR_STATUS
                             FROM BAS_ROOM_INFO AS A INNER JOIN
                             BAS_FLOOR_INFO AS B ON A.FLOOR_ID = B.FLOOR_ID
                            INNER JOIN SYS_LOOKUP_CODE AS C ON A.ROOM_TYPE=C.CODE_NO AND C.TABLE_NAME='BAS_ROOM_INFO'
                             AND C.COLUMN_NAME='ROOM_TYPE'  AND B.FLOOR_ID=1 ORDER BY ROOM_NO
2010-04-30 09-17-34:SELECT A.ROOM_ID, A.ROOM_NO, A.ROOM_TYPE,C.CODE_DESC AS ROOM_TYPE_DESC, A.ROOM_RATES, A.STATUS, 
                             A.CREATE_DATE, A.CREATE_USERID, A.ROOM_PHONE, A.ROOM_NOTICE,A.UPDATE_DATE,A.UPDATE_USERID,
                             B.FLOOR_ID, B.FLOOR_NAME, B.STATUS AS FLOOR_STATUS
                             FROM BAS_ROOM_INFO AS A INNER JOIN
                             BAS_FLOOR_INFO AS B ON A.FLOOR_ID = B.FLOOR_ID
                            INNER JOIN SYS_LOOKUP_CODE AS C ON A.ROOM_TYPE=C.CODE_NO AND C.TABLE_NAME='BAS_ROOM_INFO'
                             AND C.COLUMN_NAME='ROOM_TYPE'  ORDER BY ROOM_NO
2010-04-30 09-17-34:SELECT CONVERT(varchar(100), GETDATE(), 20)
2010-04-30 09-17-34:SELECT A.ID,A.STAY_RATE,A.DAYS FROM STAY_RATE A WHERE 1=1  AND A.DAYS='2010-04-30 00:00:00'
2010-04-30 09-17-34:UPDATE STAY_RATE SET STAY_RATE=46 WHERE ID=-1
2010-04-30 09-17-35:SELECT A.CODE_ID,A.CODE_NO,A.TABLE_NAME,A.COLUMN_NAME,A.CODE_DESC FROM SYS_LOOKUP_CODE A WHERE 1=1 AND A.TABLE_NAME='BAS_GOODS_INFO' AND A.COLUMN_NAME='STATUS'
2010-04-30 09-17-35:SELECT GOODS_ID, GOODS_NAME, GOODS_UNIT, PRICE, TYPE, STATUS
                            FROM BAS_GOODS_INFO WHERE 1=1 
2010-04-30 09-17-36:SELECT CONVERT(varchar(100), GETDATE(), 20)
2010-04-30 09-17-36:SELECT A.ID,A.STAY_RATE,A.DAYS FROM STAY_RATE A WHERE 1=1  AND A.DAYS='2010-04-30 00:00:00'
2010-04-30 09-17-36:UPDATE STAY_RATE SET STAY_RATE=46 WHERE ID=-1
2010-04-30 09-17-37:SELECT A.PARAM_ID,A.PARAM_NO,A.PARAM_NAME,A.PARAM_DESC,A.VALUE1,A.VALUE2,A.VALUE3 FROM SYS_PARAMETER A WHERE 1=1
2010-04-30 09-17-37:SELECT A.ROOM_ID, A.ROOM_NO, A.ROOM_TYPE,C.CODE_DESC AS ROOM_TYPE_DESC, A.ROOM_RATES, A.STATUS, 
                             A.CREATE_DATE, A.CREATE_USERID, A.ROOM_PHONE, A.ROOM_NOTICE,A.UPDATE_DATE,A.UPDATE_USERID,
                             B.FLOOR_ID, B.FLOOR_NAME, B.STATUS AS FLOOR_STATUS
                             FROM BAS_ROOM_INFO AS A INNER JOIN
                             BAS_FLOOR_INFO AS B ON A.FLOOR_ID = B.FLOOR_ID
                            INNER JOIN SYS_LOOKUP_CODE AS C ON A.ROOM_TYPE=C.CODE_NO AND C.TABLE_NAME='BAS_ROOM_INFO'
                             AND C.COLUMN_NAME='ROOM_TYPE'  AND B.FLOOR_ID=1 ORDER BY ROOM_NO
2010-04-30 09-17-37:SELECT A.ROOM_ID, A.ROOM_NO, A.ROOM_TYPE,C.CODE_DESC AS ROOM_TYPE_DESC, A.ROOM_RATES, A.STATUS, 
                             A.CREATE_DATE, A.CREATE_USERID, A.ROOM_PHONE, A.ROOM_NOTICE,A.UPDATE_DATE,A.UPDATE_USERID,
                             B.FLOOR_ID, B.FLOOR_NAME, B.STATUS AS FLOOR_STATUS
                             FROM BAS_ROOM_INFO AS A INNER JOIN
                             BAS_FLOOR_INFO AS B ON A.FLOOR_ID = B.FLOOR_ID
                            INNER JOIN SYS_LOOKUP_CODE AS C ON A.ROOM_TYPE=C.CODE_NO AND C.TABLE_NAME='BAS_ROOM_INFO'
                             AND C.COLUMN_NAME='ROOM_TYPE'  ORDER BY ROOM_NO
2010-04-30 09-17-37:SELECT CONVERT(varchar(100), GETDATE(), 20)
2010-04-30 09-17-37:SELECT A.ID,A.STAY_RATE,A.DAYS FROM STAY_RATE A WHERE 1=1  AND A.DAYS='2010-04-30 00:00:00'
2010-04-30 09-17-37:UPDATE STAY_RATE SET STAY_RATE=46 WHERE ID=-1
2010-04-30 09-17-37:SELECT CONVERT(varchar(100), GETDATE(), 20)
2010-04-30 09-17-37:SELECT A.ID,A.STAY_RATE,A.DAYS FROM STAY_RATE A WHERE 1=1  AND A.DAYS='2010-04-30 00:00:00'
2010-04-30 09-17-37:UPDATE STAY_RATE SET STAY_RATE=46 WHERE ID=-1
2010-04-30 09-17-39:SELECT CONVERT(varchar(100), GETDATE(), 20)
2010-04-30 09-17-39:SELECT A.ID,A.STAY_RATE,A.DAYS FROM STAY_RATE A WHERE 1=1  AND A.DAYS='2010-04-30 00:00:00'
2010-04-30 09-17-39:UPDATE STAY_RATE SET STAY_RATE=46 WHERE ID=-1
2010-04-30 09-17-41:SELECT CONVERT(varchar(100), GETDATE(), 20)
2010-04-30 09-17-41:SELECT A.ID,A.STAY_RATE,A.DAYS FROM STAY_RATE A WHERE 1=1  AND A.DAYS='2010-04-30 00:00:00'
2010-04-30 09-17-41:UPDATE STAY_RATE SET STAY_RATE=46 WHERE ID=-1
2010-04-30 09-17-42:SELECT A.ID,A.STAY_RATE,A.DAYS FROM STAY_RATE A WHERE 1=1  AND A.DAYS BETWEEN '2010-04-29 00:00:00' AND '2010-04-30 00:00:00'
2010-04-30 09-17-43:SELECT CONVERT(varchar(100), GETDATE(), 20)
2010-04-30 09-17-43:SELECT A.ID,A.STAY_RATE,A.DAYS FROM STAY_RATE A WHERE 1=1  AND A.DAYS='2010-04-30 00:00:00'
2010-04-30 09-17-43:UPDATE STAY_RATE SET STAY_RATE=46 WHERE ID=-1
2010-04-30 09-17-45:SELECT CONVERT(varchar(100), GETDATE(), 20)
2010-04-30 09-17-45:SELECT A.ID,A.STAY_RATE,A.DAYS FROM STAY_RATE A WHERE 1=1  AND A.DAYS='2010-04-30 00:00:00'
2010-04-30 09-17-45:UPDATE STAY_RATE SET STAY_RATE=46 WHERE ID=-1
2010-04-30 09-17-47:SELECT CONVERT(varchar(100), GETDATE(), 20)
2010-04-30 09-17-47:SELECT A.ID,A.STAY_RATE,A.DAYS FROM STAY_RATE A WHERE 1=1  AND A.DAYS='2010-04-30 00:00:00'
2010-04-30 09-17-47:UPDATE STAY_RATE SET STAY_RATE=46 WHERE ID=-1
2010-04-30 09-17-48:SELECT CONVERT(varchar(100), GETDATE(), 20)
2010-04-30 09-17-48:SELECT A.ID,A.STAY_RATE,A.DAYS FROM STAY_RATE A WHERE 1=1  AND A.DAYS='2010-04-30 00:00:00'
2010-04-30 09-17-48:UPDATE STAY_RATE SET STAY_RATE=46 WHERE ID=-1
2010-04-30 09-17-50:SELECT CONVERT(varchar(100), GETDATE(), 20)
2010-04-30 09-17-50:SELECT A.ID,A.STAY_RATE,A.DAYS FROM STAY_RATE A WHERE 1=1  AND A.DAYS='2010-04-30 00:00:00'
2010-04-30 09-17-50:UPDATE STAY_RATE SET STAY_RATE=46 WHERE ID=-1
2010-04-30 09-17-52:SELECT CONVERT(varchar(100), GETDATE(), 20)
2010-04-30 09-17-52:SELECT A.ID,A.STAY_RATE,A.DAYS FROM STAY_RATE A WHERE 1=1  AND A.DAYS='2010-04-30 00:00:00'
2010-04-30 09-17-52:UPDATE STAY_RATE SET STAY_RATE=46 WHERE ID=-1
2010-04-30 09-17-54:SELECT CONVERT(varchar(100), GETDATE(), 20)
2010-04-30 09-17-54:SELECT A.ID,A.STAY_RATE,A.DAYS FROM STAY_RATE A WHERE 1=1  AND A.DAYS='2010-04-30 00:00:00'
2010-04-30 09-17-54:UPDATE STAY_RATE SET STAY_RATE=46 WHERE ID=-1
2010-04-30 09-17-56:SELECT CONVERT(varchar(100), GETDATE(), 20)
2010-04-30 09-17-56:SELECT A.ID,A.STAY_RATE,A.DAYS FROM STAY_RATE A WHERE 1=1  AND A.DAYS='2010-04-30 00:00:00'
2010-04-30 09-17-56:UPDATE STAY_RATE SET STAY_RATE=46 WHERE ID=-1
2010-04-30 09-17-57:SELECT CONVERT(varchar(100), GETDATE(), 20)
2010-04-30 09-17-57:SELECT A.ID,A.STAY_RATE,A.DAYS FROM STAY_RATE A WHERE 1=1  AND A.DAYS='2010-04-30 00:00:00'
2010-04-30 09-17-57:UPDATE STAY_RATE SET STAY_RATE=46 WHERE ID=-1
2010-04-30 09-17-59:SELECT CONVERT(varchar(100), GETDATE(), 20)
2010-04-30 09-17-59:SELECT A.ID,A.STAY_RATE,A.DAYS FROM STAY_RATE A WHERE 1=1  AND A.DAYS='2010-04-30 00:00:00'
2010-04-30 09-17-59:UPDATE STAY_RATE SET STAY_RATE=46 WHERE ID=-1
2010-04-30 09-18-01:SELECT CONVERT(varchar(100), GETDATE(), 20)
2010-04-30 09-18-01:SELECT A.ID,A.STAY_RATE,A.DAYS FROM STAY_RATE A WHERE 1=1  AND A.DAYS='2010-04-30 00:00:00'
2010-04-30 09-18-01:UPDATE STAY_RATE SET STAY_RATE=46 WHERE ID=-1
2010-04-30 09-18-03:SELECT CONVERT(varchar(100), GETDATE(), 20)
2010-04-30 09-18-03:SELECT A.ID,A.STAY_RATE,A.DAYS FROM STAY_RATE A WHERE 1=1  AND A.DAYS='2010-04-30 00:00:00'
2010-04-30 09-18-03:UPDATE STAY_RATE SET STAY_RATE=46 WHERE ID=-1
2010-04-30 09-18-05:SELECT CONVERT(varchar(100), GETDATE(), 20)
2010-04-30 09-18-05:SELECT A.ID,A.STAY_RATE,A.DAYS FROM STAY_RATE A WHERE 1=1  AND A.DAYS='2010-04-30 00:00:00'
2010-04-30 09-18-05:UPDATE STAY_RATE SET STAY_RATE=46 WHERE ID=-1
2010-04-30 09-18-06:SELECT CONVERT(varchar(100), GETDATE(), 20)
2010-04-30 09-18-06:SELECT A.ID,A.STAY_RATE,A.DAYS FROM STAY_RATE A WHERE 1=1  AND A.DAYS='2010-04-30 00:00:00'
2010-04-30 09-18-06:UPDATE STAY_RATE SET STAY_RATE=46 WHERE ID=-1
2010-04-30 09-18-08:SELECT CONVERT(varchar(100), GETDATE(), 20)
2010-04-30 09-18-08:SELECT A.ID,A.STAY_RATE,A.DAYS FROM STAY_RATE A WHERE 1=1  AND A.DAYS='2010-04-30 00:00:00'
2010-04-30 09-18-08:UPDATE STAY_RATE SET STAY_RATE=46 WHERE ID=-1
2010-04-30 09-18-10:SELECT CONVERT(varchar(100), GETDATE(), 20)
2010-04-30 09-18-10:SELECT A.ID,A.STAY_RATE,A.DAYS FROM STAY_RATE A WHERE 1=1  AND A.DAYS='2010-04-30 00:00:00'
2010-04-30 09-18-10:UPDATE STAY_RATE SET STAY_RATE=46 WHERE ID=-1
2010-04-30 09-18-12:SELECT CONVERT(varchar(100), GETDATE(), 20)
2010-04-30 09-18-12:SELECT A.ID,A.STAY_RATE,A.DAYS FROM STAY_RATE A WHERE 1=1  AND A.DAYS='2010-04-30 00:00:00'
2010-04-30 09-18-12:UPDATE STAY_RATE SET STAY_RATE=46 WHERE ID=-1
2010-04-30 09-18-14:SELECT CONVERT(varchar(100), GETDATE(), 20)
2010-04-30 09-18-14:SELECT A.ID,A.STAY_RATE,A.DAYS FROM STAY_RATE A WHERE 1=1  AND A.DAYS='2010-04-30 00:00:00'
2010-04-30 09-18-14:UPDATE STAY_RATE SET STAY_RATE=46 WHERE ID=-1
2010-04-30 09-18-16:SELECT CONVERT(varchar(100), GETDATE(), 20)
2010-04-30 09-18-16:SELECT A.ID,A.STAY_RATE,A.DAYS FROM STAY_RATE A WHERE 1=1  AND A.DAYS='2010-04-30 00:00:00'
2010-04-30 09-18-16:UPDATE STAY_RATE SET STAY_RATE=46 WHERE ID=-1
2010-04-30 09-18-17:SELECT CONVERT(varchar(100), GETDATE(), 20)
2010-04-30 09-18-17:SELECT A.ID,A.STAY_RATE,A.DAYS FROM STAY_RATE A WHERE 1=1  AND A.DAYS='2010-04-30 00:00:00'
2010-04-30 09-18-17:UPDATE STAY_RATE SET STAY_RATE=46 WHERE ID=-1
2010-04-30 09-18-19:SELECT CONVERT(varchar(100), GETDATE(), 20)
2010-04-30 09-18-19:SELECT A.ID,A.STAY_RATE,A.DAYS FROM STAY_RATE A WHERE 1=1  AND A.DAYS='2010-04-30 00:00:00'
2010-04-30 09-18-19:UPDATE STAY_RATE SET STAY_RATE=46 WHERE ID=-1
2010-04-30 09-18-21:SELECT CONVERT(varchar(100), GETDATE(), 20)
2010-04-30 09-18-21:SELECT A.ID,A.STAY_RATE,A.DAYS FROM STAY_RATE A WHERE 1=1  AND A.DAYS='2010-04-30 00:00:00'
2010-04-30 09-18-21:UPDATE STAY_RATE SET STAY_RATE=46 WHERE ID=-1
2010-04-30 09-18-23:SELECT CONVERT(varchar(100), GETDATE(), 20)
2010-04-30 09-18-23:SELECT A.ID,A.STAY_RATE,A.DAYS FROM STAY_RATE A WHERE 1=1  AND A.DAYS='2010-04-30 00:00:00'
2010-04-30 09-18-23:UPDATE STAY_RATE SET STAY_RATE=46 WHERE ID=-1
2010-04-30 09-18-25:SELECT CONVERT(varchar(100), GETDATE(), 20)
2010-04-30 09-18-25:SELECT A.ID,A.STAY_RATE,A.DAYS FROM STAY_RATE A WHERE 1=1  AND A.DAYS='2010-04-30 00:00:00'
2010-04-30 09-18-25:UPDATE STAY_RATE SET STAY_RATE=46 WHERE ID=-1
2010-04-30 09-18-26:SELECT CONVERT(varchar(100), GETDATE(), 20)
2010-04-30 09-18-26:SELECT A.ID,A.STAY_RATE,A.DAYS FROM STAY_RATE A WHERE 1=1  AND A.DAYS='2010-04-30 00:00:00'
2010-04-30 09-18-26:UPDATE STAY_RATE SET STAY_RATE=46 WHERE ID=-1
2010-04-30 09-18-28:SELECT CONVERT(varchar(100), GETDATE(), 20)
2010-04-30 09-18-28:SELECT A.ID,A.STAY_RATE,A.DAYS FROM STAY_RATE A WHERE 1=1  AND A.DAYS='2010-04-30 00:00:00'
2010-04-30 09-18-28:UPDATE STAY_RATE SET STAY_RATE=46 WHERE ID=-1
2010-04-30 09-18-30:SELECT CONVERT(varchar(100), GETDATE(), 20)
2010-04-30 09-18-30:SELECT A.ID,A.STAY_RATE,A.DAYS FROM STAY_RATE A WHERE 1=1  AND A.DAYS='2010-04-30 00:00:00'
2010-04-30 09-18-30:UPDATE STAY_RATE SET STAY_RATE=46 WHERE ID=-1
2010-04-30 09-18-32:SELECT CONVERT(varchar(100), GETDATE(), 20)
2010-04-30 09-18-32:SELECT A.ID,A.STAY_RATE,A.DAYS FROM STAY_RATE A WHERE 1=1  AND A.DAYS='2010-04-30 00:00:00'
2010-04-30 09-18-32:UPDATE STAY_RATE SET STAY_RATE=46 WHERE ID=-1
2010-04-30 09-18-34:SELECT CONVERT(varchar(100), GETDATE(), 20)
2010-04-30 09-18-34:SELECT A.ID,A.STAY_RATE,A.DAYS FROM STAY_RATE A WHERE 1=1  AND A.DAYS='2010-04-30 00:00:00'
2010-04-30 09-18-34:UPDATE STAY_RATE SET STAY_RATE=46 WHERE ID=-1
2010-04-30 09-18-35:SELECT CONVERT(varchar(100), GETDATE(), 20)
2010-04-30 09-18-35:SELECT A.ID,A.STAY_RATE,A.DAYS FROM STAY_RATE A WHERE 1=1  AND A.DAYS='2010-04-30 00:00:00'
2010-04-30 09-18-35:UPDATE STAY_RATE SET STAY_RATE=46 WHERE ID=-1
2010-04-30 09-18-37:SELECT CONVERT(varchar(100), GETDATE(), 20)
2010-04-30 09-18-37:SELECT A.ID,A.STAY_RATE,A.DAYS FROM STAY_RATE A WHERE 1=1  AND A.DAYS='2010-04-30 00:00:00'
2010-04-30 09-18-37:UPDATE STAY_RATE SET STAY_RATE=46 WHERE ID=-1
2010-04-30 09-18-39:SELECT CONVERT(varchar(100), GETDATE(), 20)
2010-04-30 09-18-39:SELECT A.ID,A.STAY_RATE,A.DAYS FROM STAY_RATE A WHERE 1=1  AND A.DAYS='2010-04-30 00:00:00'
2010-04-30 09-18-39:UPDATE STAY_RATE SET STAY_RATE=46 WHERE ID=-1
2010-04-30 09-18-41:SELECT CONVERT(varchar(100), GETDATE(), 20)
2010-04-30 09-18-41:SELECT A.ID,A.STAY_RATE,A.DAYS FROM STAY_RATE A WHERE 1=1  AND A.DAYS='2010-04-30 00:00:00'
2010-04-30 09-18-41:UPDATE STAY_RATE SET STAY_RATE=46 WHERE ID=-1
2010-04-30 09-18-43:SELECT CONVERT(varchar(100), GETDATE(), 20)
2010-04-30 09-18-43:SELECT A.ID,A.STAY_RATE,A.DAYS FROM STAY_RATE A WHERE 1=1  AND A.DAYS='2010-04-30 00:00:00'
2010-04-30 09-18-43:UPDATE STAY_RATE SET STAY_RATE=46 WHERE ID=-1
2010-04-30 09-18-45:SELECT CONVERT(varchar(100), GETDATE(), 20)
2010-04-30 09-18-45:SELECT A.ID,A.STAY_RATE,A.DAYS FROM STAY_RATE A WHERE 1=1  AND A.DAYS='2010-04-30 00:00:00'
2010-04-30 09-18-45:UPDATE STAY_RATE SET STAY_RATE=46 WHERE ID=-1
2010-04-30 09-18-46:SELECT CONVERT(varchar(100), GETDATE(), 20)
2010-04-30 09-18-46:SELECT A.ID,A.STAY_RATE,A.DAYS FROM STAY_RATE A WHERE 1=1  AND A.DAYS='2010-04-30 00:00:00'
2010-04-30 09-18-46:UPDATE STAY_RATE SET STAY_RATE=46 WHERE ID=-1
2010-04-30 09-18-48:SELECT CONVERT(varchar(100), GETDATE(), 20)
2010-04-30 09-18-48:SELECT A.ID,A.STAY_RATE,A.DAYS FROM STAY_RATE A WHERE 1=1  AND A.DAYS='2010-04-30 00:00:00'
2010-04-30 09-18-48:UPDATE STAY_RATE SET STAY_RATE=46 WHERE ID=-1
2010-04-30 09-18-50:SELECT CONVERT(varchar(100), GETDATE(), 20)
2010-04-30 09-18-50:SELECT A.ID,A.STAY_RATE,A.DAYS FROM STAY_RATE A WHERE 1=1  AND A.DAYS='2010-04-30 00:00:00'
2010-04-30 09-18-50:UPDATE STAY_RATE SET STAY_RATE=46 WHERE ID=-1
2010-04-30 09-18-52:SELECT CONVERT(varchar(100), GETDATE(), 20)
2010-04-30 09-18-52:SELECT A.ID,A.STAY_RATE,A.DAYS FROM STAY_RATE A WHERE 1=1  AND A.DAYS='2010-04-30 00:00:00'
2010-04-30 09-18-52:UPDATE STAY_RATE SET STAY_RATE=46 WHERE ID=-1
2010-04-30 09-18-54:SELECT CONVERT(varchar(100), GETDATE(), 20)
2010-04-30 09-18-54:SELECT A.ID,A.STAY_RATE,A.DAYS FROM STAY_RATE A WHERE 1=1  AND A.DAYS='2010-04-30 00:00:00'
2010-04-30 09-18-54:UPDATE STAY_RATE SET STAY_RATE=46 WHERE ID=-1
2010-04-30 09-18-55:SELECT CONVERT(varchar(100), GETDATE(), 20)
2010-04-30 09-18-55:SELECT A.ID,A.STAY_RATE,A.DAYS FROM STAY_RATE A WHERE 1=1  AND A.DAYS='2010-04-30 00:00:00'
2010-04-30 09-18-55:UPDATE STAY_RATE SET STAY_RATE=46 WHERE ID=-1
2010-04-30 09-18-57:SELECT CONVERT(varchar(100), GETDATE(), 20)
2010-04-30 09-18-57:SELECT A.ID,A.STAY_RATE,A.DAYS FROM STAY_RATE A WHERE 1=1  AND A.DAYS='2010-04-30 00:00:00'
2010-04-30 09-18-57:UPDATE STAY_RATE SET STAY_RATE=46 WHERE ID=-1
2010-04-30 09-18-59:SELECT CONVERT(varchar(100), GETDATE(), 20)
2010-04-30 09-18-59:SELECT A.ID,A.STAY_RATE,A.DAYS FROM STAY_RATE A WHERE 1=1  AND A.DAYS='2010-04-30 00:00:00'
2010-04-30 09-18-59:UPDATE STAY_RATE SET STAY_RATE=46 WHERE ID=-1
2010-04-30 09-19-01:SELECT CONVERT(varchar(100), GETDATE(), 20)
2010-04-30 09-19-01:SELECT A.ID,A.STAY_RATE,A.DAYS FROM STAY_RATE A WHERE 1=1  AND A.DAYS='2010-04-30 00:00:00'
2010-04-30 09-19-01:UPDATE STAY_RATE SET STAY_RATE=46 WHERE ID=-1
2010-04-30 09-19-03:SELECT CONVERT(varchar(100), GETDATE(), 20)
2010-04-30 09-19-03:SELECT A.ID,A.STAY_RATE,A.DAYS FROM STAY_RATE A WHERE 1=1  AND A.DAYS='2010-04-30 00:00:00'
2010-04-30 09-19-03:UPDATE STAY_RATE SET STAY_RATE=46 WHERE ID=-1
2010-04-30 09-19-04:SELECT CONVERT(varchar(100), GETDATE(), 20)
2010-04-30 09-19-04:SELECT A.ID,A.STAY_RATE,A.DAYS FROM STAY_RATE A WHERE 1=1  AND A.DAYS='2010-04-30 00:00:00'
2010-04-30 09-19-04:UPDATE STAY_RATE SET STAY_RATE=46 WHERE ID=-1
2010-04-30 09-19-06:SELECT CONVERT(varchar(100), GETDATE(), 20)
2010-04-30 09-19-06:SELECT A.ID,A.STAY_RATE,A.DAYS FROM STAY_RATE A WHERE 1=1  AND A.DAYS='2010-04-30 00:00:00'
2010-04-30 09-19-06:UPDATE STAY_RATE SET STAY_RATE=46 WHERE ID=-1
2010-04-30 09-19-08:SELECT A.ROOM_ID, A.ROOM_NO, A.ROOM_TYPE,C.CODE_DESC AS ROOM_TYPE_DESC, A.ROOM_RATES, A.STATUS, 
                             A.CREATE_DATE, A.CREATE_USERID, A.ROOM_PHONE, A.ROOM_NOTICE,A.UPDATE_DATE,A.UPDATE_USERID,
                             B.FLOOR_ID, B.FLOOR_NAME, B.STATUS AS FLOOR_STATUS
                             FROM BAS_ROOM_INFO AS A INNER JOIN
                             BAS_FLOOR_INFO AS B ON A.FLOOR_ID = B.FLOOR_ID
                            INNER JOIN SYS_LOOKUP_CODE AS C ON A.ROOM_TYPE=C.CODE_NO AND C.TABLE_NAME='BAS_ROOM_INFO'
                             AND C.COLUMN_NAME='ROOM_TYPE'  AND B.FLOOR_ID=4 ORDER BY ROOM_NO
2010-04-30 09-19-08:SELECT A.ROOM_ID, A.ROOM_NO, A.ROOM_TYPE,C.CODE_DESC AS ROOM_TYPE_DESC, A.ROOM_RATES, A.STATUS, 
                             A.CREATE_DATE, A.CREATE_USERID, A.ROOM_PHONE, A.ROOM_NOTICE,A.UPDATE_DATE,A.UPDATE_USERID,
                             B.FLOOR_ID, B.FLOOR_NAME, B.STATUS AS FLOOR_STATUS
                             FROM BAS_ROOM_INFO AS A INNER JOIN
                             BAS_FLOOR_INFO AS B ON A.FLOOR_ID = B.FLOOR_ID
                            INNER JOIN SYS_LOOKUP_CODE AS C ON A.ROOM_TYPE=C.CODE_NO AND C.TABLE_NAME='BAS_ROOM_INFO'
                             AND C.COLUMN_NAME='ROOM_TYPE'  ORDER BY ROOM_NO
2010-04-30 09-19-08:SELECT CONVERT(varchar(100), GETDATE(), 20)
2010-04-30 09-19-08:SELECT A.ID,A.STAY_RATE,A.DAYS FROM STAY_RATE A WHERE 1=1  AND A.DAYS='2010-04-30 00:00:00'
2010-04-30 09-19-08:UPDATE STAY_RATE SET STAY_RATE=46 WHERE ID=-1
2010-04-30 09-19-08:SELECT CONVERT(varchar(100), GETDATE(), 20)
2010-04-30 09-19-08:SELECT A.ID,A.STAY_RATE,A.DAYS FROM STAY_RATE A WHERE 1=1  AND A.DAYS='2010-04-30 00:00:00'
2010-04-30 09-19-08:UPDATE STAY_RATE SET STAY_RATE=46 WHERE ID=-1
2010-04-30 09-19-09:SELECT A.STAY_ID,A.STAY_NO, A.ROOM_ID, A.MAIN_ROOM_ID, A.ROOM_STAY_TYPE,
                      A.START_DATE, A.END_DATE,A.HOURS, A.DEPOSIT, A.ROOM_RATES AS CURRENT_RATE,A.PAID_MONEY, A.PAY_TYPE,A.TOTAL_MONEY, A.STATUS, 
                      A.NOTICE, A.CREATE_DATE, A.CREATE_USERID,F.USER_NAME AS CREATE_USER_NAME,G.USER_NAME AS UPDATE_USER_NAME, A.UPDATE_DATE, 
                      A.UPDATE_USERID, B.CUSTOMER_ID, B.ID_CARD, B.NAME, B.SEX, B.NATION, 
                      B.BIRTHDAY, B.ADDRESS, B.COMPANY, B.PHONE, B.PICTURE, B.TYPE, E.STAY_TYPE,E.HIS_STATUS,E.HIS_ID,
                        E.START_TIME,E.END_TIME,
                      C.ROOM_NO, C.ROOM_TYPE, C.ROOM_RATES AS DEFAULT_RATE, C.ROOM_NOTICE,
                      C.ROOM_PHONE, C.STATUS AS ROOM_STATUS, C.FLOOR_ID,D.FLOOR_NAME
                     FROM CUSTOMER_STAY_INFO AS A INNER JOIN
                      CUSTOMER_STAY_HIS E ON A.STAY_ID =E.STAY_ID AND E.STAY_TYPE='M' AND E.HIS_STATUS='E' INNER JOIN
                      CUSTOMER_INFO AS B ON E.CUSTOMER_ID = B.CUSTOMER_ID  INNER JOIN
                      BAS_ROOM_INFO AS C ON A.ROOM_ID = C.ROOM_ID INNER JOIN
                       SYS_USER_INFO AS F ON A.CREATE_USERID = F.USER_ID INNER JOIN
                    SYS_USER_INFO AS G ON A.UPDATE_USERID = G.USER_ID INNER JOIN
                      BAS_FLOOR_INFO AS D ON C.FLOOR_ID = D.FLOOR_ID WHERE 1=1 AND A.ROOM_ID=22 AND A.STATUS='I'
2010-04-30 09-19-10:SELECT CONVERT(varchar(100), GETDATE(), 20)
2010-04-30 09-19-10:SELECT A.ID,A.STAY_RATE,A.DAYS FROM STAY_RATE A WHERE 1=1  AND A.DAYS='2010-04-30 00:00:00'
2010-04-30 09-19-10:UPDATE STAY_RATE SET STAY_RATE=46 WHERE ID=-1
2010-04-30 09-19-11:SELECT A.CODE_ID,A.CODE_NO,A.TABLE_NAME,A.COLUMN_NAME,A.CODE_DESC FROM SYS_LOOKUP_CODE A WHERE 1=1 AND A.TABLE_NAME='CUSTOMER_STAY_INFO' AND A.COLUMN_NAME='PAY_TYPE'
2010-04-30 09-19-11:SELECT A.CODE_ID,A.CODE_NO,A.TABLE_NAME,A.COLUMN_NAME,A.CODE_DESC FROM SYS_LOOKUP_CODE A WHERE 1=1 AND A.TABLE_NAME='CUSTOMER_STAY_HIS' AND A.COLUMN_NAME='STAY_TYPE'
2010-04-30 09-19-11:SELECT A.STAY_ID,A.STAY_NO, A.ROOM_ID, A.MAIN_ROOM_ID, A.ROOM_STAY_TYPE,
                      A.START_DATE, A.END_DATE,A.HOURS, A.DEPOSIT, A.ROOM_RATES AS CURRENT_RATE,A.PAID_MONEY, A.PAY_TYPE,A.TOTAL_MONEY, A.STATUS, 
                      A.NOTICE, A.CREATE_DATE, A.CREATE_USERID,F.USER_NAME AS CREATE_USER_NAME,G.USER_NAME AS UPDATE_USER_NAME, A.UPDATE_DATE, 
                      A.UPDATE_USERID, B.CUSTOMER_ID, B.ID_CARD, B.NAME, B.SEX, B.NATION, 
                      B.BIRTHDAY, B.ADDRESS, B.COMPANY, B.PHONE, B.PICTURE, B.TYPE, E.STAY_TYPE,E.HIS_STATUS,E.HIS_ID,
                        E.START_TIME,E.END_TIME,
                      C.ROOM_NO, C.ROOM_TYPE, C.ROOM_RATES AS DEFAULT_RATE, C.ROOM_NOTICE,
                      C.ROOM_PHONE, C.STATUS AS ROOM_STATUS, C.FLOOR_ID,D.FLOOR_NAME
                     FROM CUSTOMER_STAY_INFO AS A INNER JOIN
                      CUSTOMER_STAY_HIS E ON A.STAY_ID =E.STAY_ID AND E.HIS_STATUS='E' INNER JOIN
                      CUSTOMER_INFO AS B ON E.CUSTOMER_ID = B.CUSTOMER_ID  INNER JOIN
                      BAS_ROOM_INFO AS C ON A.ROOM_ID = C.ROOM_ID INNER JOIN
                       SYS_USER_INFO AS F ON A.CREATE_USERID = F.USER_ID INNER JOIN
                    SYS_USER_INFO AS G ON A.UPDATE_USERID = G.USER_ID INNER JOIN
                      BAS_FLOOR_INFO AS D ON C.FLOOR_ID = D.FLOOR_ID WHERE 1=1 AND A.ROOM_ID=22 AND A.STATUS='I'
2010-04-30 09-19-11:SELECT CONVERT(varchar(100), GETDATE(), 20)
2010-04-30 09-19-11:SELECT D.ORDER_ID,D.NAME,D.PHONE,D.ID_CARD,D.ROOM_RATE AS ORDER_RATE,D.STATUS AS ORDER_STATUS,D.START_DATE,D.END_DATE,D.KEEP_DATE,D.NOTICE,
                            D.CREATE_DATE,D.CREATE_USERID,D.UPDATE_DATE,D.UPDATE_USERID, 
                            A.ROOM_ID, A.ROOM_NO, A.ROOM_TYPE,C.CODE_DESC AS ROOM_TYPE_DESC, A.ROOM_RATES, A.STATUS AS ROOM_STATUS, 
                             A.ROOM_PHONE,B.FLOOR_ID, B.FLOOR_NAME, B.STATUS AS FLOOR_STATUS

                             FROM ORDER_INFO D INNER JOIN
							BAS_ROOM_INFO AS A ON D.ROOM_ID=A.ROOM_ID INNER JOIN
                             BAS_FLOOR_INFO AS B ON A.FLOOR_ID = B.FLOOR_ID
                            INNER JOIN SYS_LOOKUP_CODE AS C ON A.ROOM_TYPE=C.CODE_NO AND C.TABLE_NAME='BAS_ROOM_INFO'
                             AND C.COLUMN_NAME='ROOM_TYPE'  AND A.ROOM_ID=22 AND D.KEEP_DATE >= '2010-04-30 09:19:11' AND D.STATUS='E' ORDER BY D.CREATE_DATE DESC
2010-04-30 09-19-12:SELECT CONVERT(varchar(100), GETDATE(), 20)
2010-04-30 09-19-12:SELECT A.ID,A.STAY_RATE,A.DAYS FROM STAY_RATE A WHERE 1=1  AND A.DAYS='2010-04-30 00:00:00'
2010-04-30 09-19-12:UPDATE STAY_RATE SET STAY_RATE=46 WHERE ID=-1
2010-04-30 09-19-14:SELECT CONVERT(varchar(100), GETDATE(), 20)
2010-04-30 09-19-14:SELECT A.ID,A.STAY_RATE,A.DAYS FROM STAY_RATE A WHERE 1=1  AND A.DAYS='2010-04-30 00:00:00'
2010-04-30 09-19-14:UPDATE STAY_RATE SET STAY_RATE=46 WHERE ID=-1
2010-04-30 09-19-15:SELECT CONVERT(varchar(100), GETDATE(), 20)
2010-04-30 09-19-15:SELECT A.ID,A.STAY_RATE,A.DAYS FROM STAY_RATE A WHERE 1=1  AND A.DAYS='2010-04-30 00:00:00'
2010-04-30 09-19-15:UPDATE STAY_RATE SET STAY_RATE=46 WHERE ID=-1
2010-04-30 09-19-17:SELECT CONVERT(varchar(100), GETDATE(), 20)
2010-04-30 09-19-17:SELECT A.ID,A.STAY_RATE,A.DAYS FROM STAY_RATE A WHERE 1=1  AND A.DAYS='2010-04-30 00:00:00'
2010-04-30 09-19-17:UPDATE STAY_RATE SET STAY_RATE=46 WHERE ID=-1
2010-04-30 09-19-18:SELECT CONVERT(varchar(100), GETDATE(), 20)
2010-04-30 09-19-18:SELECT CONVERT(varchar(100), GETDATE(), 20)
2010-04-30 09-19-18:SELECT CONVERT(varchar(100), GETDATE(), 20)
2010-04-30 09-19-18:UPDATE BAS_ROOM_INFO SET  CREATE_DATE=CREATE_DATE,STATUS='I',UPDATE_DATE='2010-04-30 09:19:18',UPDATE_USERID=1 WHERE ROOM_ID=22
2010-04-30 09-19-18:SELECT CUSTOMER_ID, ID_CARD, NAME, SEX, NATION, BIRTHDAY, ADDRESS, COMPANY, 
                            PHONE, PICTURE, TYPE, CREATE_DATE, CREATE_USERID, UPDATE_DATE, 
                            UPDATE_USERID 
                            FROM CUSTOMER_INFO WHERE 1=1 AND NAME='TEST' AND ID_CARD='123'
2010-04-30 09-19-18:SELECT CONVERT(varchar(100), GETDATE(), 20)
2010-04-30 09-19-18:SELECT CONVERT(varchar(100), GETDATE(), 20)
2010-04-30 09-19-18:SELECT CONVERT(varchar(100), GETDATE(), 20)
2010-04-30 09-19-18:SELECT CONVERT(varchar(100), GETDATE(), 20)
2010-04-30 09-19-18:SELECT A.ROOM_ID, A.ROOM_NO, A.ROOM_TYPE,C.CODE_DESC AS ROOM_TYPE_DESC, A.ROOM_RATES, A.STATUS, 
                             A.CREATE_DATE, A.CREATE_USERID, A.ROOM_PHONE, A.ROOM_NOTICE,A.UPDATE_DATE,A.UPDATE_USERID,
                             B.FLOOR_ID, B.FLOOR_NAME, B.STATUS AS FLOOR_STATUS
                             FROM BAS_ROOM_INFO AS A INNER JOIN
                             BAS_FLOOR_INFO AS B ON A.FLOOR_ID = B.FLOOR_ID
                            INNER JOIN SYS_LOOKUP_CODE AS C ON A.ROOM_TYPE=C.CODE_NO AND C.TABLE_NAME='BAS_ROOM_INFO'
                             AND C.COLUMN_NAME='ROOM_TYPE'  AND B.FLOOR_ID=4 ORDER BY ROOM_NO
2010-04-30 09-19-18:SELECT A.ROOM_ID, A.ROOM_NO, A.ROOM_TYPE,C.CODE_DESC AS ROOM_TYPE_DESC, A.ROOM_RATES, A.STATUS, 
                             A.CREATE_DATE, A.CREATE_USERID, A.ROOM_PHONE, A.ROOM_NOTICE,A.UPDATE_DATE,A.UPDATE_USERID,
                             B.FLOOR_ID, B.FLOOR_NAME, B.STATUS AS FLOOR_STATUS
                             FROM BAS_ROOM_INFO AS A INNER JOIN
                             BAS_FLOOR_INFO AS B ON A.FLOOR_ID = B.FLOOR_ID
                            INNER JOIN SYS_LOOKUP_CODE AS C ON A.ROOM_TYPE=C.CODE_NO AND C.TABLE_NAME='BAS_ROOM_INFO'
                             AND C.COLUMN_NAME='ROOM_TYPE'  ORDER BY ROOM_NO
2010-04-30 09-19-18:SELECT A.STAY_ID,A.STAY_NO, A.ROOM_ID, A.MAIN_ROOM_ID, A.ROOM_STAY_TYPE,
                      A.START_DATE, A.END_DATE,A.HOURS, A.DEPOSIT, A.ROOM_RATES AS CURRENT_RATE,A.PAID_MONEY, A.PAY_TYPE,A.TOTAL_MONEY, A.STATUS, 
                      A.NOTICE, A.CREATE_DATE, A.CREATE_USERID,F.USER_NAME AS CREATE_USER_NAME,G.USER_NAME AS UPDATE_USER_NAME, A.UPDATE_DATE, 
                      A.UPDATE_USERID, B.CUSTOMER_ID, B.ID_CARD, B.NAME, B.SEX, B.NATION, 
                      B.BIRTHDAY, B.ADDRESS, B.COMPANY, B.PHONE, B.PICTURE, B.TYPE, E.STAY_TYPE,E.HIS_STATUS,E.HIS_ID,
                        E.START_TIME,E.END_TIME,
                      C.ROOM_NO, C.ROOM_TYPE, C.ROOM_RATES AS DEFAULT_RATE, C.ROOM_NOTICE,
                      C.ROOM_PHONE, C.STATUS AS ROOM_STATUS, C.FLOOR_ID,D.FLOOR_NAME
                     FROM CUSTOMER_STAY_INFO AS A INNER JOIN
                      CUSTOMER_STAY_HIS E ON A.STAY_ID =E.STAY_ID AND E.STAY_TYPE='M' AND E.HIS_STATUS='E' INNER JOIN
                      CUSTOMER_INFO AS B ON E.CUSTOMER_ID = B.CUSTOMER_ID  INNER JOIN
                      BAS_ROOM_INFO AS C ON A.ROOM_ID = C.ROOM_ID INNER JOIN
                       SYS_USER_INFO AS F ON A.CREATE_USERID = F.USER_ID INNER JOIN
                    SYS_USER_INFO AS G ON A.UPDATE_USERID = G.USER_ID INNER JOIN
                      BAS_FLOOR_INFO AS D ON C.FLOOR_ID = D.FLOOR_ID WHERE 1=1 AND A.ROOM_ID=22 AND A.STATUS='I'
2010-04-30 09-19-18:SELECT CONSUME_ID,A.STAY_ID, A.GOODS_ID, A.CREATE_DATE, A.CREATE_USERID, A.UPDATE_DATE, 
                              A.UPDATE_USERID, A.UNIT_PRICE, A.NUMBER, A.TOTAL,
                              B.GOODS_NAME, B.GOODS_UNIT, B.PRICE , B.TYPE, B.STATUS, 
                              D.ROOM_NO,E.USER_NAME
                        FROM CONSUME_DETAIL AS A INNER JOIN
                              CUSTOMER_STAY_INFO AS C ON A.STAY_ID = C.STAY_ID INNER JOIN
                              BAS_GOODS_INFO AS B ON A.GOODS_ID = B.GOODS_ID
                              INNER JOIN
                              BAS_ROOM_INFO AS D ON C.ROOM_ID = D.ROOM_ID
                              INNER JOIN
                              SYS_USER_INFO AS E ON A.CREATE_USERID = E.USER_ID WHERE 1=1 AND A.STAY_ID=593 ORDER BY A.CREATE_DATE
2010-04-30 09-19-18:SELECT CONVERT(varchar(100), GETDATE(), 20)
2010-04-30 09-19-18:SELECT CONVERT(varchar(100), GETDATE(), 20)
2010-04-30 09-19-18:SELECT CONVERT(varchar(100), GETDATE(), 20)
2010-04-30 09-19-18:SELECT A.ID,A.STAY_RATE,A.DAYS FROM STAY_RATE A WHERE 1=1  AND A.DAYS='2010-04-30 00:00:00'
2010-04-30 09-19-18:UPDATE STAY_RATE SET STAY_RATE=48 WHERE ID=-1
2010-04-30 09-19-19:SELECT CONVERT(varchar(100), GETDATE(), 20)
2010-04-30 09-19-19:SELECT A.ID,A.STAY_RATE,A.DAYS FROM STAY_RATE A WHERE 1=1  AND A.DAYS='2010-04-30 00:00:00'
2010-04-30 09-19-19:UPDATE STAY_RATE SET STAY_RATE=48 WHERE ID=-1
2010-04-30 09-19-21:SELECT CONVERT(varchar(100), GETDATE(), 20)
2010-04-30 09-19-21:SELECT A.ID,A.STAY_RATE,A.DAYS FROM STAY_RATE A WHERE 1=1  AND A.DAYS='2010-04-30 00:00:00'
2010-04-30 09-19-21:UPDATE STAY_RATE SET STAY_RATE=48 WHERE ID=-1
2010-04-30 09-19-21:SELECT A.CODE_ID,A.CODE_NO,A.TABLE_NAME,A.COLUMN_NAME,A.CODE_DESC FROM SYS_LOOKUP_CODE A WHERE 1=1 AND A.TABLE_NAME='BAS_GOODS_INFO' AND A.COLUMN_NAME='STATUS'
2010-04-30 09-19-21:SELECT GOODS_ID, GOODS_NAME, GOODS_UNIT, PRICE, TYPE, STATUS
                            FROM BAS_GOODS_INFO WHERE 1=1 
2010-04-30 09-19-23:SELECT CONVERT(varchar(100), GETDATE(), 20)
2010-04-30 09-19-23:SELECT A.ID,A.STAY_RATE,A.DAYS FROM STAY_RATE A WHERE 1=1  AND A.DAYS='2010-04-30 00:00:00'
2010-04-30 09-19-23:UPDATE STAY_RATE SET STAY_RATE=48 WHERE ID=-1
2010-04-30 09-19-24:SELECT A.PARAM_ID,A.PARAM_NO,A.PARAM_NAME,A.PARAM_DESC,A.VALUE1,A.VALUE2,A.VALUE3 FROM SYS_PARAMETER A WHERE 1=1
2010-04-30 09-19-24:SELECT A.ROOM_ID, A.ROOM_NO, A.ROOM_TYPE,C.CODE_DESC AS ROOM_TYPE_DESC, A.ROOM_RATES, A.STATUS, 
                             A.CREATE_DATE, A.CREATE_USERID, A.ROOM_PHONE, A.ROOM_NOTICE,A.UPDATE_DATE,A.UPDATE_USERID,
                             B.FLOOR_ID, B.FLOOR_NAME, B.STATUS AS FLOOR_STATUS
                             FROM BAS_ROOM_INFO AS A INNER JOIN
                             BAS_FLOOR_INFO AS B ON A.FLOOR_ID = B.FLOOR_ID
                            INNER JOIN SYS_LOOKUP_CODE AS C ON A.ROOM_TYPE=C.CODE_NO AND C.TABLE_NAME='BAS_ROOM_INFO'
                             AND C.COLUMN_NAME='ROOM_TYPE'  AND B.FLOOR_ID=4 ORDER BY ROOM_NO
2010-04-30 09-19-24:SELECT A.ROOM_ID, A.ROOM_NO, A.ROOM_TYPE,C.CODE_DESC AS ROOM_TYPE_DESC, A.ROOM_RATES, A.STATUS, 
                             A.CREATE_DATE, A.CREATE_USERID, A.ROOM_PHONE, A.ROOM_NOTICE,A.UPDATE_DATE,A.UPDATE_USERID,
                             B.FLOOR_ID, B.FLOOR_NAME, B.STATUS AS FLOOR_STATUS
                             FROM BAS_ROOM_INFO AS A INNER JOIN
                             BAS_FLOOR_INFO AS B ON A.FLOOR_ID = B.FLOOR_ID
                            INNER JOIN SYS_LOOKUP_CODE AS C ON A.ROOM_TYPE=C.CODE_NO AND C.TABLE_NAME='BAS_ROOM_INFO'
                             AND C.COLUMN_NAME='ROOM_TYPE'  ORDER BY ROOM_NO
2010-04-30 09-19-24:SELECT A.STAY_ID,A.STAY_NO, A.ROOM_ID, A.MAIN_ROOM_ID, A.ROOM_STAY_TYPE,
                      A.START_DATE, A.END_DATE,A.HOURS, A.DEPOSIT, A.ROOM_RATES AS CURRENT_RATE,A.PAID_MONEY, A.PAY_TYPE,A.TOTAL_MONEY, A.STATUS, 
                      A.NOTICE, A.CREATE_DATE, A.CREATE_USERID,F.USER_NAME AS CREATE_USER_NAME,G.USER_NAME AS UPDATE_USER_NAME, A.UPDATE_DATE, 
                      A.UPDATE_USERID, B.CUSTOMER_ID, B.ID_CARD, B.NAME, B.SEX, B.NATION, 
                      B.BIRTHDAY, B.ADDRESS, B.COMPANY, B.PHONE, B.PICTURE, B.TYPE, E.STAY_TYPE,E.HIS_STATUS,E.HIS_ID,
                        E.START_TIME,E.END_TIME,
                      C.ROOM_NO, C.ROOM_TYPE, C.ROOM_RATES AS DEFAULT_RATE, C.ROOM_NOTICE,
                      C.ROOM_PHONE, C.STATUS AS ROOM_STATUS, C.FLOOR_ID,D.FLOOR_NAME
                     FROM CUSTOMER_STAY_INFO AS A INNER JOIN
                      CUSTOMER_STAY_HIS E ON A.STAY_ID =E.STAY_ID AND E.STAY_TYPE='M' AND E.HIS_STATUS='E' INNER JOIN
                      CUSTOMER_INFO AS B ON E.CUSTOMER_ID = B.CUSTOMER_ID  INNER JOIN
                      BAS_ROOM_INFO AS C ON A.ROOM_ID = C.ROOM_ID INNER JOIN
                       SYS_USER_INFO AS F ON A.CREATE_USERID = F.USER_ID INNER JOIN
                    SYS_USER_INFO AS G ON A.UPDATE_USERID = G.USER_ID INNER JOIN
                      BAS_FLOOR_INFO AS D ON C.FLOOR_ID = D.FLOOR_ID WHERE 1=1 AND A.ROOM_ID=22 AND A.STATUS='I'
2010-04-30 09-19-24:SELECT CONSUME_ID,A.STAY_ID, A.GOODS_ID, A.CREATE_DATE, A.CREATE_USERID, A.UPDATE_DATE, 
                              A.UPDATE_USERID, A.UNIT_PRICE, A.NUMBER, A.TOTAL,
                              B.GOODS_NAME, B.GOODS_UNIT, B.PRICE , B.TYPE, B.STATUS, 
                              D.ROOM_NO,E.USER_NAME
                        FROM CONSUME_DETAIL AS A INNER JOIN
                              CUSTOMER_STAY_INFO AS C ON A.STAY_ID = C.STAY_ID INNER JOIN
                              BAS_GOODS_INFO AS B ON A.GOODS_ID = B.GOODS_ID
                              INNER JOIN
                              BAS_ROOM_INFO AS D ON C.ROOM_ID = D.ROOM_ID
                              INNER JOIN
                              SYS_USER_INFO AS E ON A.CREATE_USERID = E.USER_ID WHERE 1=1 AND A.STAY_ID=593 ORDER BY A.CREATE_DATE
2010-04-30 09-19-24:SELECT CONVERT(varchar(100), GETDATE(), 20)
2010-04-30 09-19-24:SELECT CONVERT(varchar(100), GETDATE(), 20)
2010-04-30 09-19-24:SELECT CONVERT(varchar(100), GETDATE(), 20)
2010-04-30 09-19-24:SELECT A.ID,A.STAY_RATE,A.DAYS FROM STAY_RATE A WHERE 1=1  AND A.DAYS='2010-04-30 00:00:00'
2010-04-30 09-19-24:UPDATE STAY_RATE SET STAY_RATE=48 WHERE ID=-1
2010-04-30 09-19-24:SELECT CONVERT(varchar(100), GETDATE(), 20)
2010-04-30 09-19-24:SELECT A.ID,A.STAY_RATE,A.DAYS FROM STAY_RATE A WHERE 1=1  AND A.DAYS='2010-04-30 00:00:00'
2010-04-30 09-19-24:UPDATE STAY_RATE SET STAY_RATE=48 WHERE ID=-1
2010-04-30 09-19-26:SELECT CONVERT(varchar(100), GETDATE(), 20)
2010-04-30 09-19-26:SELECT A.ID,A.STAY_RATE,A.DAYS FROM STAY_RATE A WHERE 1=1  AND A.DAYS='2010-04-30 00:00:00'
2010-04-30 09-19-26:UPDATE STAY_RATE SET STAY_RATE=48 WHERE ID=-1
2010-04-30 09-19-26:SELECT A.ID,A.STAY_RATE,A.DAYS FROM STAY_RATE A WHERE 1=1  AND A.DAYS BETWEEN '2010-04-30 00:00:00' AND '2010-04-30 00:00:00'
2010-04-30 09-19-28:SELECT CONVERT(varchar(100), GETDATE(), 20)
2010-04-30 09-19-28:SELECT A.ID,A.STAY_RATE,A.DAYS FROM STAY_RATE A WHERE 1=1  AND A.DAYS='2010-04-30 00:00:00'
2010-04-30 09-19-28:UPDATE STAY_RATE SET STAY_RATE=48 WHERE ID=-1
2010-04-30 09-19-28:SELECT A.ID,A.STAY_RATE,A.DAYS FROM STAY_RATE A WHERE 1=1  AND A.DAYS BETWEEN '2010-04-30 00:00:00' AND '2010-04-30 00:00:00'
2010-04-30 09-19-30:SELECT CONVERT(varchar(100), GETDATE(), 20)
2010-04-30 09-19-30:SELECT A.ID,A.STAY_RATE,A.DAYS FROM STAY_RATE A WHERE 1=1  AND A.DAYS='2010-04-30 00:00:00'
2010-04-30 09-19-30:UPDATE STAY_RATE SET STAY_RATE=48 WHERE ID=-1
2010-04-30 09-19-31:SELECT A.ID,A.STAY_RATE,A.DAYS FROM STAY_RATE A WHERE 1=1  AND A.DAYS BETWEEN '2010-04-30 00:00:00' AND '2010-04-30 00:00:00'
2010-04-30 09-19-32:SELECT CONVERT(varchar(100), GETDATE(), 20)
2010-04-30 09-19-32:SELECT A.ID,A.STAY_RATE,A.DAYS FROM STAY_RATE A WHERE 1=1  AND A.DAYS='2010-04-30 00:00:00'
2010-04-30 09-19-32:UPDATE STAY_RATE SET STAY_RATE=48 WHERE ID=-1
2010-04-30 09-19-33:SELECT CONVERT(varchar(100), GETDATE(), 20)
2010-04-30 09-19-33:SELECT A.ID,A.STAY_RATE,A.DAYS FROM STAY_RATE A WHERE 1=1  AND A.DAYS='2010-04-30 00:00:00'
2010-04-30 09-19-33:UPDATE STAY_RATE SET STAY_RATE=48 WHERE ID=-1
2010-04-30 09-19-35:SELECT CONVERT(varchar(100), GETDATE(), 20)
2010-04-30 09-19-35:SELECT A.ID,A.STAY_RATE,A.DAYS FROM STAY_RATE A WHERE 1=1  AND A.DAYS='2010-04-30 00:00:00'
2010-04-30 09-19-35:UPDATE STAY_RATE SET STAY_RATE=48 WHERE ID=-1
2010-04-30 09-19-37:SELECT CONVERT(varchar(100), GETDATE(), 20)
2010-04-30 09-19-37:SELECT A.ID,A.STAY_RATE,A.DAYS FROM STAY_RATE A WHERE 1=1  AND A.DAYS='2010-04-30 00:00:00'
2010-04-30 09-19-37:UPDATE STAY_RATE SET STAY_RATE=48 WHERE ID=-1
2010-04-30 09-19-39:SELECT CONVERT(varchar(100), GETDATE(), 20)
2010-04-30 09-19-39:SELECT A.ID,A.STAY_RATE,A.DAYS FROM STAY_RATE A WHERE 1=1  AND A.DAYS='2010-04-30 00:00:00'
2010-04-30 09-19-39:UPDATE STAY_RATE SET STAY_RATE=48 WHERE ID=-1
2010-04-30 09-19-39:SELECT A.ID,A.STAY_RATE,A.DAYS FROM STAY_RATE A WHERE 1=1  AND A.DAYS BETWEEN '2010-04-30 00:00:00' AND '2010-04-30 00:00:00'
2010-04-30 09-19-41:SELECT CONVERT(varchar(100), GETDATE(), 20)
2010-04-30 09-19-41:SELECT A.ID,A.STAY_RATE,A.DAYS FROM STAY_RATE A WHERE 1=1  AND A.DAYS='2010-04-30 00:00:00'
2010-04-30 09-19-41:UPDATE STAY_RATE SET STAY_RATE=48 WHERE ID=-1
2010-04-30 09-19-43:SELECT CONVERT(varchar(100), GETDATE(), 20)
2010-04-30 09-19-43:SELECT A.ID,A.STAY_RATE,A.DAYS FROM STAY_RATE A WHERE 1=1  AND A.DAYS='2010-04-30 00:00:00'
2010-04-30 09-19-43:UPDATE STAY_RATE SET STAY_RATE=48 WHERE ID=-1
2010-04-30 09-19-44:SELECT CONVERT(varchar(100), GETDATE(), 20)
2010-04-30 09-19-44:SELECT A.ID,A.STAY_RATE,A.DAYS FROM STAY_RATE A WHERE 1=1  AND A.DAYS='2010-04-30 00:00:00'
2010-04-30 09-19-44:UPDATE STAY_RATE SET STAY_RATE=48 WHERE ID=-1
2010-04-30 09-19-46:SELECT CONVERT(varchar(100), GETDATE(), 20)
2010-04-30 09-19-46:SELECT A.ID,A.STAY_RATE,A.DAYS FROM STAY_RATE A WHERE 1=1  AND A.DAYS='2010-04-30 00:00:00'
2010-04-30 09-19-46:UPDATE STAY_RATE SET STAY_RATE=48 WHERE ID=-1
2010-04-30 09-19-48:SELECT CONVERT(varchar(100), GETDATE(), 20)
2010-04-30 09-19-48:SELECT A.ID,A.STAY_RATE,A.DAYS FROM STAY_RATE A WHERE 1=1  AND A.DAYS='2010-04-30 00:00:00'
2010-04-30 09-19-48:UPDATE STAY_RATE SET STAY_RATE=48 WHERE ID=-1
2010-04-30 09-19-50:SELECT CONVERT(varchar(100), GETDATE(), 20)
2010-04-30 09-19-50:SELECT A.ID,A.STAY_RATE,A.DAYS FROM STAY_RATE A WHERE 1=1  AND A.DAYS='2010-04-30 00:00:00'
2010-04-30 09-19-50:UPDATE STAY_RATE SET STAY_RATE=48 WHERE ID=-1
2010-04-30 09-19-52:SELECT CONVERT(varchar(100), GETDATE(), 20)
2010-04-30 09-19-52:SELECT A.ID,A.STAY_RATE,A.DAYS FROM STAY_RATE A WHERE 1=1  AND A.DAYS='2010-04-30 00:00:00'
2010-04-30 09-19-52:UPDATE STAY_RATE SET STAY_RATE=48 WHERE ID=-1
